2024-05-25 20:25:56,295 [INFO] Activator:176 - 


2024-05-25 20:25:56,298 [INFO] Activator:177 - !SESSION log4j initialized
2024-05-25 20:26:00,320 [INFO] LogOutputStream:77 - [STDOUT_REDIRECT] 
2024-05-25 20:26:01,384 [INFO] ApplicationProperties:184 - Using Application install path: C:\ST\STM32CubeIDE_1.15.0\STM32CubeIDE\plugins\com.st.stm32cube.common.mx_6.11.0.202403141607
2024-05-25 20:26:01,397 [INFO] DbMcusXml:78 - Set database path to: C:\ST\STM32CubeIDE_1.15.0\STM32CubeIDE\plugins\com.st.stm32cube.common.mx_6.11.0.202403141607\\db\/mcu/
2024-05-25 20:26:01,397 [INFO] ApiDb:274 - Set plugin database path to: C:\ST\STM32CubeIDE_1.15.0\STM32CubeIDE\plugins\com.st.stm32cube.common.mx_6.11.0.202403141607\\db\/plugins/boardmanager/
2024-05-25 20:26:01,397 [WARN] ApiDb:259 - Overriding images path with different value:  => C:\ST\STM32CubeIDE_1.15.0\STM32CubeIDE\plugins\com.st.stm32cube.common.mx_6.11.0.202403141607\\db\/plugins/mcufinder/images/
2024-05-25 20:26:01,403 [INFO] ApiDb:250 - Set database path to: C:\Users\alexl\.stmcufinder\plugins\mcufinder//mcu/
2024-05-25 20:26:01,403 [INFO] DbMcusAds:125 - Set database path to: C:\Users\alexl\.stmcufinder\plugins\mcufinder//mcu/
2024-05-25 20:26:01,404 [INFO] CrossReferenceDbSqlite:203 - Set database path to: C:\Users\alexl\.stmcufinder\plugins\mcufinder//mcu/cs/
2024-05-25 20:26:01,484 [INFO] RulesReader:64 - Compatibility file has been processed (297 Rules)
2024-05-25 20:26:01,539 [INFO] DbMcusXml:78 - Set database path to: C:\ST\STM32CubeIDE_1.15.0\STM32CubeIDE\plugins\com.st.stm32cube.common.mx_6.11.0.202403141607\\db\/mcu/
2024-05-25 20:26:01,539 [INFO] ApiDb:274 - Set plugin database path to: C:\ST\STM32CubeIDE_1.15.0\STM32CubeIDE\plugins\com.st.stm32cube.common.mx_6.11.0.202403141607\\db\/plugins/boardmanager/
2024-05-25 20:26:01,539 [INFO] ApiDb:261 - Set plugin images path to: C:\ST\STM32CubeIDE_1.15.0\STM32CubeIDE\plugins\com.st.stm32cube.common.mx_6.11.0.202403141607\\db\/plugins/mcufinder/images/
2024-05-25 20:26:01,539 [WARN] DbFile:41 - Overriding database path with different value: C:\Users\alexl\.stmcufinder\plugins\mcufinder/ => C:\Users\alexl\.stmcufinder\plugins\mcufinder
2024-05-25 20:26:01,539 [INFO] ApiDb:250 - Set database path to: C:\Users\alexl\.stmcufinder\plugins\mcufinder//mcu/
2024-05-25 20:26:01,539 [WARN] DbFile:41 - Overriding database path with different value: C:\Users\alexl\.stmcufinder\plugins\mcufinder/ => C:\Users\alexl\.stmcufinder\plugins\mcufinder
2024-05-25 20:26:01,539 [INFO] DbMcusAds:125 - Set database path to: C:\Users\alexl\.stmcufinder\plugins\mcufinder//mcu/
2024-05-25 20:26:01,539 [WARN] DbFile:41 - Overriding database path with different value: C:\Users\alexl\.stmcufinder\plugins\mcufinder/ => C:\Users\alexl\.stmcufinder\plugins\mcufinder
2024-05-25 20:26:01,539 [WARN] DbFile:41 - Overriding database path with different value: C:\Users\alexl\.stmcufinder\plugins\mcufinder/ => C:\Users\alexl\.stmcufinder\plugins\mcufinder
2024-05-25 20:26:01,539 [INFO] CrossReferenceDbSqlite:203 - Set database path to: C:\Users\alexl\.stmcufinder\plugins\mcufinder//mcu/cs/
2024-05-25 20:26:01,592 [INFO] MainPanel:264 - HeapMemory: 268435456
2024-05-25 20:26:01,656 [INFO] DbMcusXml:78 - Set database path to: C:\ST\STM32CubeIDE_1.15.0\STM32CubeIDE\plugins\com.st.stm32cube.common.mx_6.11.0.202403141607\\db\/mcu/
2024-05-25 20:26:01,656 [INFO] ApiDb:274 - Set plugin database path to: C:\ST\STM32CubeIDE_1.15.0\STM32CubeIDE\plugins\com.st.stm32cube.common.mx_6.11.0.202403141607\\db\/plugins/boardmanager/
2024-05-25 20:26:01,656 [INFO] ApiDb:261 - Set plugin images path to: C:\ST\STM32CubeIDE_1.15.0\STM32CubeIDE\plugins\com.st.stm32cube.common.mx_6.11.0.202403141607\\db\/plugins/mcufinder/images/
2024-05-25 20:26:01,656 [WARN] DbFile:41 - Overriding database path with different value: C:\Users\alexl\.stmcufinder\plugins\mcufinder/ => C:\Users\alexl\.stmcufinder\plugins\mcufinder
2024-05-25 20:26:01,656 [INFO] ApiDb:250 - Set database path to: C:\Users\alexl\.stmcufinder\plugins\mcufinder//mcu/
2024-05-25 20:26:01,656 [WARN] DbFile:41 - Overriding database path with different value: C:\Users\alexl\.stmcufinder\plugins\mcufinder/ => C:\Users\alexl\.stmcufinder\plugins\mcufinder
2024-05-25 20:26:01,657 [INFO] DbMcusAds:125 - Set database path to: C:\Users\alexl\.stmcufinder\plugins\mcufinder//mcu/
2024-05-25 20:26:01,657 [WARN] DbFile:41 - Overriding database path with different value: C:\Users\alexl\.stmcufinder\plugins\mcufinder/ => C:\Users\alexl\.stmcufinder\plugins\mcufinder
2024-05-25 20:26:01,657 [WARN] DbFile:41 - Overriding database path with different value: C:\Users\alexl\.stmcufinder\plugins\mcufinder/ => C:\Users\alexl\.stmcufinder\plugins\mcufinder
2024-05-25 20:26:01,657 [INFO] CrossReferenceDbSqlite:203 - Set database path to: C:\Users\alexl\.stmcufinder\plugins\mcufinder//mcu/cs/
2024-05-25 20:26:01,669 [INFO] ApplicationProperties:184 - Using Application install path: C:\ST\STM32CubeIDE_1.15.0\STM32CubeIDE\plugins\com.st.stm32cube.common.mx_6.11.0.202403141607
2024-05-25 20:26:01,670 [INFO] PluginManage:196 - Search for loadable plugins [exclusion list=, ]
2024-05-25 20:26:01,671 [INFO] PluginManage:310 - Check plugin analytics
2024-05-25 20:26:01,769 [INFO] AnalyticsPlugin:253 - Accepted Software Licenses: 
2024-05-25 20:26:01,769 [INFO] AnalyticsPlugin:255 - Accepted CMSIS Pack Licenses: 
2024-05-25 20:26:01,769 [INFO] AnalyticsPlugin:257 - Accepted Firmware Licenses: FW.F4.1.28.0
2024-05-25 20:26:01,771 [INFO] PluginManage:359 - Loaded plugin analytics (category:tool,tabindex:-1)
2024-05-25 20:26:01,771 [INFO] PluginManage:310 - Check plugin cadmodel
2024-05-25 20:26:01,780 [INFO] CADModel:105 - Init CAD model plugin
2024-05-25 20:26:01,781 [INFO] PluginManage:359 - Loaded plugin cadmodel (category:power,tabindex:5)
2024-05-25 20:26:01,781 [INFO] PluginManage:310 - Check plugin clock
2024-05-25 20:26:01,793 [INFO] PluginManage:359 - Loaded plugin clock (category:base,tabindex:2)
2024-05-25 20:26:01,794 [INFO] PluginManage:310 - Check plugin ddr
2024-05-25 20:26:01,795 [INFO] PluginManage:359 - Loaded plugin ddr (category:tool,tabindex:6)
2024-05-25 20:26:01,795 [INFO] PluginManage:310 - Check plugin filemanager
2024-05-25 20:26:01,893 [INFO] PluginManage:359 - Loaded plugin filemanager (category:base,tabindex:10)
2024-05-25 20:26:01,893 [INFO] PluginManage:310 - Check plugin ipmanager
2024-05-25 20:26:01,899 [INFO] PluginManage:359 - Loaded plugin ipmanager (category:base,tabindex:5)
2024-05-25 20:26:01,899 [INFO] PluginManage:310 - Check plugin lpbam
2024-05-25 20:26:01,911 [INFO] PluginManage:359 - Loaded plugin lpbam (category:base,tabindex:0)
2024-05-25 20:26:01,911 [INFO] PluginManage:310 - Check plugin memorymap
2024-05-25 20:26:01,925 [INFO] PluginManage:359 - Loaded plugin memorymap (category:base,tabindex:4)
2024-05-25 20:26:01,926 [INFO] PluginManage:310 - Check plugin pinoutandconfiguration
2024-05-25 20:26:01,936 [INFO] PluginManage:359 - Loaded plugin pinoutandconfiguration (category:base,tabindex:1)
2024-05-25 20:26:01,936 [INFO] PluginManage:310 - Check plugin pinoutconfig
2024-05-25 20:26:01,997 [WARN] SupportedApi:132 - Cannot load RTOS API schema: s4s-elt-must-match.1: The content of 'definitions' must match (annotation?, (simpleType | complexType)?, (unique | key | keyref)*)). A problem was found starting at: attribute.
2024-05-25 20:26:02,075 [INFO] PluginManage:359 - Loaded plugin pinoutconfig (category:base,tabindex:0)
2024-05-25 20:26:02,075 [INFO] PluginManage:310 - Check plugin power
2024-05-25 20:26:02,088 [INFO] PluginManage:359 - Loaded plugin power (category:power,tabindex:4)
2024-05-25 20:26:02,088 [INFO] PluginManage:310 - Check plugin projectmanager
2024-05-25 20:26:02,098 [INFO] PluginManage:359 - Loaded plugin projectmanager (category:projectmanager,tabindex:3)
2024-05-25 20:26:02,098 [INFO] PluginManage:310 - Check plugin thirdparty
2024-05-25 20:26:02,256 [INFO] PluginManage:359 - Loaded plugin thirdparty (category:base,tabindex:-1)
2024-05-25 20:26:02,256 [INFO] PluginManage:310 - Check plugin tools
2024-05-25 20:26:02,256 [WARN] IntegrityCheckThread:84 - waiting for thirdparty lock release [integrity check]
2024-05-25 20:26:02,256 [INFO] IntegrityCheckThread:86 - entering critical section [integrity check]
2024-05-25 20:26:02,256 [INFO] ThirdPartyUpdaterWithRetryManager:70 - Updater plugin not ready yet. [1/15]
2024-05-25 20:26:02,277 [INFO] PluginManage:359 - Loaded plugin tools (category:base,tabindex:7)
2024-05-25 20:26:02,277 [INFO] PluginManage:310 - Check plugin tutovideos
2024-05-25 20:26:02,401 [INFO] PluginManage:359 - Loaded plugin tutovideos (category:base,tabindex:-1)
2024-05-25 20:26:02,401 [INFO] PluginManage:310 - Check plugin updater
2024-05-25 20:26:02,407 [INFO] PluginManage:359 - Loaded plugin updater (category:base,tabindex:12)
2024-05-25 20:26:02,407 [INFO] PluginManage:310 - Check plugin userauth
2024-05-25 20:26:02,411 [INFO] UserAuth:114 - Init User Auth plugin
2024-05-25 20:26:02,411 [INFO] PluginManage:359 - Loaded plugin userauth (category:base,tabindex:14)
2024-05-25 20:26:02,411 [INFO] PluginManage:283 - PluginManage : Loaded plugins [17]
2024-05-25 20:26:02,552 [INFO] PinOutPanel:1561 - setPackage(No Configuration,No Configuration)
2024-05-25 20:26:02,599 [INFO] CADModel:165 - CPN selected for project level
2024-05-25 20:26:02,599 [INFO] CADModel:114 - Register for checkConnection events
2024-05-25 20:26:02,617 [INFO] IPUIPlugin:80 - create IPUIPlugin
2024-05-25 20:26:02,617 [INFO] PluginManager:220 - loadIPPluginJar : add adc
2024-05-25 20:26:02,639 [INFO] IPUIPlugin:80 - create IPUIPlugin
2024-05-25 20:26:02,639 [INFO] PluginManager:220 - loadIPPluginJar : add aes
2024-05-25 20:26:02,663 [INFO] IPUIPlugin:80 - create IPUIPlugin
2024-05-25 20:26:02,663 [INFO] PluginManager:220 - loadIPPluginJar : add can
2024-05-25 20:26:02,675 [INFO] IPUIPlugin:80 - create IPUIPlugin
2024-05-25 20:26:02,676 [INFO] PluginManager:220 - loadIPPluginJar : add comp
2024-05-25 20:26:02,694 [INFO] IPUIPlugin:80 - create IPUIPlugin
2024-05-25 20:26:02,694 [INFO] PluginManager:220 - loadIPPluginJar : add cryp
2024-05-25 20:26:02,710 [INFO] IPUIPlugin:80 - create IPUIPlugin
2024-05-25 20:26:02,710 [INFO] PluginManager:220 - loadIPPluginJar : add dfsdm
2024-05-25 20:26:02,718 [INFO] IPUIPlugin:80 - create IPUIPlugin
2024-05-25 20:26:02,718 [INFO] PluginManager:220 - loadIPPluginJar : add dma
2024-05-25 20:26:02,744 [INFO] IPUIPlugin:80 - create IPUIPlugin
2024-05-25 20:26:02,744 [INFO] PluginManager:220 - loadIPPluginJar : add dma3
2024-05-25 20:26:02,770 [INFO] IPUIPlugin:80 - create IPUIPlugin
2024-05-25 20:26:02,770 [INFO] PluginManager:220 - loadIPPluginJar : add extmemmanager
2024-05-25 20:26:02,781 [INFO] IPUIPlugin:80 - create IPUIPlugin
2024-05-25 20:26:02,781 [INFO] PluginManager:220 - loadIPPluginJar : add fatfs
2024-05-25 20:26:02,808 [INFO] IPUIPlugin:80 - create IPUIPlugin
2024-05-25 20:26:02,808 [INFO] PluginManager:220 - loadIPPluginJar : add fmc
2024-05-25 20:26:02,817 [INFO] IPUIPlugin:80 - create IPUIPlugin
2024-05-25 20:26:02,817 [INFO] PluginManager:220 - loadIPPluginJar : add freertos
2024-05-25 20:26:02,828 [INFO] IPUIPlugin:80 - create IPUIPlugin
2024-05-25 20:26:02,828 [INFO] PluginManager:220 - loadIPPluginJar : add genericplugin
2024-05-25 20:26:02,881 [INFO] IPUIPlugin:80 - create IPUIPlugin
2024-05-25 20:26:02,881 [INFO] PluginManager:220 - loadIPPluginJar : add gfxmmu
2024-05-25 20:26:02,956 [INFO] IPUIPlugin:80 - create IPUIPlugin
2024-05-25 20:26:02,956 [INFO] PluginManager:220 - loadIPPluginJar : add gic
2024-05-25 20:26:02,964 [INFO] IPUIPlugin:80 - create IPUIPlugin
2024-05-25 20:26:02,964 [INFO] PluginManager:220 - loadIPPluginJar : add gpio
2024-05-25 20:26:03,017 [INFO] IPUIPlugin:80 - create IPUIPlugin
2024-05-25 20:26:03,018 [INFO] PluginManager:220 - loadIPPluginJar : add gtzc
2024-05-25 20:26:03,036 [INFO] IPUIPlugin:80 - create IPUIPlugin
2024-05-25 20:26:03,036 [INFO] PluginManager:220 - loadIPPluginJar : add hash
2024-05-25 20:26:03,067 [INFO] IPUIPlugin:80 - create IPUIPlugin
2024-05-25 20:26:03,067 [INFO] PluginManager:220 - loadIPPluginJar : add i2c
2024-05-25 20:26:03,089 [INFO] IPUIPlugin:80 - create IPUIPlugin
2024-05-25 20:26:03,089 [INFO] PluginManager:220 - loadIPPluginJar : add i2s
2024-05-25 20:26:03,113 [INFO] IPUIPlugin:80 - create IPUIPlugin
2024-05-25 20:26:03,113 [INFO] PluginManager:220 - loadIPPluginJar : add i3c
2024-05-25 20:26:03,175 [INFO] IPUIPlugin:80 - create IPUIPlugin
2024-05-25 20:26:03,177 [INFO] PluginManager:220 - loadIPPluginJar : add ipddr
2024-05-25 20:26:03,230 [INFO] IPUIPlugin:80 - create IPUIPlugin
2024-05-25 20:26:03,230 [INFO] PluginManager:220 - loadIPPluginJar : add linkedlist
2024-05-25 20:26:03,249 [INFO] IPUIPlugin:80 - create IPUIPlugin
2024-05-25 20:26:03,249 [INFO] PluginManager:220 - loadIPPluginJar : add lorawan
2024-05-25 20:26:03,270 [INFO] IPUIPlugin:80 - create IPUIPlugin
2024-05-25 20:26:03,270 [INFO] PluginManager:220 - loadIPPluginJar : add ltdc
2024-05-25 20:26:03,280 [INFO] IPUIPlugin:80 - create IPUIPlugin
2024-05-25 20:26:03,280 [INFO] PluginManager:220 - loadIPPluginJar : add mdma
2024-05-25 20:26:03,286 [INFO] IPUIPlugin:80 - create IPUIPlugin
2024-05-25 20:26:03,286 [INFO] PluginManager:220 - loadIPPluginJar : add nvic
2024-05-25 20:26:03,308 [INFO] IPUIPlugin:80 - create IPUIPlugin
2024-05-25 20:26:03,308 [INFO] PluginManager:220 - loadIPPluginJar : add opamp
2024-05-25 20:26:03,344 [INFO] IPUIPlugin:80 - create IPUIPlugin
2024-05-25 20:26:03,344 [INFO] PluginManager:220 - loadIPPluginJar : add openamp
2024-05-25 20:26:03,371 [INFO] IPUIPlugin:80 - create IPUIPlugin
2024-05-25 20:26:03,371 [INFO] PluginManager:220 - loadIPPluginJar : add pdm2pcm
2024-05-25 20:26:03,388 [INFO] IPUIPlugin:80 - create IPUIPlugin
2024-05-25 20:26:03,389 [INFO] PluginManager:220 - loadIPPluginJar : add plateformsettings
2024-05-25 20:26:03,405 [INFO] IPUIPlugin:80 - create IPUIPlugin
2024-05-25 20:26:03,405 [INFO] PluginManager:220 - loadIPPluginJar : add quadspi
2024-05-25 20:26:03,414 [INFO] IPUIPlugin:80 - create IPUIPlugin
2024-05-25 20:26:03,414 [INFO] PluginManager:220 - loadIPPluginJar : add resmgrutility
2024-05-25 20:26:03,444 [INFO] IPUIPlugin:80 - create IPUIPlugin
2024-05-25 20:26:03,444 [INFO] PluginManager:220 - loadIPPluginJar : add sai
2024-05-25 20:26:03,464 [INFO] IPUIPlugin:80 - create IPUIPlugin
2024-05-25 20:26:03,464 [INFO] PluginManager:220 - loadIPPluginJar : add spi
2024-05-25 20:26:03,508 [INFO] IPUIPlugin:80 - create IPUIPlugin
2024-05-25 20:26:03,508 [INFO] PluginManager:220 - loadIPPluginJar : add stm32_wpan
2024-05-25 20:26:03,523 [INFO] IPUIPlugin:80 - create IPUIPlugin
2024-05-25 20:26:03,523 [INFO] PluginManager:220 - loadIPPluginJar : add tim
2024-05-25 20:26:03,559 [INFO] IPUIPlugin:80 - create IPUIPlugin
2024-05-25 20:26:03,559 [INFO] PluginManager:220 - loadIPPluginJar : add touchsensing
2024-05-25 20:26:03,571 [INFO] IPUIPlugin:80 - create IPUIPlugin
2024-05-25 20:26:03,571 [INFO] PluginManager:220 - loadIPPluginJar : add tracer_emb
2024-05-25 20:26:03,584 [INFO] IPUIPlugin:80 - create IPUIPlugin
2024-05-25 20:26:03,584 [INFO] PluginManager:220 - loadIPPluginJar : add ts
2024-05-25 20:26:03,596 [INFO] IPUIPlugin:80 - create IPUIPlugin
2024-05-25 20:26:03,596 [INFO] PluginManager:220 - loadIPPluginJar : add tsc
2024-05-25 20:26:03,607 [INFO] IPUIPlugin:80 - create IPUIPlugin
2024-05-25 20:26:03,607 [INFO] PluginManager:220 - loadIPPluginJar : add ucpd
2024-05-25 20:26:03,633 [INFO] IPUIPlugin:80 - create IPUIPlugin
2024-05-25 20:26:03,633 [INFO] PluginManager:220 - loadIPPluginJar : add usart
2024-05-25 20:26:03,658 [INFO] IPUIPlugin:80 - create IPUIPlugin
2024-05-25 20:26:03,658 [INFO] PluginManager:220 - loadIPPluginJar : add usbx
2024-05-25 20:26:03,768 [INFO] CADModel:165 - CPN selected for project level
2024-05-25 20:26:03,768 [INFO] CADModel:114 - Register for checkConnection events
2024-05-25 20:26:03,768 [FATAL] Updater:308 - Updater called before beeing initialized
2024-05-25 20:26:03,768 [ERROR] CADModel:125 - Updater not yet initialized, retry later 
2024-05-25 20:26:03,858 [INFO] CADModel:165 - CPN selected for project level
2024-05-25 20:26:03,858 [INFO] CADModel:114 - Register for checkConnection events
2024-05-25 20:26:03,858 [FATAL] Updater:308 - Updater called before beeing initialized
2024-05-25 20:26:03,858 [ERROR] CADModel:125 - Updater not yet initialized, retry later 
2024-05-25 20:26:03,860 [FATAL] Updater:308 - Updater called before beeing initialized
2024-05-25 20:26:03,923 [FATAL] Updater:308 - Updater called before beeing initialized
2024-05-25 20:26:03,930 [INFO] DbMcusAds:53 - JSON generation date=Wed Nov 29 12:52:27 EET 2023 (1701255147349)
2024-05-25 20:26:03,931 [FATAL] Updater:308 - Updater called before beeing initialized
2024-05-25 20:26:03,956 [WARN] DetailPanel:346 - Failed to get advertising image, set to default
2024-05-25 20:26:04,028 [FATAL] Updater:308 - Updater called before beeing initialized
2024-05-25 20:26:04,030 [FATAL] Updater:308 - Updater called before beeing initialized
2024-05-25 20:26:04,031 [FATAL] Updater:308 - Updater called before beeing initialized
2024-05-25 20:26:04,031 [WARN] DetailPanel:346 - Failed to get advertising image, set to default
2024-05-25 20:26:04,031 [FATAL] Updater:308 - Updater called before beeing initialized
2024-05-25 20:26:04,089 [ERROR] Updater:1120 - MainUpdater not yet initialized. External WinMGr cannot be set.
2024-05-25 20:26:04,096 [INFO] Updater:1056 - Updater Version found : 6.11.0
2024-05-25 20:26:04,109 [INFO] ApplicationProperties:184 - Using Application install path: C:\ST\STM32CubeIDE_1.15.0\STM32CubeIDE\plugins\com.st.stm32cube.common.mx_6.11.0.202403141607
2024-05-25 20:26:05,259 [INFO] ThirdPartyUpdaterWithRetryManager:70 - Updater plugin not ready yet. [2/15]
2024-05-25 20:26:05,678 [ERROR] LogOutputStream:75 - [STDERR_REDIRECT] May 25, 2024 8:26:05 PM java.util.prefs.WindowsPreferences <init>
2024-05-25 20:26:05,678 [ERROR] LogOutputStream:75 - [STDERR_REDIRECT] WARNING: Could not open/create prefs root node Software\JavaSoft\Prefs at root 0xffffffff80000002. Windows RegCreateKeyEx(...) returned error code 5.
2024-05-25 20:26:05,679 [ERROR] LogOutputStream:75 - [STDERR_REDIRECT] 
2024-05-25 20:26:05,853 [INFO] MainUpdater:2873 - connection check result : 10
2024-05-25 20:26:05,854 [INFO] MainUpdater:290 - Updater Check For Update Now.
2024-05-25 20:26:05,854 [INFO] MicroXplorer:498 - Change Database Version : DB.6.0.110
2024-05-25 20:26:05,864 [INFO] McuFinderGlobals:63 - Set McuFinder mode to 2 (CubeIDE integrated)
2024-05-25 20:26:05,864 [INFO] UserAuth:179 - activating auth plugin
2024-05-25 20:26:05,866 [INFO] UserAuth:415 - Internet connection configuration mode: 1
2024-05-25 20:26:05,880 [INFO] JxBrowserEngine:152 - Initiate JxBrowser Engine with user profile folder
2024-05-25 20:26:06,017 [INFO] CheckServerUpdateThread:120 - End of CheckServer Thread
2024-05-25 20:26:08,368 [WARN] PackLoader:240 - Cannot read IP mode file for STMicroelectronics.FP-SNS-MOTENVWB1.1.4.0
2024-05-25 20:26:08,378 [WARN] PackLoader:240 - Cannot read IP mode file for STMicroelectronics.X-CUBE-SMBUS.2.1.0
2024-05-25 20:26:08,385 [WARN] PackLoader:240 - Cannot read IP mode file for STMicroelectronics.X-CUBE-TOUCHGFX.4.23.2
2024-05-25 20:26:08,411 [WARN] PackLoader:240 - Cannot read IP mode file for STMicroelectronics.X-CUBE-AZRTOS-F7.1.1.0
2024-05-25 20:26:08,421 [WARN] PackLoader:240 - Cannot read IP mode file for STMicroelectronics.FP-SNS-FLIGHT1.5.0.2
2024-05-25 20:26:08,432 [WARN] PackLoader:240 - Cannot read IP mode file for STMicroelectronics.X-CUBE-DISPLAY.3.0.0
2024-05-25 20:26:08,445 [WARN] PackLoader:240 - Cannot read IP mode file for STMicroelectronics.X-CUBE-BLE1.7.0.0
2024-05-25 20:26:08,453 [WARN] PackLoader:240 - Cannot read IP mode file for emotas.I-CUBE-CANOPEN.1.3.0
2024-05-25 20:26:08,464 [WARN] PackLoader:240 - Cannot read IP mode file for STMicroelectronics.X-CUBE-BLEMGR.3.1.0
2024-05-25 20:26:08,473 [WARN] PackLoader:240 - Cannot read IP mode file for STMicroelectronics.FP-SNS-SMARTAG2.1.2.0
2024-05-25 20:26:08,486 [INFO] LogOutputStream:77 - [STDOUT_REDIRECT] 1 : Invalid condition id : UX_CORESTACK_Condition cause : null
2024-05-25 20:26:08,486 [INFO] LogOutputStream:77 - [STDOUT_REDIRECT] 1 : Invalid condition id : UX_CORESTACK_Condition cause : null
2024-05-25 20:26:08,486 [INFO] LogOutputStream:77 - [STDOUT_REDIRECT] 1 : Invalid condition id : UX_CORESTACK_Condition cause : null
2024-05-25 20:26:08,487 [INFO] LogOutputStream:77 - [STDOUT_REDIRECT] 1 : Invalid condition id : UX_CORESTACK_Condition cause : null
2024-05-25 20:26:08,488 [INFO] LogOutputStream:77 - [STDOUT_REDIRECT] 1 : Invalid condition id : UX_CORESTACK_Condition cause : null
2024-05-25 20:26:08,489 [WARN] PackLoader:240 - Cannot read IP mode file for STMicroelectronics.X-CUBE-AZRTOS-WL.2.0.0
2024-05-25 20:26:08,498 [WARN] PackLoader:240 - Cannot read IP mode file for STMicroelectronics.FP-SNS-MOTENV1.5.0.0
2024-05-25 20:26:08,508 [WARN] PackLoader:240 - Cannot read IP mode file for WES.I-CUBE-Cesium.1.3.0
2024-05-25 20:26:08,515 [WARN] PackLoader:240 - Cannot read IP mode file for STMicroelectronics.X-CUBE-BLE2.3.3.0
2024-05-25 20:26:08,523 [WARN] PackLoader:240 - Cannot read IP mode file for STMicroelectronics.X-CUBE-TCPP.4.1.0
2024-05-25 20:26:08,531 [WARN] PackLoader:240 - Cannot read IP mode file for STMicroelectronics.X-CUBE-ALGOBUILD.1.3.0
2024-05-25 20:26:08,548 [WARN] PackLoader:240 - Cannot read IP mode file for STMicroelectronics.X-CUBE-AZRTOS-G0.1.1.0
2024-05-25 20:26:08,559 [WARN] PackLoader:240 - Cannot read IP mode file for STMicroelectronics.X-CUBE-SAFEA1.1.2.2
2024-05-25 20:26:08,569 [WARN] PackLoader:240 - Cannot read IP mode file for STMicroelectronics.X-CUBE-NFC4.3.0.0
2024-05-25 20:26:08,577 [WARN] PackLoader:240 - Cannot read IP mode file for wolfSSL.I-CUBE-wolfSSL.5.7.0
2024-05-25 20:26:08,584 [WARN] PackLoader:240 - Cannot read IP mode file for STMicroelectronics.FP-ATR-SIGFOX1.3.2.0
2024-05-25 20:26:08,595 [WARN] PackLoader:240 - Cannot read IP mode file for STMicroelectronics.X-CUBE-EEPRMA1.5.1.0
2024-05-25 20:26:08,606 [WARN] PackLoader:240 - Cannot read IP mode file for ITTIA_DB.I-CUBE-ITTIADB.8.9.0
2024-05-25 20:26:08,632 [WARN] PackLoader:240 - Cannot read IP mode file for SEGGER.I-CUBE-embOS.1.3.1
2024-05-25 20:26:08,656 [WARN] PackLoader:240 - Cannot read IP mode file for STMicroelectronics.X-CUBE-ALGOBUILD.1.4.0
2024-05-25 20:26:08,664 [WARN] PackLoader:240 - Cannot read IP mode file for STMicroelectronics.X-CUBE-GNSS1.6.0.0
2024-05-25 20:26:08,681 [WARN] PackLoader:240 - Cannot read IP mode file for STMicroelectronics.X-CUBE-AZRTOS-F4.1.1.0
2024-05-25 20:26:08,691 [WARN] PackLoader:240 - Cannot read IP mode file for STMicroelectronics.X-CUBE-FREERTOS.1.2.0
2024-05-25 20:26:08,707 [WARN] PackLoader:240 - Cannot read IP mode file for STMicroelectronics.X-CUBE-AZRTOS-L5.2.0.0
2024-05-25 20:26:08,717 [WARN] PackLoader:240 - Cannot read IP mode file for STMicroelectronics.X-CUBE-NFC6.3.1.0
2024-05-25 20:26:08,725 [WARN] PackLoader:240 - Cannot read IP mode file for STMicroelectronics.X-CUBE-AI.9.0.0
2024-05-25 20:26:08,732 [WARN] PackLoader:240 - Cannot read IP mode file for STMicroelectronics.X-CUBE-NFC7.1.0.1
2024-05-25 20:26:08,749 [WARN] ConditionMgr:438 - getConditionDescription Invalid condition id : LAN8742 Phy interface Condition cause : null
2024-05-25 20:26:08,750 [WARN] PackLoader:240 - Cannot read IP mode file for STMicroelectronics.X-CUBE-AZRTOS-L4.2.0.0
2024-05-25 20:26:08,750 [WARN] ConditionMgr:1039 - genDependencies : Invalid condition id : LAN8742 Phy interface Condition cause : null
2024-05-25 20:26:08,750 [WARN] ConditionMgr:1039 - genDependencies : Invalid condition id : LAN8742 Phy interface Condition cause : null
2024-05-25 20:26:08,751 [WARN] ConditionMgr:1039 - genDependencies : Invalid condition id : LAN8742 Phy interface Condition cause : null
2024-05-25 20:26:08,760 [WARN] PackLoader:240 - Cannot read IP mode file for STMicroelectronics.X-CUBE-SFXS2LP1.4.0.0
2024-05-25 20:26:08,774 [WARN] ConditionMgr:438 - getConditionDescription Invalid condition id : UX DEVICE CLASS RTOS Condition cause : null
2024-05-25 20:26:08,774 [WARN] ConditionMgr:438 - getConditionDescription Invalid condition id : UX DEVICE CLASS RTOS Condition cause : null
2024-05-25 20:26:08,775 [WARN] PackLoader:240 - Cannot read IP mode file for STMicroelectronics.X-CUBE-AZRTOS-WB.2.0.0
2024-05-25 20:26:08,776 [WARN] ConditionMgr:1039 - genDependencies : Invalid condition id : UX DEVICE CLASS RTOS Condition cause : null
2024-05-25 20:26:08,776 [WARN] ConditionMgr:1039 - genDependencies : Invalid condition id : UX DEVICE CLASS RTOS Condition cause : null
2024-05-25 20:26:08,776 [WARN] ConditionMgr:1039 - genDependencies : Invalid condition id : UX DEVICE CLASS RTOS Condition cause : null
2024-05-25 20:26:08,776 [WARN] ConditionMgr:1039 - genDependencies : Invalid condition id : UX DEVICE CLASS RTOS Condition cause : null
2024-05-25 20:26:08,776 [WARN] ConditionMgr:1039 - genDependencies : Invalid condition id : UX DEVICE CLASS RTOS Condition cause : null
2024-05-25 20:26:08,787 [WARN] PackLoader:240 - Cannot read IP mode file for STMicroelectronics.X-CUBE-SUBG2.5.0.0
2024-05-25 20:26:08,798 [WARN] PackLoader:240 - Cannot read IP mode file for Cesanta.I-CUBE-Mongoose.7.13.0
2024-05-25 20:26:08,815 [WARN] PackLoader:240 - Cannot read IP mode file for STMicroelectronics.X-CUBE-AZRTOS-G4.2.0.0
2024-05-25 20:26:08,825 [WARN] PackLoader:240 - Cannot read IP mode file for STMicroelectronics.X-CUBE-ISPU.2.0.0
2024-05-25 20:26:08,836 [WARN] PackLoader:240 - Cannot read IP mode file for STMicroelectronics.X-CUBE-ALS.1.0.2
2024-05-25 20:26:08,867 [WARN] PackLoader:240 - Cannot read IP mode file for STMicroelectronics.X-CUBE-MEMS1.10.0.0
2024-05-25 20:26:08,914 [WARN] PackLoader:240 - Cannot read IP mode file for STMicroelectronics.X-CUBE-FREERTOS.1.1.0
2024-05-25 20:26:08,922 [WARN] PackLoader:240 - Cannot read IP mode file for portGmbH.I-Cube-SoM-uGOAL.1.1.0
2024-05-25 20:26:08,929 [WARN] PackLoader:240 - Cannot read IP mode file for STMicroelectronics.X-CUBE-ALS.1.0.1
2024-05-25 20:26:08,948 [WARN] PackLoader:240 - Cannot read IP mode file for STMicroelectronics.X-CUBE-AZRTOS-H7RS.1.0.0
2024-05-25 20:26:08,957 [WARN] PackLoader:240 - Cannot read IP mode file for STMicroelectronics.FP-ATR-ASTRA1.2.0.0
2024-05-25 20:26:08,971 [WARN] PackLoader:240 - Cannot read IP mode file for STMicroelectronics.X-CUBE-TOF1.3.4.1
2024-05-25 20:26:08,995 [WARN] PackLoader:240 - Cannot read IP mode file for STMicroelectronics.X-CUBE-AZRTOS-H7.3.2.0
2024-05-25 20:26:09,014 [WARN] PackLoader:240 - Cannot read IP mode file for Infineon.AIROC-Wi-Fi-Bluetooth-STM32.1.6.0
2024-05-25 20:26:09,017 [INFO] ThirdParty:978 - Integrity check success = true
2024-05-25 20:26:09,017 [INFO] IntegrityCheckThread:100 - exiting critical section [integrity check]
2024-05-25 20:26:09,017 [INFO] IntegrityCheckThread:103 - End integrity checks thread
2024-05-25 20:26:09,605 [INFO] WebApp:161 - Instantiating new browser for Auth
2024-05-25 20:26:09,995 [INFO] WebApp:779 - Register for checkConnection events
2024-05-25 20:26:09,995 [INFO] WebApp:414 - Apply proxy settings
2024-05-25 20:26:09,995 [INFO] WebApp:499 - Chromium requires no authentication
2024-05-25 20:26:10,000 [INFO] WebApp:442 - Direct internet connection detected
2024-05-25 20:26:10,118 [INFO] WebApp:192 - Starting web application
2024-05-25 20:26:10,119 [INFO] WebApp:544 - Web application path used C:\ST\STM32CubeIDE_1.15.0\STM32CubeIDE\plugins\com.st.stm32cube.common.mx_6.11.0.202403141607\db\plugins\mcufinder\reactClient1\index.html
2024-05-25 20:30:18,428 [ERROR] LogOutputStream:75 - [STDERR_REDIRECT] 
2024-05-25 20:30:27,967 [INFO] Activator:176 - 


2024-05-25 20:30:27,969 [INFO] Activator:177 - !SESSION log4j initialized
2024-05-25 20:30:31,806 [INFO] LogOutputStream:77 - [STDOUT_REDIRECT] 
2024-05-25 20:30:32,348 [INFO] ApplicationProperties:184 - Using Application install path: C:\ST\STM32CubeIDE_1.15.0\STM32CubeIDE\plugins\com.st.stm32cube.common.mx_6.11.0.202403141607
2024-05-25 20:30:32,360 [INFO] DbMcusXml:78 - Set database path to: C:\ST\STM32CubeIDE_1.15.0\STM32CubeIDE\plugins\com.st.stm32cube.common.mx_6.11.0.202403141607\\db\/mcu/
2024-05-25 20:30:32,360 [INFO] ApiDb:274 - Set plugin database path to: C:\ST\STM32CubeIDE_1.15.0\STM32CubeIDE\plugins\com.st.stm32cube.common.mx_6.11.0.202403141607\\db\/plugins/boardmanager/
2024-05-25 20:30:32,360 [WARN] ApiDb:259 - Overriding images path with different value:  => C:\ST\STM32CubeIDE_1.15.0\STM32CubeIDE\plugins\com.st.stm32cube.common.mx_6.11.0.202403141607\\db\/plugins/mcufinder/images/
2024-05-25 20:30:32,364 [INFO] ApiDb:250 - Set database path to: C:\Users\alexl\.stmcufinder\plugins\mcufinder//mcu/
2024-05-25 20:30:32,365 [INFO] DbMcusAds:125 - Set database path to: C:\Users\alexl\.stmcufinder\plugins\mcufinder//mcu/
2024-05-25 20:30:32,366 [INFO] CrossReferenceDbSqlite:203 - Set database path to: C:\Users\alexl\.stmcufinder\plugins\mcufinder//mcu/cs/
2024-05-25 20:30:32,457 [INFO] RulesReader:64 - Compatibility file has been processed (297 Rules)
2024-05-25 20:30:32,508 [INFO] DbMcusXml:78 - Set database path to: C:\ST\STM32CubeIDE_1.15.0\STM32CubeIDE\plugins\com.st.stm32cube.common.mx_6.11.0.202403141607\\db\/mcu/
2024-05-25 20:30:32,508 [INFO] ApiDb:274 - Set plugin database path to: C:\ST\STM32CubeIDE_1.15.0\STM32CubeIDE\plugins\com.st.stm32cube.common.mx_6.11.0.202403141607\\db\/plugins/boardmanager/
2024-05-25 20:30:32,508 [INFO] ApiDb:261 - Set plugin images path to: C:\ST\STM32CubeIDE_1.15.0\STM32CubeIDE\plugins\com.st.stm32cube.common.mx_6.11.0.202403141607\\db\/plugins/mcufinder/images/
2024-05-25 20:30:32,508 [WARN] DbFile:41 - Overriding database path with different value: C:\Users\alexl\.stmcufinder\plugins\mcufinder/ => C:\Users\alexl\.stmcufinder\plugins\mcufinder
2024-05-25 20:30:32,508 [INFO] ApiDb:250 - Set database path to: C:\Users\alexl\.stmcufinder\plugins\mcufinder//mcu/
2024-05-25 20:30:32,508 [WARN] DbFile:41 - Overriding database path with different value: C:\Users\alexl\.stmcufinder\plugins\mcufinder/ => C:\Users\alexl\.stmcufinder\plugins\mcufinder
2024-05-25 20:30:32,509 [INFO] DbMcusAds:125 - Set database path to: C:\Users\alexl\.stmcufinder\plugins\mcufinder//mcu/
2024-05-25 20:30:32,509 [WARN] DbFile:41 - Overriding database path with different value: C:\Users\alexl\.stmcufinder\plugins\mcufinder/ => C:\Users\alexl\.stmcufinder\plugins\mcufinder
2024-05-25 20:30:32,509 [WARN] DbFile:41 - Overriding database path with different value: C:\Users\alexl\.stmcufinder\plugins\mcufinder/ => C:\Users\alexl\.stmcufinder\plugins\mcufinder
2024-05-25 20:30:32,509 [INFO] CrossReferenceDbSqlite:203 - Set database path to: C:\Users\alexl\.stmcufinder\plugins\mcufinder//mcu/cs/
2024-05-25 20:30:32,553 [INFO] MainPanel:264 - HeapMemory: 268435456
2024-05-25 20:30:32,592 [INFO] DbMcusXml:78 - Set database path to: C:\ST\STM32CubeIDE_1.15.0\STM32CubeIDE\plugins\com.st.stm32cube.common.mx_6.11.0.202403141607\\db\/mcu/
2024-05-25 20:30:32,592 [INFO] ApiDb:274 - Set plugin database path to: C:\ST\STM32CubeIDE_1.15.0\STM32CubeIDE\plugins\com.st.stm32cube.common.mx_6.11.0.202403141607\\db\/plugins/boardmanager/
2024-05-25 20:30:32,592 [INFO] ApiDb:261 - Set plugin images path to: C:\ST\STM32CubeIDE_1.15.0\STM32CubeIDE\plugins\com.st.stm32cube.common.mx_6.11.0.202403141607\\db\/plugins/mcufinder/images/
2024-05-25 20:30:32,592 [WARN] DbFile:41 - Overriding database path with different value: C:\Users\alexl\.stmcufinder\plugins\mcufinder/ => C:\Users\alexl\.stmcufinder\plugins\mcufinder
2024-05-25 20:30:32,592 [INFO] ApiDb:250 - Set database path to: C:\Users\alexl\.stmcufinder\plugins\mcufinder//mcu/
2024-05-25 20:30:32,593 [WARN] DbFile:41 - Overriding database path with different value: C:\Users\alexl\.stmcufinder\plugins\mcufinder/ => C:\Users\alexl\.stmcufinder\plugins\mcufinder
2024-05-25 20:30:32,593 [INFO] DbMcusAds:125 - Set database path to: C:\Users\alexl\.stmcufinder\plugins\mcufinder//mcu/
2024-05-25 20:30:32,593 [WARN] DbFile:41 - Overriding database path with different value: C:\Users\alexl\.stmcufinder\plugins\mcufinder/ => C:\Users\alexl\.stmcufinder\plugins\mcufinder
2024-05-25 20:30:32,593 [WARN] DbFile:41 - Overriding database path with different value: C:\Users\alexl\.stmcufinder\plugins\mcufinder/ => C:\Users\alexl\.stmcufinder\plugins\mcufinder
2024-05-25 20:30:32,593 [INFO] CrossReferenceDbSqlite:203 - Set database path to: C:\Users\alexl\.stmcufinder\plugins\mcufinder//mcu/cs/
2024-05-25 20:30:32,604 [INFO] ApplicationProperties:184 - Using Application install path: C:\ST\STM32CubeIDE_1.15.0\STM32CubeIDE\plugins\com.st.stm32cube.common.mx_6.11.0.202403141607
2024-05-25 20:30:32,605 [INFO] PluginManage:196 - Search for loadable plugins [exclusion list=, ]
2024-05-25 20:30:32,605 [INFO] PluginManage:310 - Check plugin analytics
2024-05-25 20:30:32,702 [INFO] AnalyticsPlugin:253 - Accepted Software Licenses: 
2024-05-25 20:30:32,702 [INFO] AnalyticsPlugin:255 - Accepted CMSIS Pack Licenses: 
2024-05-25 20:30:32,703 [INFO] AnalyticsPlugin:257 - Accepted Firmware Licenses: FW.F4.1.28.0
2024-05-25 20:30:32,704 [INFO] PluginManage:359 - Loaded plugin analytics (category:tool,tabindex:-1)
2024-05-25 20:30:32,704 [INFO] PluginManage:310 - Check plugin cadmodel
2024-05-25 20:30:32,706 [INFO] CADModel:105 - Init CAD model plugin
2024-05-25 20:30:32,707 [INFO] PluginManage:359 - Loaded plugin cadmodel (category:power,tabindex:5)
2024-05-25 20:30:32,707 [INFO] PluginManage:310 - Check plugin clock
2024-05-25 20:30:32,712 [INFO] PluginManage:359 - Loaded plugin clock (category:base,tabindex:2)
2024-05-25 20:30:32,712 [INFO] PluginManage:310 - Check plugin ddr
2024-05-25 20:30:32,713 [INFO] PluginManage:359 - Loaded plugin ddr (category:tool,tabindex:6)
2024-05-25 20:30:32,713 [INFO] PluginManage:310 - Check plugin filemanager
2024-05-25 20:30:32,803 [INFO] PluginManage:359 - Loaded plugin filemanager (category:base,tabindex:10)
2024-05-25 20:30:32,803 [INFO] PluginManage:310 - Check plugin ipmanager
2024-05-25 20:30:32,807 [INFO] PluginManage:359 - Loaded plugin ipmanager (category:base,tabindex:5)
2024-05-25 20:30:32,807 [INFO] PluginManage:310 - Check plugin lpbam
2024-05-25 20:30:32,812 [INFO] PluginManage:359 - Loaded plugin lpbam (category:base,tabindex:0)
2024-05-25 20:30:32,812 [INFO] PluginManage:310 - Check plugin memorymap
2024-05-25 20:30:32,820 [INFO] PluginManage:359 - Loaded plugin memorymap (category:base,tabindex:4)
2024-05-25 20:30:32,820 [INFO] PluginManage:310 - Check plugin pinoutandconfiguration
2024-05-25 20:30:32,825 [INFO] PluginManage:359 - Loaded plugin pinoutandconfiguration (category:base,tabindex:1)
2024-05-25 20:30:32,825 [INFO] PluginManage:310 - Check plugin pinoutconfig
2024-05-25 20:30:32,880 [WARN] SupportedApi:132 - Cannot load RTOS API schema: s4s-elt-must-match.1: The content of 'definitions' must match (annotation?, (simpleType | complexType)?, (unique | key | keyref)*)). A problem was found starting at: attribute.
2024-05-25 20:30:32,961 [INFO] PluginManage:359 - Loaded plugin pinoutconfig (category:base,tabindex:0)
2024-05-25 20:30:32,961 [INFO] PluginManage:310 - Check plugin power
2024-05-25 20:30:32,966 [INFO] PluginManage:359 - Loaded plugin power (category:power,tabindex:4)
2024-05-25 20:30:32,966 [INFO] PluginManage:310 - Check plugin projectmanager
2024-05-25 20:30:32,976 [INFO] PluginManage:359 - Loaded plugin projectmanager (category:projectmanager,tabindex:3)
2024-05-25 20:30:32,976 [INFO] PluginManage:310 - Check plugin thirdparty
2024-05-25 20:30:33,045 [INFO] PluginManage:359 - Loaded plugin thirdparty (category:base,tabindex:-1)
2024-05-25 20:30:33,045 [INFO] PluginManage:310 - Check plugin tools
2024-05-25 20:30:33,045 [WARN] IntegrityCheckThread:84 - waiting for thirdparty lock release [integrity check]
2024-05-25 20:30:33,045 [INFO] IntegrityCheckThread:86 - entering critical section [integrity check]
2024-05-25 20:30:33,045 [INFO] ThirdPartyUpdaterWithRetryManager:70 - Updater plugin not ready yet. [1/15]
2024-05-25 20:30:33,046 [INFO] PluginManage:359 - Loaded plugin tools (category:base,tabindex:7)
2024-05-25 20:30:33,046 [INFO] PluginManage:310 - Check plugin tutovideos
2024-05-25 20:30:33,139 [INFO] PluginManage:359 - Loaded plugin tutovideos (category:base,tabindex:-1)
2024-05-25 20:30:33,139 [INFO] PluginManage:310 - Check plugin updater
2024-05-25 20:30:33,145 [INFO] PluginManage:359 - Loaded plugin updater (category:base,tabindex:12)
2024-05-25 20:30:33,145 [INFO] PluginManage:310 - Check plugin userauth
2024-05-25 20:30:33,148 [INFO] UserAuth:114 - Init User Auth plugin
2024-05-25 20:30:33,148 [INFO] PluginManage:359 - Loaded plugin userauth (category:base,tabindex:14)
2024-05-25 20:30:33,148 [INFO] PluginManage:283 - PluginManage : Loaded plugins [17]
2024-05-25 20:30:33,268 [INFO] PinOutPanel:1561 - setPackage(No Configuration,No Configuration)
2024-05-25 20:30:33,313 [INFO] CADModel:165 - CPN selected for project level
2024-05-25 20:30:33,313 [INFO] CADModel:114 - Register for checkConnection events
2024-05-25 20:30:33,321 [INFO] IPUIPlugin:80 - create IPUIPlugin
2024-05-25 20:30:33,321 [INFO] PluginManager:220 - loadIPPluginJar : add adc
2024-05-25 20:30:33,322 [INFO] IPUIPlugin:80 - create IPUIPlugin
2024-05-25 20:30:33,322 [INFO] PluginManager:220 - loadIPPluginJar : add aes
2024-05-25 20:30:33,323 [INFO] IPUIPlugin:80 - create IPUIPlugin
2024-05-25 20:30:33,323 [INFO] PluginManager:220 - loadIPPluginJar : add can
2024-05-25 20:30:33,324 [INFO] IPUIPlugin:80 - create IPUIPlugin
2024-05-25 20:30:33,324 [INFO] PluginManager:220 - loadIPPluginJar : add comp
2024-05-25 20:30:33,325 [INFO] IPUIPlugin:80 - create IPUIPlugin
2024-05-25 20:30:33,325 [INFO] PluginManager:220 - loadIPPluginJar : add cryp
2024-05-25 20:30:33,326 [INFO] IPUIPlugin:80 - create IPUIPlugin
2024-05-25 20:30:33,326 [INFO] PluginManager:220 - loadIPPluginJar : add dfsdm
2024-05-25 20:30:33,330 [INFO] IPUIPlugin:80 - create IPUIPlugin
2024-05-25 20:30:33,330 [INFO] PluginManager:220 - loadIPPluginJar : add dma
2024-05-25 20:30:33,331 [INFO] IPUIPlugin:80 - create IPUIPlugin
2024-05-25 20:30:33,332 [INFO] PluginManager:220 - loadIPPluginJar : add dma3
2024-05-25 20:30:33,333 [INFO] IPUIPlugin:80 - create IPUIPlugin
2024-05-25 20:30:33,333 [INFO] PluginManager:220 - loadIPPluginJar : add extmemmanager
2024-05-25 20:30:33,334 [INFO] IPUIPlugin:80 - create IPUIPlugin
2024-05-25 20:30:33,334 [INFO] PluginManager:220 - loadIPPluginJar : add fatfs
2024-05-25 20:30:33,336 [INFO] IPUIPlugin:80 - create IPUIPlugin
2024-05-25 20:30:33,336 [INFO] PluginManager:220 - loadIPPluginJar : add fmc
2024-05-25 20:30:33,339 [INFO] IPUIPlugin:80 - create IPUIPlugin
2024-05-25 20:30:33,339 [INFO] PluginManager:220 - loadIPPluginJar : add freertos
2024-05-25 20:30:33,340 [INFO] IPUIPlugin:80 - create IPUIPlugin
2024-05-25 20:30:33,340 [INFO] PluginManager:220 - loadIPPluginJar : add genericplugin
2024-05-25 20:30:33,340 [INFO] IPUIPlugin:80 - create IPUIPlugin
2024-05-25 20:30:33,340 [INFO] PluginManager:220 - loadIPPluginJar : add gfxmmu
2024-05-25 20:30:33,343 [INFO] IPUIPlugin:80 - create IPUIPlugin
2024-05-25 20:30:33,343 [INFO] PluginManager:220 - loadIPPluginJar : add gic
2024-05-25 20:30:33,344 [INFO] IPUIPlugin:80 - create IPUIPlugin
2024-05-25 20:30:33,345 [INFO] PluginManager:220 - loadIPPluginJar : add gpio
2024-05-25 20:30:33,346 [INFO] IPUIPlugin:80 - create IPUIPlugin
2024-05-25 20:30:33,346 [INFO] PluginManager:220 - loadIPPluginJar : add gtzc
2024-05-25 20:30:33,347 [INFO] IPUIPlugin:80 - create IPUIPlugin
2024-05-25 20:30:33,347 [INFO] PluginManager:220 - loadIPPluginJar : add hash
2024-05-25 20:30:33,348 [INFO] IPUIPlugin:80 - create IPUIPlugin
2024-05-25 20:30:33,348 [INFO] PluginManager:220 - loadIPPluginJar : add i2c
2024-05-25 20:30:33,350 [INFO] IPUIPlugin:80 - create IPUIPlugin
2024-05-25 20:30:33,350 [INFO] PluginManager:220 - loadIPPluginJar : add i2s
2024-05-25 20:30:33,351 [INFO] IPUIPlugin:80 - create IPUIPlugin
2024-05-25 20:30:33,351 [INFO] PluginManager:220 - loadIPPluginJar : add i3c
2024-05-25 20:30:33,353 [INFO] IPUIPlugin:80 - create IPUIPlugin
2024-05-25 20:30:33,353 [INFO] PluginManager:220 - loadIPPluginJar : add ipddr
2024-05-25 20:30:33,356 [INFO] IPUIPlugin:80 - create IPUIPlugin
2024-05-25 20:30:33,356 [INFO] PluginManager:220 - loadIPPluginJar : add linkedlist
2024-05-25 20:30:33,357 [INFO] IPUIPlugin:80 - create IPUIPlugin
2024-05-25 20:30:33,357 [INFO] PluginManager:220 - loadIPPluginJar : add lorawan
2024-05-25 20:30:33,358 [INFO] IPUIPlugin:80 - create IPUIPlugin
2024-05-25 20:30:33,358 [INFO] PluginManager:220 - loadIPPluginJar : add ltdc
2024-05-25 20:30:33,362 [INFO] IPUIPlugin:80 - create IPUIPlugin
2024-05-25 20:30:33,362 [INFO] PluginManager:220 - loadIPPluginJar : add mdma
2024-05-25 20:30:33,364 [INFO] IPUIPlugin:80 - create IPUIPlugin
2024-05-25 20:30:33,364 [INFO] PluginManager:220 - loadIPPluginJar : add nvic
2024-05-25 20:30:33,365 [INFO] IPUIPlugin:80 - create IPUIPlugin
2024-05-25 20:30:33,365 [INFO] PluginManager:220 - loadIPPluginJar : add opamp
2024-05-25 20:30:33,366 [INFO] IPUIPlugin:80 - create IPUIPlugin
2024-05-25 20:30:33,366 [INFO] PluginManager:220 - loadIPPluginJar : add openamp
2024-05-25 20:30:33,368 [INFO] IPUIPlugin:80 - create IPUIPlugin
2024-05-25 20:30:33,368 [INFO] PluginManager:220 - loadIPPluginJar : add pdm2pcm
2024-05-25 20:30:33,371 [INFO] IPUIPlugin:80 - create IPUIPlugin
2024-05-25 20:30:33,372 [INFO] PluginManager:220 - loadIPPluginJar : add plateformsettings
2024-05-25 20:30:33,373 [INFO] IPUIPlugin:80 - create IPUIPlugin
2024-05-25 20:30:33,373 [INFO] PluginManager:220 - loadIPPluginJar : add quadspi
2024-05-25 20:30:33,374 [INFO] IPUIPlugin:80 - create IPUIPlugin
2024-05-25 20:30:33,375 [INFO] PluginManager:220 - loadIPPluginJar : add resmgrutility
2024-05-25 20:30:33,376 [INFO] IPUIPlugin:80 - create IPUIPlugin
2024-05-25 20:30:33,376 [INFO] PluginManager:220 - loadIPPluginJar : add sai
2024-05-25 20:30:33,377 [INFO] IPUIPlugin:80 - create IPUIPlugin
2024-05-25 20:30:33,377 [INFO] PluginManager:220 - loadIPPluginJar : add spi
2024-05-25 20:30:33,379 [INFO] IPUIPlugin:80 - create IPUIPlugin
2024-05-25 20:30:33,379 [INFO] PluginManager:220 - loadIPPluginJar : add stm32_wpan
2024-05-25 20:30:33,380 [INFO] IPUIPlugin:80 - create IPUIPlugin
2024-05-25 20:30:33,380 [INFO] PluginManager:220 - loadIPPluginJar : add tim
2024-05-25 20:30:33,381 [INFO] IPUIPlugin:80 - create IPUIPlugin
2024-05-25 20:30:33,381 [INFO] PluginManager:220 - loadIPPluginJar : add touchsensing
2024-05-25 20:30:33,382 [INFO] IPUIPlugin:80 - create IPUIPlugin
2024-05-25 20:30:33,382 [INFO] PluginManager:220 - loadIPPluginJar : add tracer_emb
2024-05-25 20:30:33,383 [INFO] IPUIPlugin:80 - create IPUIPlugin
2024-05-25 20:30:33,383 [INFO] PluginManager:220 - loadIPPluginJar : add ts
2024-05-25 20:30:33,384 [INFO] IPUIPlugin:80 - create IPUIPlugin
2024-05-25 20:30:33,384 [INFO] PluginManager:220 - loadIPPluginJar : add tsc
2024-05-25 20:30:33,385 [INFO] IPUIPlugin:80 - create IPUIPlugin
2024-05-25 20:30:33,385 [INFO] PluginManager:220 - loadIPPluginJar : add ucpd
2024-05-25 20:30:33,386 [INFO] IPUIPlugin:80 - create IPUIPlugin
2024-05-25 20:30:33,386 [INFO] PluginManager:220 - loadIPPluginJar : add usart
2024-05-25 20:30:33,388 [INFO] IPUIPlugin:80 - create IPUIPlugin
2024-05-25 20:30:33,388 [INFO] PluginManager:220 - loadIPPluginJar : add usbx
2024-05-25 20:30:33,492 [INFO] CADModel:165 - CPN selected for project level
2024-05-25 20:30:33,492 [INFO] CADModel:114 - Register for checkConnection events
2024-05-25 20:30:33,492 [FATAL] Updater:308 - Updater called before beeing initialized
2024-05-25 20:30:33,492 [ERROR] CADModel:125 - Updater not yet initialized, retry later 
2024-05-25 20:30:33,568 [INFO] CADModel:165 - CPN selected for project level
2024-05-25 20:30:33,568 [INFO] CADModel:114 - Register for checkConnection events
2024-05-25 20:30:33,568 [FATAL] Updater:308 - Updater called before beeing initialized
2024-05-25 20:30:33,568 [ERROR] CADModel:125 - Updater not yet initialized, retry later 
2024-05-25 20:30:33,571 [FATAL] Updater:308 - Updater called before beeing initialized
2024-05-25 20:30:33,627 [FATAL] Updater:308 - Updater called before beeing initialized
2024-05-25 20:30:33,631 [INFO] DbMcusAds:53 - JSON generation date=Wed Nov 29 12:52:27 EET 2023 (1701255147349)
2024-05-25 20:30:33,631 [FATAL] Updater:308 - Updater called before beeing initialized
2024-05-25 20:30:33,652 [WARN] DetailPanel:346 - Failed to get advertising image, set to default
2024-05-25 20:30:33,726 [FATAL] Updater:308 - Updater called before beeing initialized
2024-05-25 20:30:33,727 [FATAL] Updater:308 - Updater called before beeing initialized
2024-05-25 20:30:33,727 [FATAL] Updater:308 - Updater called before beeing initialized
2024-05-25 20:30:33,727 [WARN] DetailPanel:346 - Failed to get advertising image, set to default
2024-05-25 20:30:33,728 [FATAL] Updater:308 - Updater called before beeing initialized
2024-05-25 20:30:33,761 [ERROR] Updater:1120 - MainUpdater not yet initialized. External WinMGr cannot be set.
2024-05-25 20:30:33,763 [INFO] Updater:1056 - Updater Version found : 6.11.0
2024-05-25 20:30:33,773 [INFO] ApplicationProperties:184 - Using Application install path: C:\ST\STM32CubeIDE_1.15.0\STM32CubeIDE\plugins\com.st.stm32cube.common.mx_6.11.0.202403141607
2024-05-25 20:30:35,337 [ERROR] LogOutputStream:75 - [STDERR_REDIRECT] May 25, 2024 8:30:35 PM java.util.prefs.WindowsPreferences <init>
2024-05-25 20:30:35,338 [ERROR] LogOutputStream:75 - [STDERR_REDIRECT] WARNING: Could not open/create prefs root node Software\JavaSoft\Prefs at root 0xffffffff80000002. Windows RegCreateKeyEx(...) returned error code 5.
2024-05-25 20:30:35,338 [ERROR] LogOutputStream:75 - [STDERR_REDIRECT] 
2024-05-25 20:30:35,496 [INFO] MainUpdater:2873 - connection check result : 10
2024-05-25 20:30:35,497 [INFO] MainUpdater:290 - Updater Check For Update Now.
2024-05-25 20:30:35,497 [INFO] MicroXplorer:498 - Change Database Version : DB.6.0.110
2024-05-25 20:30:35,501 [INFO] McuFinderGlobals:63 - Set McuFinder mode to 2 (CubeIDE integrated)
2024-05-25 20:30:35,501 [INFO] UserAuth:179 - activating auth plugin
2024-05-25 20:30:35,503 [INFO] UserAuth:415 - Internet connection configuration mode: 1
2024-05-25 20:30:35,510 [INFO] JxBrowserEngine:152 - Initiate JxBrowser Engine with user profile folder
2024-05-25 20:30:35,640 [INFO] CheckServerUpdateThread:120 - End of CheckServer Thread
2024-05-25 20:30:35,859 [INFO] WebApp:161 - Instantiating new browser for Auth
2024-05-25 20:30:36,149 [WARN] PackLoader:240 - Cannot read IP mode file for STMicroelectronics.FP-SNS-MOTENVWB1.1.4.0
2024-05-25 20:30:36,156 [WARN] PackLoader:240 - Cannot read IP mode file for STMicroelectronics.X-CUBE-SMBUS.2.1.0
2024-05-25 20:30:36,160 [WARN] PackLoader:240 - Cannot read IP mode file for STMicroelectronics.X-CUBE-TOUCHGFX.4.23.2
2024-05-25 20:30:36,180 [WARN] PackLoader:240 - Cannot read IP mode file for STMicroelectronics.X-CUBE-AZRTOS-F7.1.1.0
2024-05-25 20:30:36,185 [WARN] PackLoader:240 - Cannot read IP mode file for STMicroelectronics.FP-SNS-FLIGHT1.5.0.2
2024-05-25 20:30:36,188 [INFO] WebApp:779 - Register for checkConnection events
2024-05-25 20:30:36,188 [INFO] WebApp:414 - Apply proxy settings
2024-05-25 20:30:36,188 [INFO] WebApp:499 - Chromium requires no authentication
2024-05-25 20:30:36,191 [WARN] PackLoader:240 - Cannot read IP mode file for STMicroelectronics.X-CUBE-DISPLAY.3.0.0
2024-05-25 20:30:36,194 [INFO] WebApp:442 - Direct internet connection detected
2024-05-25 20:30:36,198 [WARN] PackLoader:240 - Cannot read IP mode file for STMicroelectronics.X-CUBE-BLE1.7.0.0
2024-05-25 20:30:36,202 [WARN] PackLoader:240 - Cannot read IP mode file for emotas.I-CUBE-CANOPEN.1.3.0
2024-05-25 20:30:36,209 [WARN] PackLoader:240 - Cannot read IP mode file for STMicroelectronics.X-CUBE-BLEMGR.3.1.0
2024-05-25 20:30:36,212 [WARN] PackLoader:240 - Cannot read IP mode file for STMicroelectronics.FP-SNS-SMARTAG2.1.2.0
2024-05-25 20:30:36,223 [INFO] LogOutputStream:77 - [STDOUT_REDIRECT] 1 : Invalid condition id : UX_CORESTACK_Condition cause : null
2024-05-25 20:30:36,224 [INFO] LogOutputStream:77 - [STDOUT_REDIRECT] 1 : Invalid condition id : UX_CORESTACK_Condition cause : null
2024-05-25 20:30:36,225 [INFO] LogOutputStream:77 - [STDOUT_REDIRECT] 1 : Invalid condition id : UX_CORESTACK_Condition cause : null
2024-05-25 20:30:36,226 [INFO] LogOutputStream:77 - [STDOUT_REDIRECT] 1 : Invalid condition id : UX_CORESTACK_Condition cause : null
2024-05-25 20:30:36,227 [INFO] LogOutputStream:77 - [STDOUT_REDIRECT] 1 : Invalid condition id : UX_CORESTACK_Condition cause : null
2024-05-25 20:30:36,230 [WARN] PackLoader:240 - Cannot read IP mode file for STMicroelectronics.X-CUBE-AZRTOS-WL.2.0.0
2024-05-25 20:30:36,236 [WARN] PackLoader:240 - Cannot read IP mode file for STMicroelectronics.FP-SNS-MOTENV1.5.0.0
2024-05-25 20:30:36,243 [WARN] PackLoader:240 - Cannot read IP mode file for WES.I-CUBE-Cesium.1.3.0
2024-05-25 20:30:36,247 [WARN] PackLoader:240 - Cannot read IP mode file for STMicroelectronics.X-CUBE-BLE2.3.3.0
2024-05-25 20:30:36,260 [WARN] PackLoader:240 - Cannot read IP mode file for STMicroelectronics.X-CUBE-TCPP.4.1.0
2024-05-25 20:30:36,265 [WARN] PackLoader:240 - Cannot read IP mode file for STMicroelectronics.X-CUBE-ALGOBUILD.1.3.0
2024-05-25 20:30:36,287 [WARN] PackLoader:240 - Cannot read IP mode file for STMicroelectronics.X-CUBE-AZRTOS-G0.1.1.0
2024-05-25 20:30:36,293 [WARN] PackLoader:240 - Cannot read IP mode file for STMicroelectronics.X-CUBE-SAFEA1.1.2.2
2024-05-25 20:30:36,298 [WARN] PackLoader:240 - Cannot read IP mode file for STMicroelectronics.X-CUBE-NFC4.3.0.0
2024-05-25 20:30:36,300 [WARN] PackLoader:240 - Cannot read IP mode file for wolfSSL.I-CUBE-wolfSSL.5.7.0
2024-05-25 20:30:36,303 [WARN] PackLoader:240 - Cannot read IP mode file for STMicroelectronics.FP-ATR-SIGFOX1.3.2.0
2024-05-25 20:30:36,306 [WARN] PackLoader:240 - Cannot read IP mode file for STMicroelectronics.X-CUBE-EEPRMA1.5.1.0
2024-05-25 20:30:36,312 [WARN] PackLoader:240 - Cannot read IP mode file for ITTIA_DB.I-CUBE-ITTIADB.8.9.0
2024-05-25 20:30:36,327 [WARN] PackLoader:240 - Cannot read IP mode file for SEGGER.I-CUBE-embOS.1.3.1
2024-05-25 20:30:36,349 [WARN] PackLoader:240 - Cannot read IP mode file for STMicroelectronics.X-CUBE-ALGOBUILD.1.4.0
2024-05-25 20:30:36,353 [WARN] PackLoader:240 - Cannot read IP mode file for STMicroelectronics.X-CUBE-GNSS1.6.0.0
2024-05-25 20:30:36,358 [INFO] WebApp:192 - Starting web application
2024-05-25 20:30:36,358 [INFO] WebApp:544 - Web application path used C:\ST\STM32CubeIDE_1.15.0\STM32CubeIDE\plugins\com.st.stm32cube.common.mx_6.11.0.202403141607\db\plugins\mcufinder\reactClient1\index.html
2024-05-25 20:30:36,360 [WARN] PackLoader:240 - Cannot read IP mode file for STMicroelectronics.X-CUBE-AZRTOS-F4.1.1.0
2024-05-25 20:30:36,364 [WARN] PackLoader:240 - Cannot read IP mode file for STMicroelectronics.X-CUBE-FREERTOS.1.2.0
2024-05-25 20:30:36,373 [WARN] PackLoader:240 - Cannot read IP mode file for STMicroelectronics.X-CUBE-AZRTOS-L5.2.0.0
2024-05-25 20:30:36,382 [WARN] PackLoader:240 - Cannot read IP mode file for STMicroelectronics.X-CUBE-NFC6.3.1.0
2024-05-25 20:30:36,385 [WARN] PackLoader:240 - Cannot read IP mode file for STMicroelectronics.X-CUBE-AI.9.0.0
2024-05-25 20:30:36,387 [WARN] PackLoader:240 - Cannot read IP mode file for STMicroelectronics.X-CUBE-NFC7.1.0.1
2024-05-25 20:30:36,399 [WARN] ConditionMgr:438 - getConditionDescription Invalid condition id : LAN8742 Phy interface Condition cause : null
2024-05-25 20:30:36,399 [WARN] PackLoader:240 - Cannot read IP mode file for STMicroelectronics.X-CUBE-AZRTOS-L4.2.0.0
2024-05-25 20:30:36,400 [WARN] ConditionMgr:1039 - genDependencies : Invalid condition id : LAN8742 Phy interface Condition cause : null
2024-05-25 20:30:36,400 [WARN] ConditionMgr:1039 - genDependencies : Invalid condition id : LAN8742 Phy interface Condition cause : null
2024-05-25 20:30:36,401 [WARN] ConditionMgr:1039 - genDependencies : Invalid condition id : LAN8742 Phy interface Condition cause : null
2024-05-25 20:30:36,405 [WARN] PackLoader:240 - Cannot read IP mode file for STMicroelectronics.X-CUBE-SFXS2LP1.4.0.0
2024-05-25 20:30:36,411 [WARN] ConditionMgr:438 - getConditionDescription Invalid condition id : UX DEVICE CLASS RTOS Condition cause : null
2024-05-25 20:30:36,411 [WARN] ConditionMgr:438 - getConditionDescription Invalid condition id : UX DEVICE CLASS RTOS Condition cause : null
2024-05-25 20:30:36,412 [WARN] PackLoader:240 - Cannot read IP mode file for STMicroelectronics.X-CUBE-AZRTOS-WB.2.0.0
2024-05-25 20:30:36,413 [WARN] ConditionMgr:1039 - genDependencies : Invalid condition id : UX DEVICE CLASS RTOS Condition cause : null
2024-05-25 20:30:36,413 [WARN] ConditionMgr:1039 - genDependencies : Invalid condition id : UX DEVICE CLASS RTOS Condition cause : null
2024-05-25 20:30:36,413 [WARN] ConditionMgr:1039 - genDependencies : Invalid condition id : UX DEVICE CLASS RTOS Condition cause : null
2024-05-25 20:30:36,413 [WARN] ConditionMgr:1039 - genDependencies : Invalid condition id : UX DEVICE CLASS RTOS Condition cause : null
2024-05-25 20:30:36,413 [WARN] ConditionMgr:1039 - genDependencies : Invalid condition id : UX DEVICE CLASS RTOS Condition cause : null
2024-05-25 20:30:36,420 [WARN] PackLoader:240 - Cannot read IP mode file for STMicroelectronics.X-CUBE-SUBG2.5.0.0
2024-05-25 20:30:36,427 [WARN] PackLoader:240 - Cannot read IP mode file for Cesanta.I-CUBE-Mongoose.7.13.0
2024-05-25 20:30:36,434 [WARN] PackLoader:240 - Cannot read IP mode file for STMicroelectronics.X-CUBE-AZRTOS-G4.2.0.0
2024-05-25 20:30:36,438 [WARN] PackLoader:240 - Cannot read IP mode file for STMicroelectronics.X-CUBE-ISPU.2.0.0
2024-05-25 20:30:36,442 [WARN] PackLoader:240 - Cannot read IP mode file for STMicroelectronics.X-CUBE-ALS.1.0.2
2024-05-25 20:30:36,460 [WARN] PackLoader:240 - Cannot read IP mode file for STMicroelectronics.X-CUBE-MEMS1.10.0.0
2024-05-25 20:30:36,546 [WARN] PackLoader:240 - Cannot read IP mode file for STMicroelectronics.X-CUBE-FREERTOS.1.1.0
2024-05-25 20:30:36,550 [WARN] PackLoader:240 - Cannot read IP mode file for portGmbH.I-Cube-SoM-uGOAL.1.1.0
2024-05-25 20:30:36,552 [WARN] PackLoader:240 - Cannot read IP mode file for STMicroelectronics.X-CUBE-ALS.1.0.1
2024-05-25 20:30:36,559 [WARN] PackLoader:240 - Cannot read IP mode file for STMicroelectronics.X-CUBE-AZRTOS-H7RS.1.0.0
2024-05-25 20:30:36,563 [WARN] PackLoader:240 - Cannot read IP mode file for STMicroelectronics.FP-ATR-ASTRA1.2.0.0
2024-05-25 20:30:36,568 [WARN] PackLoader:240 - Cannot read IP mode file for STMicroelectronics.X-CUBE-TOF1.3.4.1
2024-05-25 20:30:36,581 [WARN] PackLoader:240 - Cannot read IP mode file for STMicroelectronics.X-CUBE-AZRTOS-H7.3.2.0
2024-05-25 20:30:36,589 [WARN] PackLoader:240 - Cannot read IP mode file for Infineon.AIROC-Wi-Fi-Bluetooth-STM32.1.6.0
2024-05-25 20:30:36,591 [INFO] ThirdParty:978 - Integrity check success = true
2024-05-25 20:30:36,591 [INFO] IntegrityCheckThread:100 - exiting critical section [integrity check]
2024-05-25 20:30:36,591 [INFO] IntegrityCheckThread:103 - End integrity checks thread
2024-05-25 20:36:26,822 [ERROR] LogOutputStream:75 - [STDERR_REDIRECT] 
2024-05-25 20:36:26,822 [ERROR] LogOutputStream:75 - [STDERR_REDIRECT] 
