2024-06-23 01:27:46,946 [ERROR] LogOutputStream:75 - [STDERR_REDIRECT] 
2024-06-23 17:04:45,240 [INFO] Activator:176 - 


2024-06-23 17:04:45,241 [INFO] Activator:177 - !SESSION log4j initialized
2024-06-23 17:04:49,441 [INFO] LogOutputStream:77 - [STDOUT_REDIRECT] 
2024-06-23 17:04:50,144 [INFO] ApplicationProperties:184 - Using Application install path: C:\ST\STM32CubeIDE_1.15.0\STM32CubeIDE\plugins\com.st.stm32cube.common.mx_6.11.0.202403141607
2024-06-23 17:04:50,157 [INFO] DbMcusXml:78 - Set database path to: C:\ST\STM32CubeIDE_1.15.0\STM32CubeIDE\plugins\com.st.stm32cube.common.mx_6.11.0.202403141607\\db\/mcu/
2024-06-23 17:04:50,158 [INFO] ApiDb:274 - Set plugin database path to: C:\ST\STM32CubeIDE_1.15.0\STM32CubeIDE\plugins\com.st.stm32cube.common.mx_6.11.0.202403141607\\db\/plugins/boardmanager/
2024-06-23 17:04:50,158 [WARN] ApiDb:259 - Overriding images path with different value:  => C:\ST\STM32CubeIDE_1.15.0\STM32CubeIDE\plugins\com.st.stm32cube.common.mx_6.11.0.202403141607\\db\/plugins/mcufinder/images/
2024-06-23 17:04:50,163 [INFO] ApiDb:250 - Set database path to: C:\Users\alexl\.stmcufinder\plugins\mcufinder//mcu/
2024-06-23 17:04:50,164 [INFO] DbMcusAds:125 - Set database path to: C:\Users\alexl\.stmcufinder\plugins\mcufinder//mcu/
2024-06-23 17:04:50,165 [INFO] CrossReferenceDbSqlite:203 - Set database path to: C:\Users\alexl\.stmcufinder\plugins\mcufinder//mcu/cs/
2024-06-23 17:04:50,244 [INFO] RulesReader:64 - Compatibility file has been processed (297 Rules)
2024-06-23 17:04:50,298 [INFO] DbMcusXml:78 - Set database path to: C:\ST\STM32CubeIDE_1.15.0\STM32CubeIDE\plugins\com.st.stm32cube.common.mx_6.11.0.202403141607\\db\/mcu/
2024-06-23 17:04:50,298 [INFO] ApiDb:274 - Set plugin database path to: C:\ST\STM32CubeIDE_1.15.0\STM32CubeIDE\plugins\com.st.stm32cube.common.mx_6.11.0.202403141607\\db\/plugins/boardmanager/
2024-06-23 17:04:50,298 [INFO] ApiDb:261 - Set plugin images path to: C:\ST\STM32CubeIDE_1.15.0\STM32CubeIDE\plugins\com.st.stm32cube.common.mx_6.11.0.202403141607\\db\/plugins/mcufinder/images/
2024-06-23 17:04:50,298 [WARN] DbFile:41 - Overriding database path with different value: C:\Users\alexl\.stmcufinder\plugins\mcufinder/ => C:\Users\alexl\.stmcufinder\plugins\mcufinder
2024-06-23 17:04:50,298 [INFO] ApiDb:250 - Set database path to: C:\Users\alexl\.stmcufinder\plugins\mcufinder//mcu/
2024-06-23 17:04:50,298 [WARN] DbFile:41 - Overriding database path with different value: C:\Users\alexl\.stmcufinder\plugins\mcufinder/ => C:\Users\alexl\.stmcufinder\plugins\mcufinder
2024-06-23 17:04:50,298 [INFO] DbMcusAds:125 - Set database path to: C:\Users\alexl\.stmcufinder\plugins\mcufinder//mcu/
2024-06-23 17:04:50,298 [WARN] DbFile:41 - Overriding database path with different value: C:\Users\alexl\.stmcufinder\plugins\mcufinder/ => C:\Users\alexl\.stmcufinder\plugins\mcufinder
2024-06-23 17:04:50,298 [WARN] DbFile:41 - Overriding database path with different value: C:\Users\alexl\.stmcufinder\plugins\mcufinder/ => C:\Users\alexl\.stmcufinder\plugins\mcufinder
2024-06-23 17:04:50,298 [INFO] CrossReferenceDbSqlite:203 - Set database path to: C:\Users\alexl\.stmcufinder\plugins\mcufinder//mcu/cs/
2024-06-23 17:04:50,351 [INFO] MainPanel:264 - HeapMemory: 268435456
2024-06-23 17:04:50,413 [INFO] DbMcusXml:78 - Set database path to: C:\ST\STM32CubeIDE_1.15.0\STM32CubeIDE\plugins\com.st.stm32cube.common.mx_6.11.0.202403141607\\db\/mcu/
2024-06-23 17:04:50,413 [INFO] ApiDb:274 - Set plugin database path to: C:\ST\STM32CubeIDE_1.15.0\STM32CubeIDE\plugins\com.st.stm32cube.common.mx_6.11.0.202403141607\\db\/plugins/boardmanager/
2024-06-23 17:04:50,414 [INFO] ApiDb:261 - Set plugin images path to: C:\ST\STM32CubeIDE_1.15.0\STM32CubeIDE\plugins\com.st.stm32cube.common.mx_6.11.0.202403141607\\db\/plugins/mcufinder/images/
2024-06-23 17:04:50,414 [WARN] DbFile:41 - Overriding database path with different value: C:\Users\alexl\.stmcufinder\plugins\mcufinder/ => C:\Users\alexl\.stmcufinder\plugins\mcufinder
2024-06-23 17:04:50,414 [INFO] ApiDb:250 - Set database path to: C:\Users\alexl\.stmcufinder\plugins\mcufinder//mcu/
2024-06-23 17:04:50,414 [WARN] DbFile:41 - Overriding database path with different value: C:\Users\alexl\.stmcufinder\plugins\mcufinder/ => C:\Users\alexl\.stmcufinder\plugins\mcufinder
2024-06-23 17:04:50,414 [INFO] DbMcusAds:125 - Set database path to: C:\Users\alexl\.stmcufinder\plugins\mcufinder//mcu/
2024-06-23 17:04:50,414 [WARN] DbFile:41 - Overriding database path with different value: C:\Users\alexl\.stmcufinder\plugins\mcufinder/ => C:\Users\alexl\.stmcufinder\plugins\mcufinder
2024-06-23 17:04:50,414 [WARN] DbFile:41 - Overriding database path with different value: C:\Users\alexl\.stmcufinder\plugins\mcufinder/ => C:\Users\alexl\.stmcufinder\plugins\mcufinder
2024-06-23 17:04:50,414 [INFO] CrossReferenceDbSqlite:203 - Set database path to: C:\Users\alexl\.stmcufinder\plugins\mcufinder//mcu/cs/
2024-06-23 17:04:50,426 [INFO] ApplicationProperties:184 - Using Application install path: C:\ST\STM32CubeIDE_1.15.0\STM32CubeIDE\plugins\com.st.stm32cube.common.mx_6.11.0.202403141607
2024-06-23 17:04:50,427 [INFO] PluginManage:196 - Search for loadable plugins [exclusion list=, ]
2024-06-23 17:04:50,427 [INFO] PluginManage:310 - Check plugin analytics
2024-06-23 17:04:50,524 [INFO] AnalyticsPlugin:253 - Accepted Software Licenses: 
2024-06-23 17:04:50,525 [INFO] AnalyticsPlugin:255 - Accepted CMSIS Pack Licenses: 
2024-06-23 17:04:50,525 [INFO] AnalyticsPlugin:257 - Accepted Firmware Licenses: 
2024-06-23 17:04:50,526 [INFO] PluginManage:359 - Loaded plugin analytics (category:tool,tabindex:-1)
2024-06-23 17:04:50,526 [INFO] PluginManage:310 - Check plugin cadmodel
2024-06-23 17:04:50,537 [INFO] CADModel:105 - Init CAD model plugin
2024-06-23 17:04:50,537 [INFO] PluginManage:359 - Loaded plugin cadmodel (category:power,tabindex:5)
2024-06-23 17:04:50,538 [INFO] PluginManage:310 - Check plugin clock
2024-06-23 17:04:50,550 [INFO] PluginManage:359 - Loaded plugin clock (category:base,tabindex:2)
2024-06-23 17:04:50,550 [INFO] PluginManage:310 - Check plugin ddr
2024-06-23 17:04:50,551 [INFO] PluginManage:359 - Loaded plugin ddr (category:tool,tabindex:6)
2024-06-23 17:04:50,551 [INFO] PluginManage:310 - Check plugin filemanager
2024-06-23 17:04:50,641 [INFO] PluginManage:359 - Loaded plugin filemanager (category:base,tabindex:10)
2024-06-23 17:04:50,641 [INFO] PluginManage:310 - Check plugin ipmanager
2024-06-23 17:04:50,646 [INFO] PluginManage:359 - Loaded plugin ipmanager (category:base,tabindex:5)
2024-06-23 17:04:50,646 [INFO] PluginManage:310 - Check plugin lpbam
2024-06-23 17:04:50,658 [INFO] PluginManage:359 - Loaded plugin lpbam (category:base,tabindex:0)
2024-06-23 17:04:50,658 [INFO] PluginManage:310 - Check plugin memorymap
2024-06-23 17:04:50,674 [INFO] PluginManage:359 - Loaded plugin memorymap (category:base,tabindex:4)
2024-06-23 17:04:50,674 [INFO] PluginManage:310 - Check plugin pinoutandconfiguration
2024-06-23 17:04:50,686 [INFO] PluginManage:359 - Loaded plugin pinoutandconfiguration (category:base,tabindex:1)
2024-06-23 17:04:50,686 [INFO] PluginManage:310 - Check plugin pinoutconfig
2024-06-23 17:04:50,747 [WARN] SupportedApi:132 - Cannot load RTOS API schema: s4s-elt-must-match.1: The content of 'definitions' must match (annotation?, (simpleType | complexType)?, (unique | key | keyref)*)). A problem was found starting at: attribute.
2024-06-23 17:04:50,829 [INFO] PluginManage:359 - Loaded plugin pinoutconfig (category:base,tabindex:0)
2024-06-23 17:04:50,829 [INFO] PluginManage:310 - Check plugin power
2024-06-23 17:04:50,843 [INFO] PluginManage:359 - Loaded plugin power (category:power,tabindex:4)
2024-06-23 17:04:50,843 [INFO] PluginManage:310 - Check plugin projectmanager
2024-06-23 17:04:50,852 [INFO] PluginManage:359 - Loaded plugin projectmanager (category:projectmanager,tabindex:3)
2024-06-23 17:04:50,852 [INFO] PluginManage:310 - Check plugin thirdparty
2024-06-23 17:04:51,012 [INFO] PluginManage:359 - Loaded plugin thirdparty (category:base,tabindex:-1)
2024-06-23 17:04:51,012 [WARN] IntegrityCheckThread:84 - waiting for thirdparty lock release [integrity check]
2024-06-23 17:04:51,012 [INFO] PluginManage:310 - Check plugin tools
2024-06-23 17:04:51,012 [INFO] IntegrityCheckThread:86 - entering critical section [integrity check]
2024-06-23 17:04:51,013 [INFO] ThirdPartyUpdaterWithRetryManager:70 - Updater plugin not ready yet. [1/15]
2024-06-23 17:04:51,036 [INFO] PluginManage:359 - Loaded plugin tools (category:base,tabindex:7)
2024-06-23 17:04:51,036 [INFO] PluginManage:310 - Check plugin tutovideos
2024-06-23 17:04:51,167 [INFO] PluginManage:359 - Loaded plugin tutovideos (category:base,tabindex:-1)
2024-06-23 17:04:51,167 [INFO] PluginManage:310 - Check plugin updater
2024-06-23 17:04:51,174 [INFO] PluginManage:359 - Loaded plugin updater (category:base,tabindex:12)
2024-06-23 17:04:51,174 [INFO] PluginManage:310 - Check plugin userauth
2024-06-23 17:04:51,178 [INFO] UserAuth:114 - Init User Auth plugin
2024-06-23 17:04:51,178 [INFO] PluginManage:359 - Loaded plugin userauth (category:base,tabindex:14)
2024-06-23 17:04:51,178 [INFO] PluginManage:283 - PluginManage : Loaded plugins [17]
2024-06-23 17:04:51,337 [INFO] PinOutPanel:1561 - setPackage(No Configuration,No Configuration)
2024-06-23 17:04:51,389 [INFO] CADModel:165 - CPN selected for project level
2024-06-23 17:04:51,389 [INFO] CADModel:114 - Register for checkConnection events
2024-06-23 17:04:51,407 [INFO] IPUIPlugin:80 - create IPUIPlugin
2024-06-23 17:04:51,407 [INFO] PluginManager:220 - loadIPPluginJar : add adc
2024-06-23 17:04:51,431 [INFO] IPUIPlugin:80 - create IPUIPlugin
2024-06-23 17:04:51,431 [INFO] PluginManager:220 - loadIPPluginJar : add aes
2024-06-23 17:04:51,457 [INFO] IPUIPlugin:80 - create IPUIPlugin
2024-06-23 17:04:51,457 [INFO] PluginManager:220 - loadIPPluginJar : add can
2024-06-23 17:04:51,472 [INFO] IPUIPlugin:80 - create IPUIPlugin
2024-06-23 17:04:51,472 [INFO] PluginManager:220 - loadIPPluginJar : add comp
2024-06-23 17:04:51,493 [INFO] IPUIPlugin:80 - create IPUIPlugin
2024-06-23 17:04:51,494 [INFO] PluginManager:220 - loadIPPluginJar : add cryp
2024-06-23 17:04:51,512 [INFO] IPUIPlugin:80 - create IPUIPlugin
2024-06-23 17:04:51,512 [INFO] PluginManager:220 - loadIPPluginJar : add dfsdm
2024-06-23 17:04:51,521 [INFO] IPUIPlugin:80 - create IPUIPlugin
2024-06-23 17:04:51,521 [INFO] PluginManager:220 - loadIPPluginJar : add dma
2024-06-23 17:04:51,548 [INFO] IPUIPlugin:80 - create IPUIPlugin
2024-06-23 17:04:51,548 [INFO] PluginManager:220 - loadIPPluginJar : add dma3
2024-06-23 17:04:51,577 [INFO] IPUIPlugin:80 - create IPUIPlugin
2024-06-23 17:04:51,577 [INFO] PluginManager:220 - loadIPPluginJar : add extmemmanager
2024-06-23 17:04:51,590 [INFO] IPUIPlugin:80 - create IPUIPlugin
2024-06-23 17:04:51,590 [INFO] PluginManager:220 - loadIPPluginJar : add fatfs
2024-06-23 17:04:51,622 [INFO] IPUIPlugin:80 - create IPUIPlugin
2024-06-23 17:04:51,622 [INFO] PluginManager:220 - loadIPPluginJar : add fmc
2024-06-23 17:04:51,633 [INFO] IPUIPlugin:80 - create IPUIPlugin
2024-06-23 17:04:51,633 [INFO] PluginManager:220 - loadIPPluginJar : add freertos
2024-06-23 17:04:51,646 [INFO] IPUIPlugin:80 - create IPUIPlugin
2024-06-23 17:04:51,646 [INFO] PluginManager:220 - loadIPPluginJar : add genericplugin
2024-06-23 17:04:51,706 [INFO] IPUIPlugin:80 - create IPUIPlugin
2024-06-23 17:04:51,706 [INFO] PluginManager:220 - loadIPPluginJar : add gfxmmu
2024-06-23 17:04:51,789 [INFO] IPUIPlugin:80 - create IPUIPlugin
2024-06-23 17:04:51,789 [INFO] PluginManager:220 - loadIPPluginJar : add gic
2024-06-23 17:04:51,798 [INFO] IPUIPlugin:80 - create IPUIPlugin
2024-06-23 17:04:51,798 [INFO] PluginManager:220 - loadIPPluginJar : add gpio
2024-06-23 17:04:51,858 [INFO] IPUIPlugin:80 - create IPUIPlugin
2024-06-23 17:04:51,858 [INFO] PluginManager:220 - loadIPPluginJar : add gtzc
2024-06-23 17:04:51,879 [INFO] IPUIPlugin:80 - create IPUIPlugin
2024-06-23 17:04:51,879 [INFO] PluginManager:220 - loadIPPluginJar : add hash
2024-06-23 17:04:51,913 [INFO] IPUIPlugin:80 - create IPUIPlugin
2024-06-23 17:04:51,913 [INFO] PluginManager:220 - loadIPPluginJar : add i2c
2024-06-23 17:04:51,937 [INFO] IPUIPlugin:80 - create IPUIPlugin
2024-06-23 17:04:51,937 [INFO] PluginManager:220 - loadIPPluginJar : add i2s
2024-06-23 17:04:51,963 [INFO] IPUIPlugin:80 - create IPUIPlugin
2024-06-23 17:04:51,963 [INFO] PluginManager:220 - loadIPPluginJar : add i3c
2024-06-23 17:04:52,035 [INFO] IPUIPlugin:80 - create IPUIPlugin
2024-06-23 17:04:52,035 [INFO] PluginManager:220 - loadIPPluginJar : add ipddr
2024-06-23 17:04:52,095 [INFO] IPUIPlugin:80 - create IPUIPlugin
2024-06-23 17:04:52,095 [INFO] PluginManager:220 - loadIPPluginJar : add linkedlist
2024-06-23 17:04:52,117 [INFO] IPUIPlugin:80 - create IPUIPlugin
2024-06-23 17:04:52,117 [INFO] PluginManager:220 - loadIPPluginJar : add lorawan
2024-06-23 17:04:52,140 [INFO] IPUIPlugin:80 - create IPUIPlugin
2024-06-23 17:04:52,140 [INFO] PluginManager:220 - loadIPPluginJar : add ltdc
2024-06-23 17:04:52,149 [INFO] IPUIPlugin:80 - create IPUIPlugin
2024-06-23 17:04:52,149 [INFO] PluginManager:220 - loadIPPluginJar : add mdma
2024-06-23 17:04:52,157 [INFO] IPUIPlugin:80 - create IPUIPlugin
2024-06-23 17:04:52,157 [INFO] PluginManager:220 - loadIPPluginJar : add nvic
2024-06-23 17:04:52,179 [INFO] IPUIPlugin:80 - create IPUIPlugin
2024-06-23 17:04:52,179 [INFO] PluginManager:220 - loadIPPluginJar : add opamp
2024-06-23 17:04:52,217 [INFO] IPUIPlugin:80 - create IPUIPlugin
2024-06-23 17:04:52,217 [INFO] PluginManager:220 - loadIPPluginJar : add openamp
2024-06-23 17:04:52,243 [INFO] IPUIPlugin:80 - create IPUIPlugin
2024-06-23 17:04:52,243 [INFO] PluginManager:220 - loadIPPluginJar : add pdm2pcm
2024-06-23 17:04:52,253 [INFO] IPUIPlugin:80 - create IPUIPlugin
2024-06-23 17:04:52,254 [INFO] PluginManager:220 - loadIPPluginJar : add plateformsettings
2024-06-23 17:04:52,267 [INFO] IPUIPlugin:80 - create IPUIPlugin
2024-06-23 17:04:52,267 [INFO] PluginManager:220 - loadIPPluginJar : add quadspi
2024-06-23 17:04:52,276 [INFO] IPUIPlugin:80 - create IPUIPlugin
2024-06-23 17:04:52,276 [INFO] PluginManager:220 - loadIPPluginJar : add resmgrutility
2024-06-23 17:04:52,306 [INFO] IPUIPlugin:80 - create IPUIPlugin
2024-06-23 17:04:52,306 [INFO] PluginManager:220 - loadIPPluginJar : add sai
2024-06-23 17:04:52,329 [INFO] IPUIPlugin:80 - create IPUIPlugin
2024-06-23 17:04:52,329 [INFO] PluginManager:220 - loadIPPluginJar : add spi
2024-06-23 17:04:52,373 [INFO] IPUIPlugin:80 - create IPUIPlugin
2024-06-23 17:04:52,373 [INFO] PluginManager:220 - loadIPPluginJar : add stm32_wpan
2024-06-23 17:04:52,388 [INFO] IPUIPlugin:80 - create IPUIPlugin
2024-06-23 17:04:52,388 [INFO] PluginManager:220 - loadIPPluginJar : add tim
2024-06-23 17:04:52,425 [INFO] IPUIPlugin:80 - create IPUIPlugin
2024-06-23 17:04:52,426 [INFO] PluginManager:220 - loadIPPluginJar : add touchsensing
2024-06-23 17:04:52,440 [INFO] IPUIPlugin:80 - create IPUIPlugin
2024-06-23 17:04:52,440 [INFO] PluginManager:220 - loadIPPluginJar : add tracer_emb
2024-06-23 17:04:52,455 [INFO] IPUIPlugin:80 - create IPUIPlugin
2024-06-23 17:04:52,455 [INFO] PluginManager:220 - loadIPPluginJar : add ts
2024-06-23 17:04:52,468 [INFO] IPUIPlugin:80 - create IPUIPlugin
2024-06-23 17:04:52,468 [INFO] PluginManager:220 - loadIPPluginJar : add tsc
2024-06-23 17:04:52,483 [INFO] IPUIPlugin:80 - create IPUIPlugin
2024-06-23 17:04:52,483 [INFO] PluginManager:220 - loadIPPluginJar : add ucpd
2024-06-23 17:04:52,510 [INFO] IPUIPlugin:80 - create IPUIPlugin
2024-06-23 17:04:52,511 [INFO] PluginManager:220 - loadIPPluginJar : add usart
2024-06-23 17:04:52,538 [INFO] IPUIPlugin:80 - create IPUIPlugin
2024-06-23 17:04:52,538 [INFO] PluginManager:220 - loadIPPluginJar : add usbx
2024-06-23 17:04:52,645 [INFO] CADModel:165 - CPN selected for project level
2024-06-23 17:04:52,645 [INFO] CADModel:114 - Register for checkConnection events
2024-06-23 17:04:52,645 [FATAL] Updater:308 - Updater called before beeing initialized
2024-06-23 17:04:52,645 [ERROR] CADModel:125 - Updater not yet initialized, retry later 
2024-06-23 17:04:52,737 [INFO] CADModel:165 - CPN selected for project level
2024-06-23 17:04:52,737 [INFO] CADModel:114 - Register for checkConnection events
2024-06-23 17:04:52,737 [FATAL] Updater:308 - Updater called before beeing initialized
2024-06-23 17:04:52,737 [ERROR] CADModel:125 - Updater not yet initialized, retry later 
2024-06-23 17:04:52,739 [FATAL] Updater:308 - Updater called before beeing initialized
2024-06-23 17:04:52,803 [FATAL] Updater:308 - Updater called before beeing initialized
2024-06-23 17:04:52,810 [INFO] DbMcusAds:53 - JSON generation date=Thu May 16 12:22:00 EEST 2024 (1715851320852)
2024-06-23 17:04:52,810 [FATAL] Updater:308 - Updater called before beeing initialized
2024-06-23 17:04:52,838 [WARN] DetailPanel:346 - Failed to get advertising image, set to default
2024-06-23 17:04:52,910 [FATAL] Updater:308 - Updater called before beeing initialized
2024-06-23 17:04:52,911 [FATAL] Updater:308 - Updater called before beeing initialized
2024-06-23 17:04:52,913 [FATAL] Updater:308 - Updater called before beeing initialized
2024-06-23 17:04:52,913 [WARN] DetailPanel:346 - Failed to get advertising image, set to default
2024-06-23 17:04:52,913 [FATAL] Updater:308 - Updater called before beeing initialized
2024-06-23 17:04:52,967 [ERROR] Updater:1120 - MainUpdater not yet initialized. External WinMGr cannot be set.
2024-06-23 17:04:52,974 [INFO] Updater:1056 - Updater Version found : 6.11.0
2024-06-23 17:04:52,989 [INFO] ApplicationProperties:184 - Using Application install path: C:\ST\STM32CubeIDE_1.15.0\STM32CubeIDE\plugins\com.st.stm32cube.common.mx_6.11.0.202403141607
2024-06-23 17:04:54,015 [INFO] ThirdPartyUpdaterWithRetryManager:70 - Updater plugin not ready yet. [2/15]
2024-06-23 17:04:54,560 [ERROR] LogOutputStream:75 - [STDERR_REDIRECT] Jun 23, 2024 5:04:54 PM java.util.prefs.WindowsPreferences <init>
2024-06-23 17:04:54,561 [ERROR] LogOutputStream:75 - [STDERR_REDIRECT] WARNING: Could not open/create prefs root node Software\JavaSoft\Prefs at root 0xffffffff80000002. Windows RegCreateKeyEx(...) returned error code 5.
2024-06-23 17:04:54,561 [ERROR] LogOutputStream:75 - [STDERR_REDIRECT] 
2024-06-23 17:04:54,784 [INFO] MainUpdater:2873 - connection check result : 10
2024-06-23 17:04:54,784 [INFO] MainUpdater:290 - Updater Check For Update Now.
2024-06-23 17:04:54,784 [INFO] MicroXplorer:498 - Change Database Version : DB.6.0.110
2024-06-23 17:04:54,793 [INFO] McuFinderGlobals:63 - Set McuFinder mode to 2 (CubeIDE integrated)
2024-06-23 17:04:54,793 [INFO] UserAuth:179 - activating auth plugin
2024-06-23 17:04:54,794 [INFO] UserAuth:415 - Internet connection configuration mode: 1
2024-06-23 17:04:54,811 [INFO] JxBrowserEngine:152 - Initiate JxBrowser Engine with user profile folder
2024-06-23 17:04:54,951 [INFO] CheckServerUpdateThread:120 - End of CheckServer Thread
2024-06-23 17:04:57,131 [WARN] PackLoader:240 - Cannot read IP mode file for STMicroelectronics.FP-SNS-MOTENVWB1.1.4.0
2024-06-23 17:04:57,142 [WARN] PackLoader:240 - Cannot read IP mode file for STMicroelectronics.X-CUBE-SMBUS.2.1.0
2024-06-23 17:04:57,151 [WARN] PackLoader:240 - Cannot read IP mode file for STMicroelectronics.X-CUBE-TOUCHGFX.4.23.2
2024-06-23 17:04:57,175 [WARN] PackLoader:240 - Cannot read IP mode file for STMicroelectronics.X-CUBE-AZRTOS-F7.1.1.0
2024-06-23 17:04:57,184 [WARN] PackLoader:240 - Cannot read IP mode file for STMicroelectronics.FP-SNS-FLIGHT1.5.0.2
2024-06-23 17:04:57,195 [WARN] PackLoader:240 - Cannot read IP mode file for STMicroelectronics.X-CUBE-DISPLAY.3.0.0
2024-06-23 17:04:57,208 [WARN] PackLoader:240 - Cannot read IP mode file for STMicroelectronics.X-CUBE-BLE1.7.0.0
2024-06-23 17:04:57,216 [WARN] PackLoader:240 - Cannot read IP mode file for emotas.I-CUBE-CANOPEN.1.3.0
2024-06-23 17:04:57,227 [WARN] PackLoader:240 - Cannot read IP mode file for STMicroelectronics.X-CUBE-BLEMGR.3.1.0
2024-06-23 17:04:57,235 [WARN] PackLoader:240 - Cannot read IP mode file for STMicroelectronics.FP-SNS-SMARTAG2.1.2.0
2024-06-23 17:04:57,247 [INFO] LogOutputStream:77 - [STDOUT_REDIRECT] 1 : Invalid condition id : UX_CORESTACK_Condition cause : null
2024-06-23 17:04:57,247 [INFO] LogOutputStream:77 - [STDOUT_REDIRECT] 1 : Invalid condition id : UX_CORESTACK_Condition cause : null
2024-06-23 17:04:57,248 [INFO] LogOutputStream:77 - [STDOUT_REDIRECT] 1 : Invalid condition id : UX_CORESTACK_Condition cause : null
2024-06-23 17:04:57,248 [INFO] LogOutputStream:77 - [STDOUT_REDIRECT] 1 : Invalid condition id : UX_CORESTACK_Condition cause : null
2024-06-23 17:04:57,249 [INFO] LogOutputStream:77 - [STDOUT_REDIRECT] 1 : Invalid condition id : UX_CORESTACK_Condition cause : null
2024-06-23 17:04:57,251 [WARN] PackLoader:240 - Cannot read IP mode file for STMicroelectronics.X-CUBE-AZRTOS-WL.2.0.0
2024-06-23 17:04:57,260 [WARN] PackLoader:240 - Cannot read IP mode file for STMicroelectronics.FP-SNS-MOTENV1.5.0.0
2024-06-23 17:04:57,268 [WARN] PackLoader:240 - Cannot read IP mode file for wolfSSL.I-CUBE-wolfMQTT.1.19.0
2024-06-23 17:04:57,277 [WARN] PackLoader:240 - Cannot read IP mode file for WES.I-CUBE-Cesium.1.3.0
2024-06-23 17:04:57,284 [WARN] PackLoader:240 - Cannot read IP mode file for STMicroelectronics.X-CUBE-BLE2.3.3.0
2024-06-23 17:04:57,291 [WARN] PackLoader:240 - Cannot read IP mode file for STMicroelectronics.X-CUBE-TCPP.4.1.0
2024-06-23 17:04:57,301 [WARN] PackLoader:240 - Cannot read IP mode file for STMicroelectronics.X-CUBE-ALGOBUILD.1.3.0
2024-06-23 17:04:57,318 [WARN] PackLoader:240 - Cannot read IP mode file for STMicroelectronics.X-CUBE-AZRTOS-G0.1.1.0
2024-06-23 17:04:57,329 [WARN] PackLoader:240 - Cannot read IP mode file for STMicroelectronics.X-CUBE-SAFEA1.1.2.2
2024-06-23 17:04:57,339 [WARN] PackLoader:240 - Cannot read IP mode file for STMicroelectronics.X-CUBE-NFC4.3.0.0
2024-06-23 17:04:57,347 [WARN] PackLoader:240 - Cannot read IP mode file for wolfSSL.I-CUBE-wolfSSL.5.7.0
2024-06-23 17:04:57,353 [WARN] PackLoader:240 - Cannot read IP mode file for STMicroelectronics.FP-ATR-SIGFOX1.3.2.0
2024-06-23 17:04:57,361 [WARN] PackLoader:240 - Cannot read IP mode file for STMicroelectronics.X-CUBE-EEPRMA1.5.1.0
2024-06-23 17:04:57,375 [WARN] PackLoader:240 - Cannot read IP mode file for ITTIA_DB.I-CUBE-ITTIADB.8.9.0
2024-06-23 17:04:57,395 [WARN] PackLoader:240 - Cannot read IP mode file for SEGGER.I-CUBE-embOS.1.3.1
2024-06-23 17:04:57,421 [WARN] PackLoader:240 - Cannot read IP mode file for STMicroelectronics.X-CUBE-ALGOBUILD.1.4.0
2024-06-23 17:04:57,429 [WARN] PackLoader:240 - Cannot read IP mode file for STMicroelectronics.X-CUBE-GNSS1.6.0.0
2024-06-23 17:04:57,447 [WARN] PackLoader:240 - Cannot read IP mode file for STMicroelectronics.X-CUBE-AZRTOS-F4.1.1.0
2024-06-23 17:04:57,458 [WARN] PackLoader:240 - Cannot read IP mode file for STMicroelectronics.X-CUBE-FREERTOS.1.2.0
2024-06-23 17:04:57,474 [WARN] PackLoader:240 - Cannot read IP mode file for STMicroelectronics.X-CUBE-AZRTOS-L5.2.0.0
2024-06-23 17:04:57,484 [WARN] PackLoader:240 - Cannot read IP mode file for STMicroelectronics.X-CUBE-NFC6.3.1.0
2024-06-23 17:04:57,493 [WARN] PackLoader:240 - Cannot read IP mode file for STMicroelectronics.X-CUBE-AI.9.0.0
2024-06-23 17:04:57,501 [WARN] PackLoader:240 - Cannot read IP mode file for STMicroelectronics.X-CUBE-NFC7.1.0.1
2024-06-23 17:04:57,517 [WARN] ConditionMgr:438 - getConditionDescription Invalid condition id : LAN8742 Phy interface Condition cause : null
2024-06-23 17:04:57,517 [WARN] PackLoader:240 - Cannot read IP mode file for STMicroelectronics.X-CUBE-AZRTOS-L4.2.0.0
2024-06-23 17:04:57,518 [WARN] ConditionMgr:1039 - genDependencies : Invalid condition id : LAN8742 Phy interface Condition cause : null
2024-06-23 17:04:57,518 [WARN] ConditionMgr:1039 - genDependencies : Invalid condition id : LAN8742 Phy interface Condition cause : null
2024-06-23 17:04:57,518 [WARN] ConditionMgr:1039 - genDependencies : Invalid condition id : LAN8742 Phy interface Condition cause : null
2024-06-23 17:04:57,528 [WARN] PackLoader:240 - Cannot read IP mode file for STMicroelectronics.X-CUBE-SFXS2LP1.4.0.0
2024-06-23 17:04:57,543 [WARN] ConditionMgr:438 - getConditionDescription Invalid condition id : UX DEVICE CLASS RTOS Condition cause : null
2024-06-23 17:04:57,543 [WARN] ConditionMgr:438 - getConditionDescription Invalid condition id : UX DEVICE CLASS RTOS Condition cause : null
2024-06-23 17:04:57,543 [WARN] PackLoader:240 - Cannot read IP mode file for STMicroelectronics.X-CUBE-AZRTOS-WB.2.0.0
2024-06-23 17:04:57,543 [WARN] ConditionMgr:1039 - genDependencies : Invalid condition id : UX DEVICE CLASS RTOS Condition cause : null
2024-06-23 17:04:57,545 [WARN] ConditionMgr:1039 - genDependencies : Invalid condition id : UX DEVICE CLASS RTOS Condition cause : null
2024-06-23 17:04:57,545 [WARN] ConditionMgr:1039 - genDependencies : Invalid condition id : UX DEVICE CLASS RTOS Condition cause : null
2024-06-23 17:04:57,545 [WARN] ConditionMgr:1039 - genDependencies : Invalid condition id : UX DEVICE CLASS RTOS Condition cause : null
2024-06-23 17:04:57,545 [WARN] ConditionMgr:1039 - genDependencies : Invalid condition id : UX DEVICE CLASS RTOS Condition cause : null
2024-06-23 17:04:57,558 [WARN] PackLoader:240 - Cannot read IP mode file for STMicroelectronics.X-CUBE-SUBG2.5.0.0
2024-06-23 17:04:57,570 [WARN] PackLoader:240 - Cannot read IP mode file for Cesanta.I-CUBE-Mongoose.7.13.0
2024-06-23 17:04:57,590 [WARN] PackLoader:240 - Cannot read IP mode file for STMicroelectronics.X-CUBE-AZRTOS-G4.2.0.0
2024-06-23 17:04:57,606 [WARN] PackLoader:240 - Cannot read IP mode file for STMicroelectronics.X-CUBE-ISPU.2.0.0
2024-06-23 17:04:57,618 [WARN] PackLoader:240 - Cannot read IP mode file for STMicroelectronics.X-CUBE-ALS.1.0.2
2024-06-23 17:04:57,647 [WARN] PackLoader:240 - Cannot read IP mode file for STMicroelectronics.X-CUBE-MEMS1.10.0.0
2024-06-23 17:04:57,698 [WARN] PackLoader:240 - Cannot read IP mode file for STMicroelectronics.X-CUBE-FREERTOS.1.1.0
2024-06-23 17:04:57,707 [WARN] PackLoader:240 - Cannot read IP mode file for portGmbH.I-Cube-SoM-uGOAL.1.1.0
2024-06-23 17:04:57,715 [WARN] PackLoader:240 - Cannot read IP mode file for STMicroelectronics.X-CUBE-ALS.1.0.1
2024-06-23 17:04:57,736 [WARN] PackLoader:240 - Cannot read IP mode file for STMicroelectronics.X-CUBE-AZRTOS-H7RS.1.0.0
2024-06-23 17:04:57,745 [WARN] PackLoader:240 - Cannot read IP mode file for STMicroelectronics.FP-ATR-ASTRA1.2.0.0
2024-06-23 17:04:57,771 [WARN] PackLoader:240 - Cannot read IP mode file for STMicroelectronics.X-CUBE-TOF1.3.4.1
2024-06-23 17:04:57,807 [WARN] PackLoader:240 - Cannot read IP mode file for STMicroelectronics.X-CUBE-AZRTOS-H7.3.2.0
2024-06-23 17:04:57,827 [WARN] PackLoader:240 - Cannot read IP mode file for Infineon.AIROC-Wi-Fi-Bluetooth-STM32.1.6.0
2024-06-23 17:04:57,832 [INFO] ThirdParty:978 - Integrity check success = true
2024-06-23 17:04:57,832 [INFO] IntegrityCheckThread:100 - exiting critical section [integrity check]
2024-06-23 17:04:57,832 [INFO] IntegrityCheckThread:103 - End integrity checks thread
2024-06-23 17:04:58,581 [INFO] WebApp:161 - Instantiating new browser for Auth
2024-06-23 17:04:58,962 [INFO] WebApp:779 - Register for checkConnection events
2024-06-23 17:04:58,962 [INFO] WebApp:414 - Apply proxy settings
2024-06-23 17:04:58,962 [INFO] WebApp:499 - Chromium requires no authentication
2024-06-23 17:04:58,967 [INFO] WebApp:442 - Direct internet connection detected
2024-06-23 17:04:59,079 [INFO] WebApp:192 - Starting web application
2024-06-23 17:04:59,079 [INFO] WebApp:544 - Web application path used C:\ST\STM32CubeIDE_1.15.0\STM32CubeIDE\plugins\com.st.stm32cube.common.mx_6.11.0.202403141607\db\plugins\mcufinder\reactClient1\index.html
2024-06-23 17:05:06,801 [INFO] McuFinderGlobals:63 - Set McuFinder mode to 2 (CubeIDE integrated)
2024-06-23 17:05:06,819 [INFO] MainUpdater:2873 - connection check result : 10
2024-06-23 17:05:06,823 [INFO] MainUpdater:2873 - connection check result : 10
2024-06-23 17:05:06,909 [INFO] MicroXplorer:468 - Change Database Path : 
2024-06-23 17:05:06,909 [INFO] MicroXplorer:498 - Change Database Version : DB.6.0.110
2024-06-23 17:05:06,914 [WARN] ThirdParty:871 - waiting for thirdparty lock release [close project]
2024-06-23 17:05:06,914 [INFO] ThirdParty:873 - entering critical section [close project]
2024-06-23 17:05:06,914 [INFO] ThirdParty:883 - exiting critical section [close project]
2024-06-23 17:05:06,915 [INFO] PinOutPanel:1561 - setPackage(No Configuration,No Configuration)
2024-06-23 17:05:06,917 [INFO] UtilMem:75 - Begin LoadConfig() Used Memory: 164882424 Bytes (268435456)
2024-06-23 17:05:06,918 [INFO] MicroXplorer:468 - Change Database Path : 
2024-06-23 17:05:06,918 [INFO] MicroXplorer:498 - Change Database Version : DB.6.0.110
2024-06-23 17:05:06,918 [INFO] OpenFileManager:312 - Change cursor
2024-06-23 17:05:06,937 [INFO] Mcu:2021 - Initializing MCU STM32F446R(C-E)Tx STM32F446RETx STM32F446RET6
2024-06-23 17:05:08,090 [INFO] Context:663 - Trying to add GPIOservice into a context  which must be forbidden
2024-06-23 17:05:08,523 [INFO] RtosManager:555 - Registered RTOS mode: class=CMSIS, group=RTOS, mode=CMSIS_V1, owner=FREERTOS
2024-06-23 17:05:08,523 [INFO] RtosManager:555 - Registered RTOS mode: class=CMSIS, group=RTOS2, mode=CMSIS_V2, owner=FREERTOS
2024-06-23 17:05:08,523 [INFO] RtosManager:555 - Registered RTOS mode: class=RTOS, group=Core, mode=CMSIS_V1, owner=FREERTOS
2024-06-23 17:05:08,523 [INFO] RtosManager:555 - Registered RTOS mode: class=RTOS, group=Core, mode=CMSIS_V2, owner=FREERTOS
2024-06-23 17:05:08,523 [WARN] ModelIntegratedComponent:184 - Missing modes for component STMicroelectronics:FreeRTOS:0.0.1:STMicroelectronics:RTOS:FreeRTOS:Core:::10.2.0:
2024-06-23 17:05:08,531 [WARN] ModelIntegratedComponent:63 - No mode defined for component null
2024-06-23 17:05:08,531 [WARN] ModelIntegratedComponent:63 - No mode defined for component null
2024-06-23 17:05:08,531 [WARN] ModelIntegratedComponent:63 - No mode defined for component null
2024-06-23 17:05:08,531 [WARN] ModelIntegratedComponent:63 - No mode defined for component null
2024-06-23 17:05:08,531 [WARN] ModelIntegratedComponent:63 - No mode defined for component null
2024-06-23 17:05:08,531 [WARN] ModelIntegratedComponent:63 - No mode defined for component null
2024-06-23 17:05:08,531 [WARN] ModelIntegratedComponent:63 - No mode defined for component null
2024-06-23 17:05:08,531 [WARN] ModelIntegratedComponent:63 - No mode defined for component null
2024-06-23 17:05:08,531 [WARN] ModelIntegratedComponent:63 - No mode defined for component null
2024-06-23 17:05:08,531 [WARN] ModelIntegratedComponent:63 - No mode defined for component null
2024-06-23 17:05:08,531 [WARN] ModelIntegratedComponent:63 - No mode defined for component null
2024-06-23 17:05:08,531 [WARN] ModelIntegratedComponent:63 - No mode defined for component null
2024-06-23 17:05:08,531 [WARN] ModelIntegratedComponent:63 - No mode defined for component null
2024-06-23 17:05:08,531 [WARN] ModelIntegratedComponent:63 - No mode defined for component null
2024-06-23 17:05:08,531 [WARN] ModelIntegratedComponent:63 - No mode defined for component null
2024-06-23 17:05:08,531 [WARN] ModelIntegratedComponent:63 - No mode defined for component null
2024-06-23 17:05:08,531 [WARN] ModelIntegratedComponent:63 - No mode defined for component null
2024-06-23 17:05:08,531 [WARN] ModelIntegratedComponent:63 - No mode defined for component null
2024-06-23 17:05:08,531 [WARN] ModelIntegratedComponent:63 - No mode defined for component null
2024-06-23 17:05:08,531 [WARN] ModelIntegratedComponent:63 - No mode defined for component null
2024-06-23 17:05:08,532 [WARN] ModelIntegratedComponent:63 - No mode defined for component null
2024-06-23 17:05:08,532 [WARN] ModelIntegratedComponent:63 - No mode defined for component null
2024-06-23 17:05:08,532 [WARN] ModelIntegratedComponent:63 - No mode defined for component null
2024-06-23 17:05:08,532 [WARN] ModelIntegratedComponent:63 - No mode defined for component null
2024-06-23 17:05:08,532 [WARN] ModelIntegratedComponent:63 - No mode defined for component null
2024-06-23 17:05:08,532 [WARN] ModelIntegratedComponent:63 - No mode defined for component null
2024-06-23 17:05:08,532 [WARN] ModelIntegratedComponent:63 - No mode defined for component null
2024-06-23 17:05:08,532 [WARN] ModelIntegratedComponent:63 - No mode defined for component null
2024-06-23 17:05:08,532 [WARN] ModelIntegratedComponent:63 - No mode defined for component null
2024-06-23 17:05:08,532 [WARN] ModelIntegratedComponent:63 - No mode defined for component null
2024-06-23 17:05:08,532 [WARN] ModelIntegratedComponent:63 - No mode defined for component null
2024-06-23 17:05:08,532 [WARN] ModelIntegratedComponent:63 - No mode defined for component null
2024-06-23 17:05:08,532 [WARN] ModelIntegratedComponent:63 - No mode defined for component null
2024-06-23 17:05:08,532 [WARN] ModelIntegratedComponent:63 - No mode defined for component null
2024-06-23 17:05:08,605 [INFO] ThirdPartyModel:298 - Start build external matchings
2024-06-23 17:05:08,757 [INFO] ThirdPartyModel:316 - End build external matchings
2024-06-23 17:05:08,974 [INFO] ApiDb:581 - Connected to CubeFinder SQLite database (C:\Users\alexl\.stmcufinder\plugins\mcufinder\mcu\cube-finder-db.db)
2024-06-23 17:05:09,036 [INFO] ApiDb:668 - CubeFinder database Data Model version=2.1
2024-06-23 17:05:09,036 [INFO] ApiDb:669 - CubeFinder database Configuration version=3.0.39
2024-06-23 17:05:09,037 [INFO] ApiDb:670 - CubeFinder database generation date=2024-06-05 (1717578087)
2024-06-23 17:05:09,037 [INFO] ApiDb:671 - CubeFinder database FW Pack versions=[FP-ATR-ASTRA1_V2.0.0, FP-SNS-FLIGHT1_V5.0.1, FP-SNS-FLIGHT1_V5.0.2, FP-SNS-MOTENV1_V4.3.1, FP-SNS-MOTENV1_V4.3.2, FP-SNS-MOTENV1_V5.0.0, FP-SNS-MOTENVWB1_V1.4.0, FP-SNS-SMARTAG2_V1.2.0, STM32Cube_FW_C0_V1.1.0, STM32Cube_FW_F4_V1.28.0, STM32Cube_FW_F7_V1.17.2, STM32Cube_FW_G0_V1.6.2, STM32Cube_FW_G4_V1.5.2, STM32Cube_FW_H5_V0.5.1, STM32Cube_FW_H5_V1.1.1, STM32Cube_FW_H5_V1.2.0, STM32Cube_FW_H5_V1.2.0RC4, STM32Cube_FW_H7RS_V1.0.0, STM32Cube_FW_H7RS_V1.0.0RC4, STM32Cube_FW_H7_V1.11.2, STM32Cube_FW_L0_V1.12.2, STM32Cube_FW_L5_V1.5.1, STM32Cube_FW_U0_V1.0.0, STM32Cube_FW_U0_V1.0.0RC1, STM32Cube_FW_U5_V1.3.0RC4, STM32Cube_FW_U5_V1.5.0, STM32Cube_FW_U5_V1.5.0RC1, STM32Cube_FW_WBA_V1.0.0RC1, STM32Cube_FW_WBA_V1.2.0, STM32Cube_FW_WBA_V1.2.0RC2, STM32Cube_FW_WBA_V1.3.0RC1, STM32Cube_FW_WBA_V1.3.1, STM32Cube_FW_WB_V1.15.0RC1, STM32Cube_FW_WB_V1.16.0, STM32Cube_FW_WB_V1.16.0RC2, STM32Cube_FW_WB_V1.18.0, STM32Cube_FW_WB_V1.19.0, STM32Cube_FW_WL_V1.3.0, X-CUBE-ALGOBUILD_V1.4.0, X-CUBE-ALS_V1.0.1, X-CUBE-ALS_V1.0.2, X-CUBE-AZRTOS-F4_V1.1.0, X-CUBE-AZRTOS-F7_V1.1.0, X-CUBE-AZRTOS-G0_V1.1.0, X-CUBE-AZRTOS-G4_V2.0.0, X-CUBE-AZRTOS-H7RS_V1.0.0, X-CUBE-AZRTOS-H7_V3.2.0, X-CUBE-AZRTOS-L4_V1.0.0, X-CUBE-AZRTOS-L4_V2.0.0, X-CUBE-AZRTOS-L5_V1.1.0, X-CUBE-AZRTOS-WB_V2.0.0, X-CUBE-AZRTOS-WL_V2.0.0, X-CUBE-BLE1_V7.0.0, X-CUBE-BLE2_V3.3.0, X-CUBE-BLEMGR_V3.1.0, X-CUBE-EEPRMA1_V4.1.0, X-CUBE-EEPRMA1_V5.1.0, X-CUBE-FREERTOS_V1.2.0, X-CUBE-GNSS1_V6.0.0, X-CUBE-MEMS1_V10.0.0, X-CUBE-MEMS1_V9.1.0, X-CUBE-MEMS1_V9.4.0, X-CUBE-MEMS1_V9.6.0, X-CUBE-NFC4_V3.0.0, X-CUBE-NFC7_V1.0.1, X-CUBE-SFXS2LP1_V4.0.0, X-CUBE-SUBG2_V5.0.0, X-CUBE-TOF1_V3.4.1]
2024-06-23 17:05:09,131 [INFO] DbBoardsSqlite:226 - include board P-NUCLEO-WB55-NUCLEO as a kit item of type 'Nucleo-64'
2024-06-23 17:05:09,132 [INFO] DbBoardsSqlite:226 - include board P-NUCLEO-WB55-USBDONGLE as a kit item of type 'Nucleo USB Dongle'
2024-06-23 17:05:09,134 [INFO] DbBoardsSqlite:226 - include board STEVAL-IDP005V1 as a kit item of type 'Evaluation Board'
2024-06-23 17:05:09,134 [INFO] DbBoardsSqlite:226 - include board STEVAL-IDP005V2 as a kit item of type 'Evaluation Board'
2024-06-23 17:05:09,560 [INFO] ApiDb:240 - Found 483 in-development CPN: [B-G473E-ZEST1S, B-WB1M-WPAN1, B-WL5M-SUBG1, NUCLEO-C031C6, NUCLEO-H503RB, NUCLEO-H533RE, NUCLEO-H563ZI, NUCLEO-H7S3L8, NUCLEO-U031R8, NUCLEO-U083RC, NUCLEO-U545RE-Q, NUCLEO-U5A5ZJ-Q, NUCLEO-WBA52CG, NUCLEO-WBA55CG, STEVAL-PROTEUS1, STEVAL-SMARTAG2, STEVAL-STWINBX1, STM320518-EVAL, STM32C0116-DK, STM32C011D6Y3TR, STM32C011D6Y6TR, STM32C011F4P3, STM32C011F4P6, STM32C011F4U3, STM32C011F4U6TR, STM32C011F6P3, STM32C011F6P6, STM32C011F6U3, STM32C011F6U6TR, STM32C011J4M3, STM32C011J4M6, STM32C011J6M3, STM32C011J6M6, STM32C0316-DK, STM32C031C4T3, STM32C031C4T6, STM32C031C4U3, STM32C031C4U6, STM32C031C6T3, STM32C031C6T6, STM32C031C6U3, STM32C031C6U6, STM32C031F4P3, STM32C031F4P6, STM32C031F6P3, STM32C031F6P6, STM32C031G4U3, STM32C031G4U6, STM32C031G6U3, STM32C031G6U6, STM32C031K4T3, STM32C031K4T6, STM32C031K4U3, STM32C031K4U6, STM32C031K6T3, STM32C031K6T6, STM32C031K6U3, STM32C031K6U6, STM32G071K8TXN, STM32G071K8UXN, STM32G081GBU6N, STM32G081KBT6N, STM32G081KBUXN, STM32G0B1CCT6N, STM32G0B1KCT6, STM32G0B1NEY6TR, STM32G0B1RCT6N, STM32G0C1CCT6, STM32G0C1CCT6N, STM32G0C1CCU6N, STM32G0C1CET6N, STM32G0C1CEU6N, STM32G0C1KCT6, STM32G0C1NEY6TR, STM32G0C1RCI6N, STM32G0C1RCT6N, STM32G0C1REI6N, STM32G0C1RET6N, STM32G0C1VCI6, STM32G0C1VEI6, STM32G471CCT6, STM32G471CCU6, STM32G471CET3, STM32G471CET6, STM32G471CEU3, STM32G471CEU6, STM32G471MCT6, STM32G471MET3, STM32G471MET6, STM32G471MEY6TR, STM32G471QCT6, STM32G471QET3, STM32G471RCT6, STM32G471RET3, STM32G471RET6, STM32G471VCH6, STM32G471VCI6, STM32G471VCT6, STM32G471VEH3, STM32G471VEH6, STM32G471VEI3, STM32G471VEI6, STM32G471VET3, STM32G471VET6, STM32G474CCT6, STM32H503CBT6, STM32H503CBU6, STM32H503EBY6TR, STM32H503KBU6, STM32H503RBT6, STM32H523CCT6, STM32H523CCU6, STM32H523CET6, STM32H523CEU6, STM32H523HEY6TR, STM32H523RCT6, STM32H523RET6, STM32H523VCI6, STM32H523VCT6, STM32H523VEI6, STM32H523VET6, STM32H523ZCJ6, STM32H523ZCT6, STM32H523ZEJ6, STM32H523ZET6, STM32H533CET6, STM32H533CEU6, STM32H533HEY6TR, STM32H533RET6, STM32H533VEI6, STM32H533VET6, STM32H533ZEJ6, STM32H533ZET6, STM32H562AGI6, STM32H562AII6, STM32H562IGK6, STM32H562IGT6, STM32H562IIK6, STM32H562IIT6, STM32H562RGT6, STM32H562RGV6, STM32H562RIT6, STM32H562RIV6, STM32H562VGT6, STM32H562VIT6, STM32H562ZGT6, STM32H562ZIT6, STM32H563AGI6, STM32H563AII3Q, STM32H563AII6, STM32H563IGK6, STM32H563IGT6, STM32H563IIK3Q, STM32H563IIK6, STM32H563IIT3Q, STM32H563IIT6, STM32H563MIY3QTR, STM32H563RGT6, STM32H563RGV6, STM32H563RIT6, STM32H563RIV6, STM32H563VGT6, STM32H563VIT3Q, STM32H563VIT6, STM32H563ZGT6, STM32H563ZIT3Q, STM32H563ZIT6, STM32H573AII3Q, STM32H573AII6, STM32H573I-DK, STM32H573IIK3Q, STM32H573IIK6, STM32H573IIT3Q, STM32H573IIT6, STM32H573MIY3QTR, STM32H573RIT6, STM32H573RIV6, STM32H573VIT3Q, STM32H573VIT6, STM32H573ZIT3Q, STM32H573ZIT6, STM32H7R3A8I6, STM32H7R3I8K6, STM32H7R3I8T6, STM32H7R3L8H6, STM32H7R3L8H6H, STM32H7R3R8V6, STM32H7R3V8H6, STM32H7R3V8T6, STM32H7R3V8Y6, STM32H7R3Z8J6, STM32H7R3Z8T6, STM32H7R7A8I6, STM32H7R7I8K6, STM32H7R7I8T6, STM32H7R7L8H6, STM32H7R7L8H6H, STM32H7R7Z8J6, STM32H7S3A8I6, STM32H7S3I8K6, STM32H7S3I8T6, STM32H7S3L8H6, STM32H7S3L8H6H, STM32H7S3R8V6, STM32H7S3V8H6, STM32H7S3V8T6, STM32H7S3V8Y6, STM32H7S3Z8J6, STM32H7S3Z8T6, STM32H7S78-DK, STM32H7S7A8I6, STM32H7S7I8K6, STM32H7S7I8T6, STM32H7S7L8H6, STM32H7S7L8H6H, STM32H7S7Z8J6, STM32L4R5QGI6STR, STM32MP131AAE3, STM32MP131AAF3, STM32MP131AAG3, STM32MP131CAE3, STM32MP131CAF3, STM32MP131CAG3, STM32MP131DAE7, STM32MP131DAF7, STM32MP131DAG7, STM32MP131FAE7, STM32MP131FAF7, STM32MP131FAG7, STM32MP133AAE3, STM32MP133AAF3, STM32MP133AAG3, STM32MP133CAE3, STM32MP133CAF3, STM32MP133CAG3, STM32MP133DAE7, STM32MP133DAF7, STM32MP133DAG7, STM32MP133FAE7, STM32MP133FAF7, STM32MP133FAG7, STM32MP135AAE3, STM32MP135AAF3, STM32MP135AAG3, STM32MP135CAE3, STM32MP135CAF3, STM32MP135CAG3, STM32MP135DAE7, STM32MP135DAF7, STM32MP135DAG7, STM32MP135F-DK, STM32MP135FAE7, STM32MP135FAF7, STM32MP135FAF7T, STM32MP135FAF7U, STM32MP135FAG7, STM32U031C6T6, STM32U031C6U6, STM32U031C8T6, STM32U031C8U6, STM32U031F4P6, STM32U031F6P6, STM32U031F8P6, STM32U031G6Y6TR, STM32U031G8Y6TR, STM32U031K4U6, STM32U031K6U6, STM32U031K8U6, STM32U031R6I6, STM32U031R6T6, STM32U031R8I6, STM32U031R8T6, STM32U073C8T6, STM32U073C8U6, STM32U073CBT6, STM32U073CBU6, STM32U073CCT6, STM32U073CCU6, STM32U073H8Y6TR, STM32U073HBY6TR, STM32U073HCY6TR, STM32U073K8U6, STM32U073KBU6, STM32U073KCU6, STM32U073M8I6, STM32U073M8T6, STM32U073MBI6, STM32U073MBT6, STM32U073MCI6, STM32U073MCT6, STM32U073R8I6, STM32U073R8T6, STM32U073RBI6, STM32U073RBT6, STM32U073RCI6, STM32U073RCT6, STM32U083C-DK, STM32U083CCT6, STM32U083CCU6, STM32U083HCY6TR, STM32U083KCU6, STM32U083MCI6, STM32U083MCT6, STM32U083RCI6, STM32U083RCT6, STM32U535CBT6, STM32U535CBT6Q, STM32U535CBU6, STM32U535CBU6Q, STM32U535CCT6, STM32U535CCT6Q, STM32U535CCU6, STM32U535CCU6Q, STM32U535CET6, STM32U535CET6Q, STM32U535CEU6, STM32U535CEU6Q, STM32U535JEY6QTR, STM32U535NCY6QTR, STM32U535NEY6QTR, STM32U535RBI6, STM32U535RBI6Q, STM32U535RBT6, STM32U535RBT6Q, STM32U535RCI6, STM32U535RCI6Q, STM32U535RCT6, STM32U535RCT6Q, STM32U535REI6, STM32U535REI6Q, STM32U535RET6, STM32U535RET6Q, STM32U535VCI6, STM32U535VCI6Q, STM32U535VCT6, STM32U535VCT6Q, STM32U535VEI6, STM32U535VEI6Q, STM32U535VET6, STM32U535VET6Q, STM32U545CET6, STM32U545CET6Q, STM32U545CEU6, STM32U545CEU6Q, STM32U545JEY6QTR, STM32U545NEY6QTR, STM32U545REI6, STM32U545REI6Q, STM32U545RET6, STM32U545RET6Q, STM32U545VEI6, STM32U545VEI6Q, STM32U545VET6, STM32U545VET6Q, STM32U595AIH6, STM32U595AIH6Q, STM32U595AJH6, STM32U595AJH6Q, STM32U595QII6, STM32U595QII6Q, STM32U595QJI6, STM32U595QJI6Q, STM32U595RIT6, STM32U595RIT6Q, STM32U595RJT6, STM32U595RJT6Q, STM32U595VIT6, STM32U595VIT6Q, STM32U595VJT6, STM32U595VJT6Q, STM32U595ZIT6, STM32U595ZIT6Q, STM32U595ZIY6QTR, STM32U595ZJT6, STM32U595ZJT6Q, STM32U595ZJY6QTR, STM32U599BJY6QTR, STM32U599NIH6Q, STM32U599NJH6Q, STM32U599VIT6Q, STM32U599VJT6, STM32U599VJT6Q, STM32U599ZIT6Q, STM32U599ZIY6QTR, STM32U599ZJT6Q, STM32U599ZJY6QTR, STM32U5A5AJH6, STM32U5A5AJH6Q, STM32U5A5QII3Q , STM32U5A5QJI6, STM32U5A5QJI6Q, STM32U5A5RJT6, STM32U5A5RJT6Q, STM32U5A5VJT6, STM32U5A5VJT6Q, STM32U5A5ZJT6, STM32U5A5ZJT6Q, STM32U5A5ZJY6QTR, STM32U5A9BJY6QTR, STM32U5A9J-DK, STM32U5A9NJH6Q, STM32U5A9VJT6Q, STM32U5A9ZJT6Q, STM32U5A9ZJY6QTR, STM32U5F7VIT6, STM32U5F7VIT6Q, STM32U5F7VJT6, STM32U5F7VJT6Q, STM32U5F9BJY6QTR, STM32U5F9NJH6Q, STM32U5F9VIT6Q, STM32U5F9VJT6Q, STM32U5F9ZIJ6QTR, STM32U5F9ZIT6Q, STM32U5F9ZJJ6QTR, STM32U5F9ZJT6Q, STM32U5G7VJT6, STM32U5G7VJT6Q, STM32U5G9BJY6QTR, STM32U5G9J-DK1, STM32U5G9J-DK2, STM32U5G9NJH6Q, STM32U5G9VJT6Q, STM32U5G9ZJJ6QTR, STM32U5G9ZJT6Q, STM32WB1MMCH6, STM32WBA50KEU6, STM32WBA50KEU6TR, STM32WBA50KGU6, STM32WBA50KGU6TR, STM32WBA52CEU6, STM32WBA52CEU6TR, STM32WBA52CEU7, STM32WBA52CEU7TR, STM32WBA52CGU6, STM32WBA52CGU6TR, STM32WBA52CGU6U, STM32WBA52CGU7, STM32WBA52CGU7TR, STM32WBA52KEU6, STM32WBA52KEU6TR, STM32WBA52KGU6, STM32WBA52KGU6TR, STM32WBA54CEU6, STM32WBA54CEU6TR, STM32WBA54CEU7, STM32WBA54CEU7TR, STM32WBA54CGU6, STM32WBA54CGU6TR, STM32WBA54CGU7, STM32WBA54CGU7TR, STM32WBA54KEU6, STM32WBA54KEU6TR, STM32WBA54KEU7, STM32WBA54KEU7TR, STM32WBA54KGU6, STM32WBA54KGU6TR, STM32WBA54KGU7, STM32WBA54KGU7TR, STM32WBA55CEU6, STM32WBA55CEU6TR, STM32WBA55CEU7, STM32WBA55CEU7TR, STM32WBA55CGU6, STM32WBA55CGU6TR, STM32WBA55CGU6U, STM32WBA55CGU7, STM32WBA55CGU7TR, STM32WBA55G-DK1, STM32WBA55HEF6, STM32WBA55HEF7, STM32WBA55HGF6, STM32WBA55HGF7, STM32WBA55UEI6, STM32WBA55UEI6TR, STM32WBA55UEI7, STM32WBA55UEI7TR, STM32WBA55UGI6, STM32WBA55UGI6TR, STM32WBA55UGI7, STM32WBA55UGI7TR, STM32WL5MOCH6, STM32WL5MOCH6TR]
2024-06-23 17:05:09,636 [INFO] BoardInfo:889 - No configuration file found for board P-NUCLEO-WB55
2024-06-23 17:05:09,636 [INFO] DbBoards:161 - Kit is not supported: P-NUCLEO-WB55
2024-06-23 17:05:09,639 [INFO] BoardInfo:889 - No configuration file found for board STEVAL-BFA001V1B
2024-06-23 17:05:09,640 [INFO] DbBoards:161 - Kit is not supported: STEVAL-BFA001V1B
2024-06-23 17:05:09,640 [INFO] BoardInfo:889 - No configuration file found for board STEVAL-BFA001V2B
2024-06-23 17:05:09,640 [INFO] DbBoards:161 - Kit is not supported: STEVAL-BFA001V2B
2024-06-23 17:05:09,734 [INFO] DbBoards:168 - Found 199 boards, 196 are supported
2024-06-23 17:05:09,734 [INFO] DbBoards:169 - Found 199 boards, 8 of them is supported for  Bsp
2024-06-23 17:05:09,737 [INFO] ApiDb:668 - CubeFinder database Data Model version=2.1
2024-06-23 17:05:09,737 [INFO] ApiDb:669 - CubeFinder database Configuration version=3.0.39
2024-06-23 17:05:09,737 [INFO] ApiDb:670 - CubeFinder database generation date=2024-06-05 (1717578087)
2024-06-23 17:05:09,737 [INFO] ApiDb:671 - CubeFinder database FW Pack versions=[FP-ATR-ASTRA1_V2.0.0, FP-SNS-FLIGHT1_V5.0.1, FP-SNS-FLIGHT1_V5.0.2, FP-SNS-MOTENV1_V4.3.1, FP-SNS-MOTENV1_V4.3.2, FP-SNS-MOTENV1_V5.0.0, FP-SNS-MOTENVWB1_V1.4.0, FP-SNS-SMARTAG2_V1.2.0, STM32Cube_FW_C0_V1.1.0, STM32Cube_FW_F4_V1.28.0, STM32Cube_FW_F7_V1.17.2, STM32Cube_FW_G0_V1.6.2, STM32Cube_FW_G4_V1.5.2, STM32Cube_FW_H5_V0.5.1, STM32Cube_FW_H5_V1.1.1, STM32Cube_FW_H5_V1.2.0, STM32Cube_FW_H5_V1.2.0RC4, STM32Cube_FW_H7RS_V1.0.0, STM32Cube_FW_H7RS_V1.0.0RC4, STM32Cube_FW_H7_V1.11.2, STM32Cube_FW_L0_V1.12.2, STM32Cube_FW_L5_V1.5.1, STM32Cube_FW_U0_V1.0.0, STM32Cube_FW_U0_V1.0.0RC1, STM32Cube_FW_U5_V1.3.0RC4, STM32Cube_FW_U5_V1.5.0, STM32Cube_FW_U5_V1.5.0RC1, STM32Cube_FW_WBA_V1.0.0RC1, STM32Cube_FW_WBA_V1.2.0, STM32Cube_FW_WBA_V1.2.0RC2, STM32Cube_FW_WBA_V1.3.0RC1, STM32Cube_FW_WBA_V1.3.1, STM32Cube_FW_WB_V1.15.0RC1, STM32Cube_FW_WB_V1.16.0, STM32Cube_FW_WB_V1.16.0RC2, STM32Cube_FW_WB_V1.18.0, STM32Cube_FW_WB_V1.19.0, STM32Cube_FW_WL_V1.3.0, X-CUBE-ALGOBUILD_V1.4.0, X-CUBE-ALS_V1.0.1, X-CUBE-ALS_V1.0.2, X-CUBE-AZRTOS-F4_V1.1.0, X-CUBE-AZRTOS-F7_V1.1.0, X-CUBE-AZRTOS-G0_V1.1.0, X-CUBE-AZRTOS-G4_V2.0.0, X-CUBE-AZRTOS-H7RS_V1.0.0, X-CUBE-AZRTOS-H7_V3.2.0, X-CUBE-AZRTOS-L4_V1.0.0, X-CUBE-AZRTOS-L4_V2.0.0, X-CUBE-AZRTOS-L5_V1.1.0, X-CUBE-AZRTOS-WB_V2.0.0, X-CUBE-AZRTOS-WL_V2.0.0, X-CUBE-BLE1_V7.0.0, X-CUBE-BLE2_V3.3.0, X-CUBE-BLEMGR_V3.1.0, X-CUBE-EEPRMA1_V4.1.0, X-CUBE-EEPRMA1_V5.1.0, X-CUBE-FREERTOS_V1.2.0, X-CUBE-GNSS1_V6.0.0, X-CUBE-MEMS1_V10.0.0, X-CUBE-MEMS1_V9.1.0, X-CUBE-MEMS1_V9.4.0, X-CUBE-MEMS1_V9.6.0, X-CUBE-NFC4_V3.0.0, X-CUBE-NFC7_V1.0.1, X-CUBE-SFXS2LP1_V4.0.0, X-CUBE-SUBG2_V5.0.0, X-CUBE-TOF1_V3.4.1]
2024-06-23 17:05:11,110 [INFO] ApiDb:240 - Found 483 in-development CPN: [B-G473E-ZEST1S, B-WB1M-WPAN1, B-WL5M-SUBG1, NUCLEO-C031C6, NUCLEO-H503RB, NUCLEO-H533RE, NUCLEO-H563ZI, NUCLEO-H7S3L8, NUCLEO-U031R8, NUCLEO-U083RC, NUCLEO-U545RE-Q, NUCLEO-U5A5ZJ-Q, NUCLEO-WBA52CG, NUCLEO-WBA55CG, STEVAL-PROTEUS1, STEVAL-SMARTAG2, STEVAL-STWINBX1, STM320518-EVAL, STM32C0116-DK, STM32C011D6Y3TR, STM32C011D6Y6TR, STM32C011F4P3, STM32C011F4P6, STM32C011F4U3, STM32C011F4U6TR, STM32C011F6P3, STM32C011F6P6, STM32C011F6U3, STM32C011F6U6TR, STM32C011J4M3, STM32C011J4M6, STM32C011J6M3, STM32C011J6M6, STM32C0316-DK, STM32C031C4T3, STM32C031C4T6, STM32C031C4U3, STM32C031C4U6, STM32C031C6T3, STM32C031C6T6, STM32C031C6U3, STM32C031C6U6, STM32C031F4P3, STM32C031F4P6, STM32C031F6P3, STM32C031F6P6, STM32C031G4U3, STM32C031G4U6, STM32C031G6U3, STM32C031G6U6, STM32C031K4T3, STM32C031K4T6, STM32C031K4U3, STM32C031K4U6, STM32C031K6T3, STM32C031K6T6, STM32C031K6U3, STM32C031K6U6, STM32G071K8TXN, STM32G071K8UXN, STM32G081GBU6N, STM32G081KBT6N, STM32G081KBUXN, STM32G0B1CCT6N, STM32G0B1KCT6, STM32G0B1NEY6TR, STM32G0B1RCT6N, STM32G0C1CCT6, STM32G0C1CCT6N, STM32G0C1CCU6N, STM32G0C1CET6N, STM32G0C1CEU6N, STM32G0C1KCT6, STM32G0C1NEY6TR, STM32G0C1RCI6N, STM32G0C1RCT6N, STM32G0C1REI6N, STM32G0C1RET6N, STM32G0C1VCI6, STM32G0C1VEI6, STM32G471CCT6, STM32G471CCU6, STM32G471CET3, STM32G471CET6, STM32G471CEU3, STM32G471CEU6, STM32G471MCT6, STM32G471MET3, STM32G471MET6, STM32G471MEY6TR, STM32G471QCT6, STM32G471QET3, STM32G471RCT6, STM32G471RET3, STM32G471RET6, STM32G471VCH6, STM32G471VCI6, STM32G471VCT6, STM32G471VEH3, STM32G471VEH6, STM32G471VEI3, STM32G471VEI6, STM32G471VET3, STM32G471VET6, STM32G474CCT6, STM32H503CBT6, STM32H503CBU6, STM32H503EBY6TR, STM32H503KBU6, STM32H503RBT6, STM32H523CCT6, STM32H523CCU6, STM32H523CET6, STM32H523CEU6, STM32H523HEY6TR, STM32H523RCT6, STM32H523RET6, STM32H523VCI6, STM32H523VCT6, STM32H523VEI6, STM32H523VET6, STM32H523ZCJ6, STM32H523ZCT6, STM32H523ZEJ6, STM32H523ZET6, STM32H533CET6, STM32H533CEU6, STM32H533HEY6TR, STM32H533RET6, STM32H533VEI6, STM32H533VET6, STM32H533ZEJ6, STM32H533ZET6, STM32H562AGI6, STM32H562AII6, STM32H562IGK6, STM32H562IGT6, STM32H562IIK6, STM32H562IIT6, STM32H562RGT6, STM32H562RGV6, STM32H562RIT6, STM32H562RIV6, STM32H562VGT6, STM32H562VIT6, STM32H562ZGT6, STM32H562ZIT6, STM32H563AGI6, STM32H563AII3Q, STM32H563AII6, STM32H563IGK6, STM32H563IGT6, STM32H563IIK3Q, STM32H563IIK6, STM32H563IIT3Q, STM32H563IIT6, STM32H563MIY3QTR, STM32H563RGT6, STM32H563RGV6, STM32H563RIT6, STM32H563RIV6, STM32H563VGT6, STM32H563VIT3Q, STM32H563VIT6, STM32H563ZGT6, STM32H563ZIT3Q, STM32H563ZIT6, STM32H573AII3Q, STM32H573AII6, STM32H573I-DK, STM32H573IIK3Q, STM32H573IIK6, STM32H573IIT3Q, STM32H573IIT6, STM32H573MIY3QTR, STM32H573RIT6, STM32H573RIV6, STM32H573VIT3Q, STM32H573VIT6, STM32H573ZIT3Q, STM32H573ZIT6, STM32H7R3A8I6, STM32H7R3I8K6, STM32H7R3I8T6, STM32H7R3L8H6, STM32H7R3L8H6H, STM32H7R3R8V6, STM32H7R3V8H6, STM32H7R3V8T6, STM32H7R3V8Y6, STM32H7R3Z8J6, STM32H7R3Z8T6, STM32H7R7A8I6, STM32H7R7I8K6, STM32H7R7I8T6, STM32H7R7L8H6, STM32H7R7L8H6H, STM32H7R7Z8J6, STM32H7S3A8I6, STM32H7S3I8K6, STM32H7S3I8T6, STM32H7S3L8H6, STM32H7S3L8H6H, STM32H7S3R8V6, STM32H7S3V8H6, STM32H7S3V8T6, STM32H7S3V8Y6, STM32H7S3Z8J6, STM32H7S3Z8T6, STM32H7S78-DK, STM32H7S7A8I6, STM32H7S7I8K6, STM32H7S7I8T6, STM32H7S7L8H6, STM32H7S7L8H6H, STM32H7S7Z8J6, STM32L4R5QGI6STR, STM32MP131AAE3, STM32MP131AAF3, STM32MP131AAG3, STM32MP131CAE3, STM32MP131CAF3, STM32MP131CAG3, STM32MP131DAE7, STM32MP131DAF7, STM32MP131DAG7, STM32MP131FAE7, STM32MP131FAF7, STM32MP131FAG7, STM32MP133AAE3, STM32MP133AAF3, STM32MP133AAG3, STM32MP133CAE3, STM32MP133CAF3, STM32MP133CAG3, STM32MP133DAE7, STM32MP133DAF7, STM32MP133DAG7, STM32MP133FAE7, STM32MP133FAF7, STM32MP133FAG7, STM32MP135AAE3, STM32MP135AAF3, STM32MP135AAG3, STM32MP135CAE3, STM32MP135CAF3, STM32MP135CAG3, STM32MP135DAE7, STM32MP135DAF7, STM32MP135DAG7, STM32MP135F-DK, STM32MP135FAE7, STM32MP135FAF7, STM32MP135FAF7T, STM32MP135FAF7U, STM32MP135FAG7, STM32U031C6T6, STM32U031C6U6, STM32U031C8T6, STM32U031C8U6, STM32U031F4P6, STM32U031F6P6, STM32U031F8P6, STM32U031G6Y6TR, STM32U031G8Y6TR, STM32U031K4U6, STM32U031K6U6, STM32U031K8U6, STM32U031R6I6, STM32U031R6T6, STM32U031R8I6, STM32U031R8T6, STM32U073C8T6, STM32U073C8U6, STM32U073CBT6, STM32U073CBU6, STM32U073CCT6, STM32U073CCU6, STM32U073H8Y6TR, STM32U073HBY6TR, STM32U073HCY6TR, STM32U073K8U6, STM32U073KBU6, STM32U073KCU6, STM32U073M8I6, STM32U073M8T6, STM32U073MBI6, STM32U073MBT6, STM32U073MCI6, STM32U073MCT6, STM32U073R8I6, STM32U073R8T6, STM32U073RBI6, STM32U073RBT6, STM32U073RCI6, STM32U073RCT6, STM32U083C-DK, STM32U083CCT6, STM32U083CCU6, STM32U083HCY6TR, STM32U083KCU6, STM32U083MCI6, STM32U083MCT6, STM32U083RCI6, STM32U083RCT6, STM32U535CBT6, STM32U535CBT6Q, STM32U535CBU6, STM32U535CBU6Q, STM32U535CCT6, STM32U535CCT6Q, STM32U535CCU6, STM32U535CCU6Q, STM32U535CET6, STM32U535CET6Q, STM32U535CEU6, STM32U535CEU6Q, STM32U535JEY6QTR, STM32U535NCY6QTR, STM32U535NEY6QTR, STM32U535RBI6, STM32U535RBI6Q, STM32U535RBT6, STM32U535RBT6Q, STM32U535RCI6, STM32U535RCI6Q, STM32U535RCT6, STM32U535RCT6Q, STM32U535REI6, STM32U535REI6Q, STM32U535RET6, STM32U535RET6Q, STM32U535VCI6, STM32U535VCI6Q, STM32U535VCT6, STM32U535VCT6Q, STM32U535VEI6, STM32U535VEI6Q, STM32U535VET6, STM32U535VET6Q, STM32U545CET6, STM32U545CET6Q, STM32U545CEU6, STM32U545CEU6Q, STM32U545JEY6QTR, STM32U545NEY6QTR, STM32U545REI6, STM32U545REI6Q, STM32U545RET6, STM32U545RET6Q, STM32U545VEI6, STM32U545VEI6Q, STM32U545VET6, STM32U545VET6Q, STM32U595AIH6, STM32U595AIH6Q, STM32U595AJH6, STM32U595AJH6Q, STM32U595QII6, STM32U595QII6Q, STM32U595QJI6, STM32U595QJI6Q, STM32U595RIT6, STM32U595RIT6Q, STM32U595RJT6, STM32U595RJT6Q, STM32U595VIT6, STM32U595VIT6Q, STM32U595VJT6, STM32U595VJT6Q, STM32U595ZIT6, STM32U595ZIT6Q, STM32U595ZIY6QTR, STM32U595ZJT6, STM32U595ZJT6Q, STM32U595ZJY6QTR, STM32U599BJY6QTR, STM32U599NIH6Q, STM32U599NJH6Q, STM32U599VIT6Q, STM32U599VJT6, STM32U599VJT6Q, STM32U599ZIT6Q, STM32U599ZIY6QTR, STM32U599ZJT6Q, STM32U599ZJY6QTR, STM32U5A5AJH6, STM32U5A5AJH6Q, STM32U5A5QII3Q , STM32U5A5QJI6, STM32U5A5QJI6Q, STM32U5A5RJT6, STM32U5A5RJT6Q, STM32U5A5VJT6, STM32U5A5VJT6Q, STM32U5A5ZJT6, STM32U5A5ZJT6Q, STM32U5A5ZJY6QTR, STM32U5A9BJY6QTR, STM32U5A9J-DK, STM32U5A9NJH6Q, STM32U5A9VJT6Q, STM32U5A9ZJT6Q, STM32U5A9ZJY6QTR, STM32U5F7VIT6, STM32U5F7VIT6Q, STM32U5F7VJT6, STM32U5F7VJT6Q, STM32U5F9BJY6QTR, STM32U5F9NJH6Q, STM32U5F9VIT6Q, STM32U5F9VJT6Q, STM32U5F9ZIJ6QTR, STM32U5F9ZIT6Q, STM32U5F9ZJJ6QTR, STM32U5F9ZJT6Q, STM32U5G7VJT6, STM32U5G7VJT6Q, STM32U5G9BJY6QTR, STM32U5G9J-DK1, STM32U5G9J-DK2, STM32U5G9NJH6Q, STM32U5G9VJT6Q, STM32U5G9ZJJ6QTR, STM32U5G9ZJT6Q, STM32WB1MMCH6, STM32WBA50KEU6, STM32WBA50KEU6TR, STM32WBA50KGU6, STM32WBA50KGU6TR, STM32WBA52CEU6, STM32WBA52CEU6TR, STM32WBA52CEU7, STM32WBA52CEU7TR, STM32WBA52CGU6, STM32WBA52CGU6TR, STM32WBA52CGU6U, STM32WBA52CGU7, STM32WBA52CGU7TR, STM32WBA52KEU6, STM32WBA52KEU6TR, STM32WBA52KGU6, STM32WBA52KGU6TR, STM32WBA54CEU6, STM32WBA54CEU6TR, STM32WBA54CEU7, STM32WBA54CEU7TR, STM32WBA54CGU6, STM32WBA54CGU6TR, STM32WBA54CGU7, STM32WBA54CGU7TR, STM32WBA54KEU6, STM32WBA54KEU6TR, STM32WBA54KEU7, STM32WBA54KEU7TR, STM32WBA54KGU6, STM32WBA54KGU6TR, STM32WBA54KGU7, STM32WBA54KGU7TR, STM32WBA55CEU6, STM32WBA55CEU6TR, STM32WBA55CEU7, STM32WBA55CEU7TR, STM32WBA55CGU6, STM32WBA55CGU6TR, STM32WBA55CGU6U, STM32WBA55CGU7, STM32WBA55CGU7TR, STM32WBA55G-DK1, STM32WBA55HEF6, STM32WBA55HEF7, STM32WBA55HGF6, STM32WBA55HGF7, STM32WBA55UEI6, STM32WBA55UEI6TR, STM32WBA55UEI7, STM32WBA55UEI7TR, STM32WBA55UGI6, STM32WBA55UGI6TR, STM32WBA55UGI7, STM32WBA55UGI7TR, STM32WL5MOCH6, STM32WL5MOCH6TR]
2024-06-23 17:05:11,113 [INFO] DbMcus:218 - Found 4096 MCUs, 4096 are supported
2024-06-23 17:05:11,113 [INFO] ApiDb:423 - Load user favorites file C:\Users\alexl/.stm32cubeide/favorites.mcus.txt: 0 item(s)
2024-06-23 17:05:11,113 [INFO] ApiDb:427 - User favorites MCUs=[]
2024-06-23 17:05:11,113 [INFO] DbMcus:224 - Set 0 / 0 favorites MCUs
2024-06-23 17:05:11,318 [INFO] ApiDb:423 - Load user favorites file C:\Users\alexl/.stm32cubeide/favorites.boards.txt: 0 item(s)
2024-06-23 17:05:11,318 [INFO] ApiDb:427 - User favorites Boards=[]
2024-06-23 17:05:11,319 [INFO] DbBoards:198 - Set 0 / 0 favorites Boards
2024-06-23 17:05:11,358 [INFO] UtilMem:75 - End LoadConfig() Used Memory: 190006256 Bytes (340787200)
2024-06-23 17:05:11,459 [WARN] ThirdParty:833 - waiting for thirdparty lock release [change project]
2024-06-23 17:05:11,459 [INFO] ThirdParty:835 - entering critical section [change project]
2024-06-23 17:05:11,459 [INFO] ThirdParty:1030 - CMSIS Pack Vendor :STMicroelectronics USBPD 4.1
2024-06-23 17:05:11,459 [INFO] ThirdParty:1030 - CMSIS Pack Vendor :STMicroelectronics X-CUBE-GNSS1 6.0.0
2024-06-23 17:05:11,459 [INFO] ThirdParty:1030 - CMSIS Pack Vendor :STMicroelectronics USB_HOST 2.0.0
2024-06-23 17:05:11,459 [INFO] ThirdParty:1030 - CMSIS Pack Vendor :STMicroelectronics FP-SNS-MOTENVWB1 1.4.0
2024-06-23 17:05:11,459 [INFO] ThirdParty:1030 - CMSIS Pack Vendor :STMicroelectronics X-CUBE-AZRTOS-F4 1.1.0
2024-06-23 17:05:11,459 [INFO] ThirdParty:1030 - CMSIS Pack Vendor :STMicroelectronics LIBJPEG 8.0.0
2024-06-23 17:05:11,459 [INFO] ThirdParty:1030 - CMSIS Pack Vendor :STMicroelectronics X-CUBE-SMBUS 2.1.0
2024-06-23 17:05:11,459 [INFO] ThirdParty:1030 - CMSIS Pack Vendor :STMicroelectronics USB_DEVICE 3.0.0
2024-06-23 17:05:11,459 [INFO] ThirdParty:1030 - CMSIS Pack Vendor :STMicroelectronics X-CUBE-TCPP 4.1.0
2024-06-23 17:05:11,459 [INFO] ThirdParty:1030 - CMSIS Pack Vendor :STMicroelectronics X-CUBE-FREERTOS 1.2.0
2024-06-23 17:05:11,459 [INFO] ThirdParty:1030 - CMSIS Pack Vendor :STMicroelectronics X-CUBE-AZRTOS-WB 2.0.0
2024-06-23 17:05:11,459 [INFO] ThirdParty:1030 - CMSIS Pack Vendor :STMicroelectronics X-CUBE-TOUCHGFX 4.23.2
2024-06-23 17:05:11,459 [INFO] ThirdParty:1030 - CMSIS Pack Vendor :STMicroelectronics X-CUBE-AZRTOS-F7 1.1.0
2024-06-23 17:05:11,459 [INFO] ThirdParty:1030 - CMSIS Pack Vendor :STMicroelectronics X-CUBE-AZRTOS-L5 2.0.0
2024-06-23 17:05:11,459 [INFO] ThirdParty:1030 - CMSIS Pack Vendor :STMicroelectronics USB_DEVICE 2.0.0
2024-06-23 17:05:11,459 [INFO] ThirdParty:1030 - CMSIS Pack Vendor :STMicroelectronics X-CUBE-NFC6 3.1.0
2024-06-23 17:05:11,460 [INFO] ThirdParty:1030 - CMSIS Pack Vendor :STMicroelectronics X-CUBE-ALGOBUILD 1.3.0
2024-06-23 17:05:11,460 [INFO] ThirdParty:1030 - CMSIS Pack Vendor :STMicroelectronics FreeRTOS 0.0.1
2024-06-23 17:05:11,460 [INFO] ThirdParty:1030 - CMSIS Pack Vendor :STMicroelectronics X-CUBE-AZRTOS-G0 1.1.0
2024-06-23 17:05:11,460 [INFO] ThirdParty:1030 - CMSIS Pack Vendor :STMicroelectronics X-CUBE-SAFEA1 1.2.2
2024-06-23 17:05:11,460 [INFO] ThirdParty:1030 - CMSIS Pack Vendor :STMicroelectronics X-CUBE-NFC4 3.0.0
2024-06-23 17:05:11,460 [INFO] ThirdParty:1030 - CMSIS Pack Vendor :STMicroelectronics X-CUBE-SUBG2 5.0.0
2024-06-23 17:05:11,460 [INFO] ThirdParty:1030 - CMSIS Pack Vendor :STMicroelectronics STM32_WPAN 1.0.0
2024-06-23 17:05:11,460 [INFO] ThirdParty:1030 - CMSIS Pack Vendor :STMicroelectronics lwIP 2.0.3
2024-06-23 17:05:11,460 [INFO] ThirdParty:1030 - CMSIS Pack Vendor :STMicroelectronics FP-SNS-FLIGHT1 5.0.2
2024-06-23 17:05:11,460 [INFO] ThirdParty:1030 - CMSIS Pack Vendor :Cesanta I-CUBE-Mongoose 7.13.0
2024-06-23 17:05:11,460 [INFO] ThirdParty:1030 - CMSIS Pack Vendor :STMicroelectronics USB_HOST 1.0.0
2024-06-23 17:05:11,460 [INFO] ThirdParty:1030 - CMSIS Pack Vendor :STMicroelectronics X-CUBE-AI 9.0.0
2024-06-23 17:05:11,460 [INFO] ThirdParty:1030 - CMSIS Pack Vendor :STMicroelectronics X-CUBE-AZRTOS-G4 2.0.0
2024-06-23 17:05:11,460 [INFO] ThirdParty:1030 - CMSIS Pack Vendor :STMicroelectronics PDM2PCM 3.1.0
2024-06-23 17:05:11,460 [INFO] ThirdParty:1030 - CMSIS Pack Vendor :STMicroelectronics PDM2PCM 3.3.0
2024-06-23 17:05:11,460 [INFO] ThirdParty:1030 - CMSIS Pack Vendor :STMicroelectronics X-CUBE-DISPLAY 3.0.0
2024-06-23 17:05:11,460 [INFO] ThirdParty:1030 - CMSIS Pack Vendor :wolfSSL I-CUBE-wolfSSL 5.7.0
2024-06-23 17:05:11,460 [INFO] ThirdParty:1030 - CMSIS Pack Vendor :STMicroelectronics X-CUBE-BLE1 7.0.0
2024-06-23 17:05:11,460 [INFO] ThirdParty:1030 - CMSIS Pack Vendor :STMicroelectronics FP-ATR-SIGFOX1 3.2.0
2024-06-23 17:05:11,460 [INFO] ThirdParty:1030 - CMSIS Pack Vendor :STMicroelectronics X-CUBE-ISPU 2.0.0
2024-06-23 17:05:11,460 [INFO] ThirdParty:1030 - CMSIS Pack Vendor :STMicroelectronics X-CUBE-EEPRMA1 5.1.0
2024-06-23 17:05:11,460 [INFO] ThirdParty:1030 - CMSIS Pack Vendor :STMicroelectronics HAL Drivers 0.0.0
2024-06-23 17:05:11,460 [INFO] ThirdParty:1030 - CMSIS Pack Vendor :STMicroelectronics MBEDTLS 2.16.2
2024-06-23 17:05:11,460 [INFO] ThirdParty:1030 - CMSIS Pack Vendor :STMicroelectronics X-CUBE-ALS 1.0.2
2024-06-23 17:05:11,460 [INFO] ThirdParty:1030 - CMSIS Pack Vendor :emotas I-CUBE-CANOPEN 1.3.0
2024-06-23 17:05:11,460 [INFO] ThirdParty:1030 - CMSIS Pack Vendor :STMicroelectronics X-CUBE-MEMS1 10.0.0
2024-06-23 17:05:11,460 [INFO] ThirdParty:1030 - CMSIS Pack Vendor :STMicroelectronics X-CUBE-FREERTOS 1.1.0
2024-06-23 17:05:11,460 [INFO] ThirdParty:1030 - CMSIS Pack Vendor :STMicroelectronics X-CUBE-NFC7 1.0.1
2024-06-23 17:05:11,460 [INFO] ThirdParty:1030 - CMSIS Pack Vendor :STMicroelectronics MBEDTLS 2.14.1
2024-06-23 17:05:11,460 [INFO] ThirdParty:1030 - CMSIS Pack Vendor :ITTIA_DB I-CUBE-ITTIADB 8.9.0
2024-06-23 17:05:11,460 [INFO] ThirdParty:1030 - CMSIS Pack Vendor :portGmbH I-Cube-SoM-uGOAL 1.1.0
2024-06-23 17:05:11,460 [INFO] ThirdParty:1030 - CMSIS Pack Vendor :STMicroelectronics X-CUBE-ALS 1.0.1
2024-06-23 17:05:11,460 [INFO] ThirdParty:1030 - CMSIS Pack Vendor :STMicroelectronics X-CUBE-BLEMGR 3.1.0
2024-06-23 17:05:11,460 [INFO] ThirdParty:1030 - CMSIS Pack Vendor :STMicroelectronics ThreadX 1.0.0
2024-06-23 17:05:11,460 [INFO] ThirdParty:1030 - CMSIS Pack Vendor :STMicroelectronics FP-SNS-SMARTAG2 1.2.0
2024-06-23 17:05:11,460 [INFO] ThirdParty:1030 - CMSIS Pack Vendor :STMicroelectronics X-CUBE-AZRTOS-WL 2.0.0
2024-06-23 17:05:11,460 [INFO] ThirdParty:1030 - CMSIS Pack Vendor :SEGGER I-CUBE-embOS 1.3.1
2024-06-23 17:05:11,460 [INFO] ThirdParty:1030 - CMSIS Pack Vendor :STMicroelectronics X-CUBE-ALGOBUILD 1.4.0
2024-06-23 17:05:11,460 [INFO] ThirdParty:1030 - CMSIS Pack Vendor :STMicroelectronics FP-SNS-MOTENV1 5.0.0
2024-06-23 17:05:11,461 [INFO] ThirdParty:1030 - CMSIS Pack Vendor :STMicroelectronics USB_DEVICE 1.0.0
2024-06-23 17:05:11,461 [INFO] ThirdParty:1030 - CMSIS Pack Vendor :STMicroelectronics X-CUBE-AZRTOS-H7RS 1.0.0
2024-06-23 17:05:11,461 [INFO] ThirdParty:1030 - CMSIS Pack Vendor :wolfSSL I-CUBE-wolfMQTT 1.19.0
2024-06-23 17:05:11,461 [INFO] ThirdParty:1030 - CMSIS Pack Vendor :STMicroelectronics X-CUBE-AZRTOS-L4 2.0.0
2024-06-23 17:05:11,461 [INFO] ThirdParty:1030 - CMSIS Pack Vendor :STMicroelectronics ThreadX 0.0.2
2024-06-23 17:05:11,461 [INFO] ThirdParty:1030 - CMSIS Pack Vendor :WES I-CUBE-Cesium 1.3.0
2024-06-23 17:05:11,461 [INFO] ThirdParty:1030 - CMSIS Pack Vendor :STMicroelectronics FP-ATR-ASTRA1 2.0.0
2024-06-23 17:05:11,461 [INFO] ThirdParty:1030 - CMSIS Pack Vendor :STMicroelectronics lwIP 2.1.2
2024-06-23 17:05:11,461 [INFO] ThirdParty:1030 - CMSIS Pack Vendor :STMicroelectronics X-CUBE-SFXS2LP1 4.0.0
2024-06-23 17:05:11,461 [INFO] ThirdParty:1030 - CMSIS Pack Vendor :STMicroelectronics X-CUBE-BLE2 3.3.0
2024-06-23 17:05:11,461 [INFO] ThirdParty:1030 - CMSIS Pack Vendor :STMicroelectronics X-CUBE-TOF1 3.4.1
2024-06-23 17:05:11,461 [INFO] ThirdParty:1030 - CMSIS Pack Vendor :STMicroelectronics X-CUBE-AZRTOS-H7 3.2.0
2024-06-23 17:05:11,461 [INFO] ThirdParty:1030 - CMSIS Pack Vendor :Infineon AIROC-Wi-Fi-Bluetooth-STM32 1.6.0
2024-06-23 17:05:11,461 [INFO] ThirdParty:1030 - CMSIS Pack Vendor :STMicroelectronics PDM2PCM 3.2.0
2024-06-23 17:05:11,461 [INFO] ThirdParty:841 - exiting critical section [change project]
2024-06-23 17:05:11,710 [INFO] PinOutPanel:1561 - setPackage(No Configuration,No Configuration)
2024-06-23 17:05:11,711 [INFO] PinOutPanel:1561 - setPackage(STM32F446RETx,LQFP64)
2024-06-23 17:05:12,041 [INFO] UtilMem:75 - Before build in PCC Used Memory: 247890880 Bytes (340787200)
2024-06-23 17:05:12,568 [INFO] UtilMem:75 - After build in PCC Used Memory: 217380704 Bytes (340787200)
2024-06-23 17:05:12,591 [INFO] IPUIPlugin:80 - create IPUIPlugin
2024-06-23 17:05:12,591 [INFO] IPUIPlugin:80 - create IPUIPlugin
2024-06-23 17:05:12,591 [INFO] IPUIPlugin:80 - create IPUIPlugin
2024-06-23 17:05:12,591 [INFO] IPUIPlugin:80 - create IPUIPlugin
2024-06-23 17:05:12,591 [INFO] IPUIPlugin:80 - create IPUIPlugin
2024-06-23 17:05:12,591 [INFO] IPUIPlugin:80 - create IPUIPlugin
2024-06-23 17:05:12,591 [INFO] IPUIPlugin:80 - create IPUIPlugin
2024-06-23 17:05:12,592 [INFO] IPUIPlugin:80 - create IPUIPlugin
2024-06-23 17:05:12,592 [INFO] IPUIPlugin:80 - create IPUIPlugin
2024-06-23 17:05:12,592 [INFO] IPUIPlugin:80 - create IPUIPlugin
2024-06-23 17:05:12,592 [INFO] IPUIPlugin:80 - create IPUIPlugin
2024-06-23 17:05:12,592 [INFO] IPUIPlugin:80 - create IPUIPlugin
2024-06-23 17:05:12,593 [INFO] IPUIPlugin:80 - create IPUIPlugin
2024-06-23 17:05:12,593 [INFO] IPUIPlugin:80 - create IPUIPlugin
2024-06-23 17:05:12,593 [INFO] IPUIPlugin:80 - create IPUIPlugin
2024-06-23 17:05:12,593 [INFO] IPUIPlugin:80 - create IPUIPlugin
2024-06-23 17:05:12,593 [INFO] IPUIPlugin:80 - create IPUIPlugin
2024-06-23 17:05:12,593 [INFO] IPUIPlugin:80 - create IPUIPlugin
2024-06-23 17:05:12,593 [INFO] IPUIPlugin:80 - create IPUIPlugin
2024-06-23 17:05:12,593 [INFO] IPUIPlugin:80 - create IPUIPlugin
2024-06-23 17:05:12,594 [INFO] IPUIPlugin:80 - create IPUIPlugin
2024-06-23 17:05:12,594 [INFO] IPUIPlugin:80 - create IPUIPlugin
2024-06-23 17:05:12,594 [INFO] IPUIPlugin:80 - create IPUIPlugin
2024-06-23 17:05:12,594 [INFO] IPUIPlugin:80 - create IPUIPlugin
2024-06-23 17:05:12,594 [INFO] IPUIPlugin:80 - create IPUIPlugin
2024-06-23 17:05:12,594 [INFO] IPUIPlugin:80 - create IPUIPlugin
2024-06-23 17:05:12,594 [INFO] IPUIPlugin:80 - create IPUIPlugin
2024-06-23 17:05:12,595 [INFO] IPUIPlugin:80 - create IPUIPlugin
2024-06-23 17:05:12,595 [INFO] IPUIPlugin:80 - create IPUIPlugin
2024-06-23 17:05:12,595 [INFO] IPUIPlugin:80 - create IPUIPlugin
2024-06-23 17:05:12,595 [INFO] IPUIPlugin:80 - create IPUIPlugin
2024-06-23 17:05:12,595 [INFO] IPUIPlugin:80 - create IPUIPlugin
2024-06-23 17:05:12,596 [INFO] IPUIPlugin:80 - create IPUIPlugin
2024-06-23 17:05:12,596 [INFO] IPUIPlugin:80 - create IPUIPlugin
2024-06-23 17:05:12,596 [INFO] IPUIPlugin:80 - create IPUIPlugin
2024-06-23 17:05:12,596 [INFO] IPUIPlugin:80 - create IPUIPlugin
2024-06-23 17:05:12,596 [INFO] IPUIPlugin:80 - create IPUIPlugin
2024-06-23 17:05:12,596 [INFO] IPUIPlugin:80 - create IPUIPlugin
2024-06-23 17:05:12,597 [INFO] IPUIPlugin:80 - create IPUIPlugin
2024-06-23 17:05:12,597 [INFO] IPUIPlugin:80 - create IPUIPlugin
2024-06-23 17:05:12,597 [INFO] IPUIPlugin:80 - create IPUIPlugin
2024-06-23 17:05:12,597 [INFO] IPUIPlugin:80 - create IPUIPlugin
2024-06-23 17:05:12,597 [INFO] IPUIPlugin:80 - create IPUIPlugin
2024-06-23 17:05:12,597 [INFO] IPUIPlugin:80 - create IPUIPlugin
2024-06-23 17:05:12,598 [INFO] IPUIPlugin:80 - create IPUIPlugin
2024-06-23 17:05:12,598 [INFO] IPUIPlugin:80 - create IPUIPlugin
2024-06-23 17:05:12,598 [INFO] IPUIPlugin:80 - create IPUIPlugin
2024-06-23 17:05:12,598 [INFO] IPUIPlugin:80 - create IPUIPlugin
2024-06-23 17:05:12,598 [INFO] IPUIPlugin:80 - create IPUIPlugin
2024-06-23 17:05:12,599 [INFO] IPUIPlugin:80 - create IPUIPlugin
2024-06-23 17:05:12,599 [INFO] IPUIPlugin:80 - create IPUIPlugin
2024-06-23 17:05:12,599 [INFO] IPUIPlugin:80 - create IPUIPlugin
2024-06-23 17:05:12,599 [INFO] IPUIPlugin:80 - create IPUIPlugin
2024-06-23 17:05:12,600 [INFO] IPUIPlugin:80 - create IPUIPlugin
2024-06-23 17:05:12,600 [INFO] IPUIPlugin:80 - create IPUIPlugin
2024-06-23 17:05:12,600 [INFO] IPUIPlugin:80 - create IPUIPlugin
2024-06-23 17:05:12,600 [INFO] IPUIPlugin:80 - create IPUIPlugin
2024-06-23 17:05:12,601 [INFO] IPUIPlugin:80 - create IPUIPlugin
2024-06-23 17:05:12,601 [INFO] IPUIPlugin:80 - create IPUIPlugin
2024-06-23 17:05:12,601 [INFO] IPUIPlugin:80 - create IPUIPlugin
2024-06-23 17:05:12,671 [INFO] ApiDbMcu:508 - Load IP Config File for PDM2PCM
2024-06-23 17:05:12,804 [INFO] CADModel:165 - CPN selected for project levelSTM32F446RET6
2024-06-23 17:05:12,804 [INFO] CADModel:114 - Register for checkConnection events
2024-06-23 17:05:12,841 [INFO] OpenFileManager:343 - Restore cursor
2024-06-23 17:05:12,989 [ERROR] LogOutputStream:75 - [STDERR_REDIRECT] Exception in thread "AWT-EventQueue-0" java.lang.NullPointerException: Cannot invoke "com.st.stm32cube.common.mx.oss.core.awtswtbridge.EmbeddedSwingComposite$AwtContext.setContentPane(java.awt.Container)" because "this.awtContext" is null
2024-06-23 17:05:12,991 [ERROR] LogOutputStream:75 - [STDERR_REDIRECT] 	at com.st.stm32cube.common.mx.oss.core.awtswtbridge.EmbeddedSwingComposite.doComponentCreation(EmbeddedSwingComposite.java:494)
2024-06-23 17:05:12,992 [ERROR] LogOutputStream:75 - [STDERR_REDIRECT] 	at com.st.stm32cube.common.mx.oss.core.awtswtbridge.EmbeddedSwingComposite$4.run(EmbeddedSwingComposite.java:291)
2024-06-23 17:05:12,993 [ERROR] LogOutputStream:75 - [STDERR_REDIRECT] 	at com.st.stm32cube.common.mx.oss.core.awtswtbridge.AwtEnvironment$2.run(AwtEnvironment.java:166)
2024-06-23 17:05:12,994 [ERROR] LogOutputStream:75 - [STDERR_REDIRECT] 	at java.desktop/java.awt.event.InvocationEvent.dispatch(InvocationEvent.java:318)
2024-06-23 17:05:12,995 [ERROR] LogOutputStream:75 - [STDERR_REDIRECT] 	at java.desktop/java.awt.EventQueue.dispatchEventImpl(EventQueue.java:773)
2024-06-23 17:05:12,995 [ERROR] LogOutputStream:75 - [STDERR_REDIRECT] 	at java.desktop/java.awt.EventQueue$4.run(EventQueue.java:720)
2024-06-23 17:05:12,996 [ERROR] LogOutputStream:75 - [STDERR_REDIRECT] 	at java.desktop/java.awt.EventQueue$4.run(EventQueue.java:714)
2024-06-23 17:05:12,997 [ERROR] LogOutputStream:75 - [STDERR_REDIRECT] 	at java.base/java.security.AccessController.doPrivileged(AccessController.java:399)
2024-06-23 17:05:12,999 [ERROR] LogOutputStream:75 - [STDERR_REDIRECT] 	at java.base/java.security.ProtectionDomain$JavaSecurityAccessImpl.doIntersectionPrivilege(ProtectionDomain.java:86)
2024-06-23 17:05:12,999 [ERROR] LogOutputStream:75 - [STDERR_REDIRECT] 	at java.desktop/java.awt.EventQueue.dispatchEvent(EventQueue.java:742)
2024-06-23 17:05:13,001 [ERROR] LogOutputStream:75 - [STDERR_REDIRECT] 	at java.desktop/java.awt.EventDispatchThread.pumpOneEventForFilters(EventDispatchThread.java:203)
2024-06-23 17:05:13,002 [ERROR] LogOutputStream:75 - [STDERR_REDIRECT] 	at java.desktop/java.awt.EventDispatchThread.pumpEventsForFilter(EventDispatchThread.java:124)
2024-06-23 17:05:13,003 [ERROR] LogOutputStream:75 - [STDERR_REDIRECT] 	at java.desktop/java.awt.EventDispatchThread.pumpEventsForHierarchy(EventDispatchThread.java:113)
2024-06-23 17:05:13,005 [ERROR] LogOutputStream:75 - [STDERR_REDIRECT] 	at java.desktop/java.awt.EventDispatchThread.pumpEvents(EventDispatchThread.java:109)
2024-06-23 17:05:13,006 [ERROR] LogOutputStream:75 - [STDERR_REDIRECT] 	at java.desktop/java.awt.EventDispatchThread.pumpEvents(EventDispatchThread.java:101)
2024-06-23 17:05:13,006 [ERROR] LogOutputStream:75 - [STDERR_REDIRECT] 	at java.desktop/java.awt.EventDispatchThread.run(EventDispatchThread.java:90)
2024-06-23 23:41:02,973 [ERROR] LogOutputStream:75 - [STDERR_REDIRECT] 
