2024-06-29 20:23:48,100 [INFO] Activator:176 - 


2024-06-29 20:23:48,104 [INFO] Activator:177 - !SESSION log4j initialized
2024-06-29 20:23:51,831 [INFO] LogOutputStream:77 - [STDOUT_REDIRECT] 
2024-06-29 20:23:53,118 [INFO] ApplicationProperties:184 - Using Application install path: C:\ST\STM32CubeIDE_1.15.0\STM32CubeIDE\plugins\com.st.stm32cube.common.mx_6.11.0.202403141607
2024-06-29 20:23:53,130 [INFO] DbMcusXml:78 - Set database path to: C:\ST\STM32CubeIDE_1.15.0\STM32CubeIDE\plugins\com.st.stm32cube.common.mx_6.11.0.202403141607\\db\/mcu/
2024-06-29 20:23:53,130 [INFO] ApiDb:274 - Set plugin database path to: C:\ST\STM32CubeIDE_1.15.0\STM32CubeIDE\plugins\com.st.stm32cube.common.mx_6.11.0.202403141607\\db\/plugins/boardmanager/
2024-06-29 20:23:53,130 [WARN] ApiDb:259 - Overriding images path with different value:  => C:\ST\STM32CubeIDE_1.15.0\STM32CubeIDE\plugins\com.st.stm32cube.common.mx_6.11.0.202403141607\\db\/plugins/mcufinder/images/
2024-06-29 20:23:53,136 [INFO] ApiDb:250 - Set database path to: C:\Users\alexl\.stmcufinder\plugins\mcufinder//mcu/
2024-06-29 20:23:53,137 [INFO] DbMcusAds:125 - Set database path to: C:\Users\alexl\.stmcufinder\plugins\mcufinder//mcu/
2024-06-29 20:23:53,138 [INFO] CrossReferenceDbSqlite:203 - Set database path to: C:\Users\alexl\.stmcufinder\plugins\mcufinder//mcu/cs/
2024-06-29 20:23:53,226 [INFO] RulesReader:64 - Compatibility file has been processed (297 Rules)
2024-06-29 20:23:53,280 [INFO] DbMcusXml:78 - Set database path to: C:\ST\STM32CubeIDE_1.15.0\STM32CubeIDE\plugins\com.st.stm32cube.common.mx_6.11.0.202403141607\\db\/mcu/
2024-06-29 20:23:53,280 [INFO] ApiDb:274 - Set plugin database path to: C:\ST\STM32CubeIDE_1.15.0\STM32CubeIDE\plugins\com.st.stm32cube.common.mx_6.11.0.202403141607\\db\/plugins/boardmanager/
2024-06-29 20:23:53,280 [INFO] ApiDb:261 - Set plugin images path to: C:\ST\STM32CubeIDE_1.15.0\STM32CubeIDE\plugins\com.st.stm32cube.common.mx_6.11.0.202403141607\\db\/plugins/mcufinder/images/
2024-06-29 20:23:53,280 [WARN] DbFile:41 - Overriding database path with different value: C:\Users\alexl\.stmcufinder\plugins\mcufinder/ => C:\Users\alexl\.stmcufinder\plugins\mcufinder
2024-06-29 20:23:53,280 [INFO] ApiDb:250 - Set database path to: C:\Users\alexl\.stmcufinder\plugins\mcufinder//mcu/
2024-06-29 20:23:53,281 [WARN] DbFile:41 - Overriding database path with different value: C:\Users\alexl\.stmcufinder\plugins\mcufinder/ => C:\Users\alexl\.stmcufinder\plugins\mcufinder
2024-06-29 20:23:53,281 [INFO] DbMcusAds:125 - Set database path to: C:\Users\alexl\.stmcufinder\plugins\mcufinder//mcu/
2024-06-29 20:23:53,281 [WARN] DbFile:41 - Overriding database path with different value: C:\Users\alexl\.stmcufinder\plugins\mcufinder/ => C:\Users\alexl\.stmcufinder\plugins\mcufinder
2024-06-29 20:23:53,281 [WARN] DbFile:41 - Overriding database path with different value: C:\Users\alexl\.stmcufinder\plugins\mcufinder/ => C:\Users\alexl\.stmcufinder\plugins\mcufinder
2024-06-29 20:23:53,281 [INFO] CrossReferenceDbSqlite:203 - Set database path to: C:\Users\alexl\.stmcufinder\plugins\mcufinder//mcu/cs/
2024-06-29 20:23:53,334 [INFO] MainPanel:264 - HeapMemory: 268435456
2024-06-29 20:23:53,390 [INFO] DbMcusXml:78 - Set database path to: C:\ST\STM32CubeIDE_1.15.0\STM32CubeIDE\plugins\com.st.stm32cube.common.mx_6.11.0.202403141607\\db\/mcu/
2024-06-29 20:23:53,390 [INFO] ApiDb:274 - Set plugin database path to: C:\ST\STM32CubeIDE_1.15.0\STM32CubeIDE\plugins\com.st.stm32cube.common.mx_6.11.0.202403141607\\db\/plugins/boardmanager/
2024-06-29 20:23:53,390 [INFO] ApiDb:261 - Set plugin images path to: C:\ST\STM32CubeIDE_1.15.0\STM32CubeIDE\plugins\com.st.stm32cube.common.mx_6.11.0.202403141607\\db\/plugins/mcufinder/images/
2024-06-29 20:23:53,391 [WARN] DbFile:41 - Overriding database path with different value: C:\Users\alexl\.stmcufinder\plugins\mcufinder/ => C:\Users\alexl\.stmcufinder\plugins\mcufinder
2024-06-29 20:23:53,391 [INFO] ApiDb:250 - Set database path to: C:\Users\alexl\.stmcufinder\plugins\mcufinder//mcu/
2024-06-29 20:23:53,391 [WARN] DbFile:41 - Overriding database path with different value: C:\Users\alexl\.stmcufinder\plugins\mcufinder/ => C:\Users\alexl\.stmcufinder\plugins\mcufinder
2024-06-29 20:23:53,391 [INFO] DbMcusAds:125 - Set database path to: C:\Users\alexl\.stmcufinder\plugins\mcufinder//mcu/
2024-06-29 20:23:53,391 [WARN] DbFile:41 - Overriding database path with different value: C:\Users\alexl\.stmcufinder\plugins\mcufinder/ => C:\Users\alexl\.stmcufinder\plugins\mcufinder
2024-06-29 20:23:53,391 [WARN] DbFile:41 - Overriding database path with different value: C:\Users\alexl\.stmcufinder\plugins\mcufinder/ => C:\Users\alexl\.stmcufinder\plugins\mcufinder
2024-06-29 20:23:53,391 [INFO] CrossReferenceDbSqlite:203 - Set database path to: C:\Users\alexl\.stmcufinder\plugins\mcufinder//mcu/cs/
2024-06-29 20:23:53,403 [INFO] ApplicationProperties:184 - Using Application install path: C:\ST\STM32CubeIDE_1.15.0\STM32CubeIDE\plugins\com.st.stm32cube.common.mx_6.11.0.202403141607
2024-06-29 20:23:53,403 [INFO] PluginManage:196 - Search for loadable plugins [exclusion list=, ]
2024-06-29 20:23:53,404 [INFO] PluginManage:310 - Check plugin analytics
2024-06-29 20:23:53,501 [INFO] AnalyticsPlugin:253 - Accepted Software Licenses: 
2024-06-29 20:23:53,501 [INFO] AnalyticsPlugin:255 - Accepted CMSIS Pack Licenses: 
2024-06-29 20:23:53,501 [INFO] AnalyticsPlugin:257 - Accepted Firmware Licenses: 
2024-06-29 20:23:53,503 [INFO] PluginManage:359 - Loaded plugin analytics (category:tool,tabindex:-1)
2024-06-29 20:23:53,503 [INFO] PluginManage:310 - Check plugin cadmodel
2024-06-29 20:23:53,513 [INFO] CADModel:105 - Init CAD model plugin
2024-06-29 20:23:53,513 [INFO] PluginManage:359 - Loaded plugin cadmodel (category:power,tabindex:5)
2024-06-29 20:23:53,513 [INFO] PluginManage:310 - Check plugin clock
2024-06-29 20:23:53,528 [INFO] PluginManage:359 - Loaded plugin clock (category:base,tabindex:2)
2024-06-29 20:23:53,528 [INFO] PluginManage:310 - Check plugin ddr
2024-06-29 20:23:53,529 [INFO] PluginManage:359 - Loaded plugin ddr (category:tool,tabindex:6)
2024-06-29 20:23:53,530 [INFO] PluginManage:310 - Check plugin filemanager
2024-06-29 20:23:53,627 [INFO] PluginManage:359 - Loaded plugin filemanager (category:base,tabindex:10)
2024-06-29 20:23:53,627 [INFO] PluginManage:310 - Check plugin ipmanager
2024-06-29 20:23:53,632 [INFO] PluginManage:359 - Loaded plugin ipmanager (category:base,tabindex:5)
2024-06-29 20:23:53,632 [INFO] PluginManage:310 - Check plugin lpbam
2024-06-29 20:23:53,644 [INFO] PluginManage:359 - Loaded plugin lpbam (category:base,tabindex:0)
2024-06-29 20:23:53,644 [INFO] PluginManage:310 - Check plugin memorymap
2024-06-29 20:23:53,658 [INFO] PluginManage:359 - Loaded plugin memorymap (category:base,tabindex:4)
2024-06-29 20:23:53,659 [INFO] PluginManage:310 - Check plugin pinoutandconfiguration
2024-06-29 20:23:53,670 [INFO] PluginManage:359 - Loaded plugin pinoutandconfiguration (category:base,tabindex:1)
2024-06-29 20:23:53,670 [INFO] PluginManage:310 - Check plugin pinoutconfig
2024-06-29 20:23:53,726 [WARN] SupportedApi:132 - Cannot load RTOS API schema: s4s-elt-must-match.1: The content of 'definitions' must match (annotation?, (simpleType | complexType)?, (unique | key | keyref)*)). A problem was found starting at: attribute.
2024-06-29 20:23:53,808 [INFO] PluginManage:359 - Loaded plugin pinoutconfig (category:base,tabindex:0)
2024-06-29 20:23:53,808 [INFO] PluginManage:310 - Check plugin power
2024-06-29 20:23:53,821 [INFO] PluginManage:359 - Loaded plugin power (category:power,tabindex:4)
2024-06-29 20:23:53,821 [INFO] PluginManage:310 - Check plugin projectmanager
2024-06-29 20:23:53,831 [INFO] PluginManage:359 - Loaded plugin projectmanager (category:projectmanager,tabindex:3)
2024-06-29 20:23:53,831 [INFO] PluginManage:310 - Check plugin thirdparty
2024-06-29 20:23:53,992 [INFO] PluginManage:359 - Loaded plugin thirdparty (category:base,tabindex:-1)
2024-06-29 20:23:53,992 [WARN] IntegrityCheckThread:84 - waiting for thirdparty lock release [integrity check]
2024-06-29 20:23:53,992 [INFO] PluginManage:310 - Check plugin tools
2024-06-29 20:23:53,992 [INFO] IntegrityCheckThread:86 - entering critical section [integrity check]
2024-06-29 20:23:53,993 [INFO] ThirdPartyUpdaterWithRetryManager:70 - Updater plugin not ready yet. [1/15]
2024-06-29 20:23:54,015 [INFO] PluginManage:359 - Loaded plugin tools (category:base,tabindex:7)
2024-06-29 20:23:54,015 [INFO] PluginManage:310 - Check plugin tutovideos
2024-06-29 20:23:54,142 [INFO] PluginManage:359 - Loaded plugin tutovideos (category:base,tabindex:-1)
2024-06-29 20:23:54,143 [INFO] PluginManage:310 - Check plugin updater
2024-06-29 20:23:54,149 [INFO] PluginManage:359 - Loaded plugin updater (category:base,tabindex:12)
2024-06-29 20:23:54,149 [INFO] PluginManage:310 - Check plugin userauth
2024-06-29 20:23:54,152 [INFO] UserAuth:114 - Init User Auth plugin
2024-06-29 20:23:54,153 [INFO] PluginManage:359 - Loaded plugin userauth (category:base,tabindex:14)
2024-06-29 20:23:54,153 [INFO] PluginManage:283 - PluginManage : Loaded plugins [17]
2024-06-29 20:23:54,288 [INFO] PinOutPanel:1561 - setPackage(No Configuration,No Configuration)
2024-06-29 20:23:54,335 [INFO] CADModel:165 - CPN selected for project level
2024-06-29 20:23:54,335 [INFO] CADModel:114 - Register for checkConnection events
2024-06-29 20:23:54,352 [INFO] IPUIPlugin:80 - create IPUIPlugin
2024-06-29 20:23:54,352 [INFO] PluginManager:220 - loadIPPluginJar : add adc
2024-06-29 20:23:54,375 [INFO] IPUIPlugin:80 - create IPUIPlugin
2024-06-29 20:23:54,376 [INFO] PluginManager:220 - loadIPPluginJar : add aes
2024-06-29 20:23:54,400 [INFO] IPUIPlugin:80 - create IPUIPlugin
2024-06-29 20:23:54,400 [INFO] PluginManager:220 - loadIPPluginJar : add can
2024-06-29 20:23:54,413 [INFO] IPUIPlugin:80 - create IPUIPlugin
2024-06-29 20:23:54,413 [INFO] PluginManager:220 - loadIPPluginJar : add comp
2024-06-29 20:23:54,433 [INFO] IPUIPlugin:80 - create IPUIPlugin
2024-06-29 20:23:54,433 [INFO] PluginManager:220 - loadIPPluginJar : add cryp
2024-06-29 20:23:54,451 [INFO] IPUIPlugin:80 - create IPUIPlugin
2024-06-29 20:23:54,451 [INFO] PluginManager:220 - loadIPPluginJar : add dfsdm
2024-06-29 20:23:54,458 [INFO] IPUIPlugin:80 - create IPUIPlugin
2024-06-29 20:23:54,458 [INFO] PluginManager:220 - loadIPPluginJar : add dma
2024-06-29 20:23:54,484 [INFO] IPUIPlugin:80 - create IPUIPlugin
2024-06-29 20:23:54,484 [INFO] PluginManager:220 - loadIPPluginJar : add dma3
2024-06-29 20:23:54,511 [INFO] IPUIPlugin:80 - create IPUIPlugin
2024-06-29 20:23:54,511 [INFO] PluginManager:220 - loadIPPluginJar : add extmemmanager
2024-06-29 20:23:54,523 [INFO] IPUIPlugin:80 - create IPUIPlugin
2024-06-29 20:23:54,523 [INFO] PluginManager:220 - loadIPPluginJar : add fatfs
2024-06-29 20:23:54,550 [INFO] IPUIPlugin:80 - create IPUIPlugin
2024-06-29 20:23:54,550 [INFO] PluginManager:220 - loadIPPluginJar : add fmc
2024-06-29 20:23:54,559 [INFO] IPUIPlugin:80 - create IPUIPlugin
2024-06-29 20:23:54,559 [INFO] PluginManager:220 - loadIPPluginJar : add freertos
2024-06-29 20:23:54,571 [INFO] IPUIPlugin:80 - create IPUIPlugin
2024-06-29 20:23:54,571 [INFO] PluginManager:220 - loadIPPluginJar : add genericplugin
2024-06-29 20:23:54,627 [INFO] IPUIPlugin:80 - create IPUIPlugin
2024-06-29 20:23:54,627 [INFO] PluginManager:220 - loadIPPluginJar : add gfxmmu
2024-06-29 20:23:54,706 [INFO] IPUIPlugin:80 - create IPUIPlugin
2024-06-29 20:23:54,706 [INFO] PluginManager:220 - loadIPPluginJar : add gic
2024-06-29 20:23:54,714 [INFO] IPUIPlugin:80 - create IPUIPlugin
2024-06-29 20:23:54,714 [INFO] PluginManager:220 - loadIPPluginJar : add gpio
2024-06-29 20:23:54,770 [INFO] IPUIPlugin:80 - create IPUIPlugin
2024-06-29 20:23:54,770 [INFO] PluginManager:220 - loadIPPluginJar : add gtzc
2024-06-29 20:23:54,789 [INFO] IPUIPlugin:80 - create IPUIPlugin
2024-06-29 20:23:54,789 [INFO] PluginManager:220 - loadIPPluginJar : add hash
2024-06-29 20:23:54,820 [INFO] IPUIPlugin:80 - create IPUIPlugin
2024-06-29 20:23:54,820 [INFO] PluginManager:220 - loadIPPluginJar : add i2c
2024-06-29 20:23:54,843 [INFO] IPUIPlugin:80 - create IPUIPlugin
2024-06-29 20:23:54,843 [INFO] PluginManager:220 - loadIPPluginJar : add i2s
2024-06-29 20:23:54,868 [INFO] IPUIPlugin:80 - create IPUIPlugin
2024-06-29 20:23:54,868 [INFO] PluginManager:220 - loadIPPluginJar : add i3c
2024-06-29 20:23:54,933 [INFO] IPUIPlugin:80 - create IPUIPlugin
2024-06-29 20:23:54,933 [INFO] PluginManager:220 - loadIPPluginJar : add ipddr
2024-06-29 20:23:54,989 [INFO] IPUIPlugin:80 - create IPUIPlugin
2024-06-29 20:23:54,989 [INFO] PluginManager:220 - loadIPPluginJar : add linkedlist
2024-06-29 20:23:55,011 [INFO] IPUIPlugin:80 - create IPUIPlugin
2024-06-29 20:23:55,011 [INFO] PluginManager:220 - loadIPPluginJar : add lorawan
2024-06-29 20:23:55,032 [INFO] IPUIPlugin:80 - create IPUIPlugin
2024-06-29 20:23:55,033 [INFO] PluginManager:220 - loadIPPluginJar : add ltdc
2024-06-29 20:23:55,040 [INFO] IPUIPlugin:80 - create IPUIPlugin
2024-06-29 20:23:55,040 [INFO] PluginManager:220 - loadIPPluginJar : add mdma
2024-06-29 20:23:55,049 [INFO] IPUIPlugin:80 - create IPUIPlugin
2024-06-29 20:23:55,049 [INFO] PluginManager:220 - loadIPPluginJar : add nvic
2024-06-29 20:23:55,070 [INFO] IPUIPlugin:80 - create IPUIPlugin
2024-06-29 20:23:55,070 [INFO] PluginManager:220 - loadIPPluginJar : add opamp
2024-06-29 20:23:55,106 [INFO] IPUIPlugin:80 - create IPUIPlugin
2024-06-29 20:23:55,106 [INFO] PluginManager:220 - loadIPPluginJar : add openamp
2024-06-29 20:23:55,130 [INFO] IPUIPlugin:80 - create IPUIPlugin
2024-06-29 20:23:55,130 [INFO] PluginManager:220 - loadIPPluginJar : add pdm2pcm
2024-06-29 20:23:55,139 [INFO] IPUIPlugin:80 - create IPUIPlugin
2024-06-29 20:23:55,140 [INFO] PluginManager:220 - loadIPPluginJar : add plateformsettings
2024-06-29 20:23:55,153 [INFO] IPUIPlugin:80 - create IPUIPlugin
2024-06-29 20:23:55,153 [INFO] PluginManager:220 - loadIPPluginJar : add quadspi
2024-06-29 20:23:55,160 [INFO] IPUIPlugin:80 - create IPUIPlugin
2024-06-29 20:23:55,160 [INFO] PluginManager:220 - loadIPPluginJar : add resmgrutility
2024-06-29 20:23:55,189 [INFO] IPUIPlugin:80 - create IPUIPlugin
2024-06-29 20:23:55,190 [INFO] PluginManager:220 - loadIPPluginJar : add sai
2024-06-29 20:23:55,211 [INFO] IPUIPlugin:80 - create IPUIPlugin
2024-06-29 20:23:55,211 [INFO] PluginManager:220 - loadIPPluginJar : add spi
2024-06-29 20:23:55,253 [INFO] IPUIPlugin:80 - create IPUIPlugin
2024-06-29 20:23:55,253 [INFO] PluginManager:220 - loadIPPluginJar : add stm32_wpan
2024-06-29 20:23:55,266 [INFO] IPUIPlugin:80 - create IPUIPlugin
2024-06-29 20:23:55,266 [INFO] PluginManager:220 - loadIPPluginJar : add tim
2024-06-29 20:23:55,303 [INFO] IPUIPlugin:80 - create IPUIPlugin
2024-06-29 20:23:55,303 [INFO] PluginManager:220 - loadIPPluginJar : add touchsensing
2024-06-29 20:23:55,316 [INFO] IPUIPlugin:80 - create IPUIPlugin
2024-06-29 20:23:55,316 [INFO] PluginManager:220 - loadIPPluginJar : add tracer_emb
2024-06-29 20:23:55,330 [INFO] IPUIPlugin:80 - create IPUIPlugin
2024-06-29 20:23:55,330 [INFO] PluginManager:220 - loadIPPluginJar : add ts
2024-06-29 20:23:55,344 [INFO] IPUIPlugin:80 - create IPUIPlugin
2024-06-29 20:23:55,344 [INFO] PluginManager:220 - loadIPPluginJar : add tsc
2024-06-29 20:23:55,357 [INFO] IPUIPlugin:80 - create IPUIPlugin
2024-06-29 20:23:55,357 [INFO] PluginManager:220 - loadIPPluginJar : add ucpd
2024-06-29 20:23:55,384 [INFO] IPUIPlugin:80 - create IPUIPlugin
2024-06-29 20:23:55,384 [INFO] PluginManager:220 - loadIPPluginJar : add usart
2024-06-29 20:23:55,411 [INFO] IPUIPlugin:80 - create IPUIPlugin
2024-06-29 20:23:55,411 [INFO] PluginManager:220 - loadIPPluginJar : add usbx
2024-06-29 20:23:55,521 [INFO] CADModel:165 - CPN selected for project level
2024-06-29 20:23:55,521 [INFO] CADModel:114 - Register for checkConnection events
2024-06-29 20:23:55,521 [FATAL] Updater:308 - Updater called before beeing initialized
2024-06-29 20:23:55,521 [ERROR] CADModel:125 - Updater not yet initialized, retry later 
2024-06-29 20:23:55,615 [INFO] CADModel:165 - CPN selected for project level
2024-06-29 20:23:55,615 [INFO] CADModel:114 - Register for checkConnection events
2024-06-29 20:23:55,615 [FATAL] Updater:308 - Updater called before beeing initialized
2024-06-29 20:23:55,615 [ERROR] CADModel:125 - Updater not yet initialized, retry later 
2024-06-29 20:23:55,617 [FATAL] Updater:308 - Updater called before beeing initialized
2024-06-29 20:23:55,682 [FATAL] Updater:308 - Updater called before beeing initialized
2024-06-29 20:23:55,688 [INFO] DbMcusAds:53 - JSON generation date=Thu May 16 12:22:00 EEST 2024 (1715851320852)
2024-06-29 20:23:55,688 [FATAL] Updater:308 - Updater called before beeing initialized
2024-06-29 20:23:55,715 [WARN] DetailPanel:346 - Failed to get advertising image, set to default
2024-06-29 20:23:55,785 [FATAL] Updater:308 - Updater called before beeing initialized
2024-06-29 20:23:55,787 [FATAL] Updater:308 - Updater called before beeing initialized
2024-06-29 20:23:55,787 [FATAL] Updater:308 - Updater called before beeing initialized
2024-06-29 20:23:55,787 [WARN] DetailPanel:346 - Failed to get advertising image, set to default
2024-06-29 20:23:55,788 [FATAL] Updater:308 - Updater called before beeing initialized
2024-06-29 20:23:55,826 [ERROR] Updater:1120 - MainUpdater not yet initialized. External WinMGr cannot be set.
2024-06-29 20:23:55,833 [INFO] Updater:1056 - Updater Version found : 6.11.0
2024-06-29 20:23:55,845 [INFO] ApplicationProperties:184 - Using Application install path: C:\ST\STM32CubeIDE_1.15.0\STM32CubeIDE\plugins\com.st.stm32cube.common.mx_6.11.0.202403141607
2024-06-29 20:23:56,993 [INFO] ThirdPartyUpdaterWithRetryManager:70 - Updater plugin not ready yet. [2/15]
2024-06-29 20:23:57,418 [ERROR] LogOutputStream:75 - [STDERR_REDIRECT] Jun 29, 2024 8:23:57 PM java.util.prefs.WindowsPreferences <init>
2024-06-29 20:23:57,419 [ERROR] LogOutputStream:75 - [STDERR_REDIRECT] WARNING: Could not open/create prefs root node Software\JavaSoft\Prefs at root 0xffffffff80000002. Windows RegCreateKeyEx(...) returned error code 5.
2024-06-29 20:23:57,419 [ERROR] LogOutputStream:75 - [STDERR_REDIRECT] 
2024-06-29 20:23:57,740 [INFO] MainUpdater:2873 - connection check result : 10
2024-06-29 20:23:57,740 [INFO] MainUpdater:3567 - Updater definition file requires update
2024-06-29 20:23:57,741 [INFO] MainUpdater:290 - Updater Check For Update Now.
2024-06-29 20:23:57,741 [INFO] MicroXplorer:498 - Change Database Version : DB.6.0.110
2024-06-29 20:23:57,752 [INFO] McuFinderGlobals:63 - Set McuFinder mode to 2 (CubeIDE integrated)
2024-06-29 20:23:57,752 [INFO] UserAuth:179 - activating auth plugin
2024-06-29 20:23:57,754 [INFO] UserAuth:415 - Internet connection configuration mode: 1
2024-06-29 20:23:57,769 [INFO] JxBrowserEngine:152 - Initiate JxBrowser Engine with user profile folder
2024-06-29 20:23:57,933 [INFO] ServerAccessManage:473 - Download File updaters.zip
2024-06-29 20:23:57,983 [INFO] FileExtend:240 - Unzip File : updaters.zip
2024-06-29 20:23:57,983 [INFO] FileExtend:255 - Standard Zip Deflate
2024-06-29 20:23:58,307 [INFO] ServerAccessManage:473 - Download File PacksControlFlags.xml
2024-06-29 20:23:58,446 [INFO] ServerAccessManage:473 - Download File cubemx.pidx
2024-06-29 20:23:59,191 [INFO] ServerAccessManage:473 - Download File STMicroelectronics.X-CUBE-TOUCHGFX.pdsc
2024-06-29 20:23:59,996 [WARN] MainUpdater:1194 - Updater busy. Cannot search thirdparties
2024-06-29 20:23:59,996 [INFO] ThirdPartyUpdaterWithRetryManager:96 - Updater plugin is busy. [1/15]
2024-06-29 20:24:01,906 [INFO] WebApp:161 - Instantiating new browser for Auth
2024-06-29 20:24:02,351 [INFO] WebApp:779 - Register for checkConnection events
2024-06-29 20:24:02,351 [INFO] WebApp:414 - Apply proxy settings
2024-06-29 20:24:02,351 [INFO] WebApp:499 - Chromium requires no authentication
2024-06-29 20:24:02,359 [INFO] WebApp:442 - Direct internet connection detected
2024-06-29 20:24:02,375 [WARN] PackLoader:240 - Cannot read IP mode file for STMicroelectronics.X-CUBE-TOUCHGFX.4.24.0
2024-06-29 20:24:02,376 [INFO] PopulateThirdPartyThread:66 - Ending populate Thread
2024-06-29 20:24:02,376 [INFO] ThirdParty:1030 - CMSIS Pack Vendor :STMicroelectronics X-CUBE-TOUCHGFX 4.24.0
2024-06-29 20:24:02,376 [INFO] LoadServerUpdatesThread:375 - End of LoadServerUpdate Thread
2024-06-29 20:24:02,497 [INFO] CheckServerUpdateThread:120 - End of CheckServer Thread
2024-06-29 20:24:02,505 [INFO] WebApp:192 - Starting web application
2024-06-29 20:24:02,505 [INFO] WebApp:544 - Web application path used C:\ST\STM32CubeIDE_1.15.0\STM32CubeIDE\plugins\com.st.stm32cube.common.mx_6.11.0.202403141607\db\plugins\mcufinder\reactClient1\index.html
2024-06-29 20:24:03,097 [WARN] PackLoader:240 - Cannot read IP mode file for STMicroelectronics.FP-SNS-MOTENVWB1.1.4.0
2024-06-29 20:24:03,106 [WARN] PackLoader:240 - Cannot read IP mode file for STMicroelectronics.X-CUBE-SMBUS.2.1.0
2024-06-29 20:24:03,114 [WARN] PackLoader:240 - Cannot read IP mode file for STMicroelectronics.X-CUBE-TOUCHGFX.4.23.2
2024-06-29 20:24:03,141 [WARN] PackLoader:240 - Cannot read IP mode file for STMicroelectronics.X-CUBE-AZRTOS-F7.1.1.0
2024-06-29 20:24:03,147 [WARN] PackLoader:240 - Cannot read IP mode file for STMicroelectronics.FP-SNS-FLIGHT1.5.0.2
2024-06-29 20:24:03,156 [WARN] PackLoader:240 - Cannot read IP mode file for STMicroelectronics.X-CUBE-DISPLAY.3.0.0
2024-06-29 20:24:03,169 [WARN] PackLoader:240 - Cannot read IP mode file for STMicroelectronics.X-CUBE-BLE1.7.0.0
2024-06-29 20:24:03,176 [WARN] PackLoader:240 - Cannot read IP mode file for emotas.I-CUBE-CANOPEN.1.3.0
2024-06-29 20:24:03,186 [WARN] PackLoader:240 - Cannot read IP mode file for STMicroelectronics.X-CUBE-BLEMGR.3.1.0
2024-06-29 20:24:03,196 [WARN] PackLoader:240 - Cannot read IP mode file for STMicroelectronics.FP-SNS-SMARTAG2.1.2.0
2024-06-29 20:24:03,207 [INFO] LogOutputStream:77 - [STDOUT_REDIRECT] 1 : Invalid condition id : UX_CORESTACK_Condition cause : null
2024-06-29 20:24:03,207 [INFO] LogOutputStream:77 - [STDOUT_REDIRECT] 1 : Invalid condition id : UX_CORESTACK_Condition cause : null
2024-06-29 20:24:03,208 [INFO] LogOutputStream:77 - [STDOUT_REDIRECT] 1 : Invalid condition id : UX_CORESTACK_Condition cause : null
2024-06-29 20:24:03,208 [INFO] LogOutputStream:77 - [STDOUT_REDIRECT] 1 : Invalid condition id : UX_CORESTACK_Condition cause : null
2024-06-29 20:24:03,209 [INFO] LogOutputStream:77 - [STDOUT_REDIRECT] 1 : Invalid condition id : UX_CORESTACK_Condition cause : null
2024-06-29 20:24:03,211 [WARN] PackLoader:240 - Cannot read IP mode file for STMicroelectronics.X-CUBE-AZRTOS-WL.2.0.0
2024-06-29 20:24:03,219 [WARN] PackLoader:240 - Cannot read IP mode file for STMicroelectronics.FP-SNS-MOTENV1.5.0.0
2024-06-29 20:24:03,223 [WARN] PackLoader:240 - Cannot read IP mode file for wolfSSL.I-CUBE-wolfMQTT.1.19.0
2024-06-29 20:24:03,231 [WARN] PackLoader:240 - Cannot read IP mode file for WES.I-CUBE-Cesium.1.3.0
2024-06-29 20:24:03,238 [WARN] PackLoader:240 - Cannot read IP mode file for STMicroelectronics.X-CUBE-BLE2.3.3.0
2024-06-29 20:24:03,244 [WARN] PackLoader:240 - Cannot read IP mode file for STMicroelectronics.X-CUBE-TCPP.4.1.0
2024-06-29 20:24:03,253 [WARN] PackLoader:240 - Cannot read IP mode file for STMicroelectronics.X-CUBE-ALGOBUILD.1.3.0
2024-06-29 20:24:03,269 [WARN] PackLoader:240 - Cannot read IP mode file for STMicroelectronics.X-CUBE-AZRTOS-G0.1.1.0
2024-06-29 20:24:03,279 [WARN] PackLoader:240 - Cannot read IP mode file for STMicroelectronics.X-CUBE-SAFEA1.1.2.2
2024-06-29 20:24:03,286 [WARN] PackLoader:240 - Cannot read IP mode file for STMicroelectronics.X-CUBE-NFC4.3.0.0
2024-06-29 20:24:03,294 [WARN] PackLoader:240 - Cannot read IP mode file for wolfSSL.I-CUBE-wolfSSL.5.7.0
2024-06-29 20:24:03,297 [WARN] PackLoader:240 - Cannot read IP mode file for STMicroelectronics.FP-ATR-SIGFOX1.3.2.0
2024-06-29 20:24:03,306 [WARN] PackLoader:240 - Cannot read IP mode file for STMicroelectronics.X-CUBE-EEPRMA1.5.1.0
2024-06-29 20:24:03,315 [WARN] PackLoader:240 - Cannot read IP mode file for ITTIA_DB.I-CUBE-ITTIADB.8.9.0
2024-06-29 20:24:03,336 [WARN] PackLoader:240 - Cannot read IP mode file for SEGGER.I-CUBE-embOS.1.3.1
2024-06-29 20:24:03,367 [WARN] PackLoader:240 - Cannot read IP mode file for STMicroelectronics.X-CUBE-ALGOBUILD.1.4.0
2024-06-29 20:24:03,374 [WARN] PackLoader:240 - Cannot read IP mode file for STMicroelectronics.X-CUBE-GNSS1.6.0.0
2024-06-29 20:24:03,392 [WARN] PackLoader:240 - Cannot read IP mode file for STMicroelectronics.X-CUBE-AZRTOS-F4.1.1.0
2024-06-29 20:24:03,401 [WARN] PackLoader:240 - Cannot read IP mode file for STMicroelectronics.X-CUBE-FREERTOS.1.2.0
2024-06-29 20:24:03,417 [WARN] PackLoader:240 - Cannot read IP mode file for STMicroelectronics.X-CUBE-AZRTOS-L5.2.0.0
2024-06-29 20:24:03,427 [WARN] PackLoader:240 - Cannot read IP mode file for STMicroelectronics.X-CUBE-NFC6.3.1.0
2024-06-29 20:24:03,437 [WARN] PackLoader:240 - Cannot read IP mode file for STMicroelectronics.X-CUBE-AI.9.0.0
2024-06-29 20:24:03,444 [WARN] PackLoader:240 - Cannot read IP mode file for STMicroelectronics.X-CUBE-NFC7.1.0.1
2024-06-29 20:24:03,461 [WARN] ConditionMgr:438 - getConditionDescription Invalid condition id : LAN8742 Phy interface Condition cause : null
2024-06-29 20:24:03,462 [WARN] PackLoader:240 - Cannot read IP mode file for STMicroelectronics.X-CUBE-AZRTOS-L4.2.0.0
2024-06-29 20:24:03,462 [WARN] ConditionMgr:1039 - genDependencies : Invalid condition id : LAN8742 Phy interface Condition cause : null
2024-06-29 20:24:03,463 [WARN] ConditionMgr:1039 - genDependencies : Invalid condition id : LAN8742 Phy interface Condition cause : null
2024-06-29 20:24:03,463 [WARN] ConditionMgr:1039 - genDependencies : Invalid condition id : LAN8742 Phy interface Condition cause : null
2024-06-29 20:24:03,473 [WARN] PackLoader:240 - Cannot read IP mode file for STMicroelectronics.X-CUBE-SFXS2LP1.4.0.0
2024-06-29 20:24:03,489 [WARN] ConditionMgr:438 - getConditionDescription Invalid condition id : UX DEVICE CLASS RTOS Condition cause : null
2024-06-29 20:24:03,489 [WARN] ConditionMgr:438 - getConditionDescription Invalid condition id : UX DEVICE CLASS RTOS Condition cause : null
2024-06-29 20:24:03,490 [WARN] PackLoader:240 - Cannot read IP mode file for STMicroelectronics.X-CUBE-AZRTOS-WB.2.0.0
2024-06-29 20:24:03,491 [WARN] ConditionMgr:1039 - genDependencies : Invalid condition id : UX DEVICE CLASS RTOS Condition cause : null
2024-06-29 20:24:03,491 [WARN] ConditionMgr:1039 - genDependencies : Invalid condition id : UX DEVICE CLASS RTOS Condition cause : null
2024-06-29 20:24:03,491 [WARN] ConditionMgr:1039 - genDependencies : Invalid condition id : UX DEVICE CLASS RTOS Condition cause : null
2024-06-29 20:24:03,491 [WARN] ConditionMgr:1039 - genDependencies : Invalid condition id : UX DEVICE CLASS RTOS Condition cause : null
2024-06-29 20:24:03,491 [WARN] ConditionMgr:1039 - genDependencies : Invalid condition id : UX DEVICE CLASS RTOS Condition cause : null
2024-06-29 20:24:03,504 [WARN] PackLoader:240 - Cannot read IP mode file for STMicroelectronics.X-CUBE-SUBG2.5.0.0
2024-06-29 20:24:03,511 [WARN] PackLoader:240 - Cannot read IP mode file for Cesanta.I-CUBE-Mongoose.7.13.0
2024-06-29 20:24:03,528 [WARN] PackLoader:240 - Cannot read IP mode file for STMicroelectronics.X-CUBE-AZRTOS-G4.2.0.0
2024-06-29 20:24:03,536 [WARN] PackLoader:240 - Cannot read IP mode file for STMicroelectronics.X-CUBE-ISPU.2.0.0
2024-06-29 20:24:03,544 [WARN] PackLoader:240 - Cannot read IP mode file for STMicroelectronics.X-CUBE-ALS.1.0.2
2024-06-29 20:24:03,572 [WARN] PackLoader:240 - Cannot read IP mode file for STMicroelectronics.X-CUBE-MEMS1.10.0.0
2024-06-29 20:24:03,630 [WARN] PackLoader:240 - Cannot read IP mode file for STMicroelectronics.X-CUBE-FREERTOS.1.1.0
2024-06-29 20:24:03,631 [WARN] PackLoader:240 - Cannot read IP mode file for STMicroelectronics.X-CUBE-TOUCHGFX.4.24.0
2024-06-29 20:24:03,639 [WARN] PackLoader:240 - Cannot read IP mode file for portGmbH.I-Cube-SoM-uGOAL.1.1.0
2024-06-29 20:24:03,646 [WARN] PackLoader:240 - Cannot read IP mode file for STMicroelectronics.X-CUBE-ALS.1.0.1
2024-06-29 20:24:03,662 [WARN] PackLoader:240 - Cannot read IP mode file for STMicroelectronics.X-CUBE-AZRTOS-H7RS.1.0.0
2024-06-29 20:24:03,667 [WARN] PackLoader:240 - Cannot read IP mode file for STMicroelectronics.FP-ATR-ASTRA1.2.0.0
2024-06-29 20:24:03,680 [WARN] PackLoader:240 - Cannot read IP mode file for STMicroelectronics.X-CUBE-TOF1.3.4.1
2024-06-29 20:24:03,702 [WARN] PackLoader:240 - Cannot read IP mode file for STMicroelectronics.X-CUBE-AZRTOS-H7.3.2.0
2024-06-29 20:24:03,717 [WARN] PackLoader:240 - Cannot read IP mode file for Infineon.AIROC-Wi-Fi-Bluetooth-STM32.1.6.0
2024-06-29 20:24:03,718 [INFO] ThirdParty:978 - Integrity check success = true
2024-06-29 20:24:03,719 [INFO] IntegrityCheckThread:100 - exiting critical section [integrity check]
2024-06-29 20:24:03,719 [INFO] IntegrityCheckThread:103 - End integrity checks thread
2024-06-29 21:16:06,841 [ERROR] LogOutputStream:75 - [STDERR_REDIRECT] 
2024-06-29 21:27:53,694 [INFO] Activator:176 - 


2024-06-29 21:27:53,695 [INFO] Activator:177 - !SESSION log4j initialized
2024-06-29 21:27:56,764 [INFO] LogOutputStream:77 - [STDOUT_REDIRECT] 
2024-06-29 21:27:57,306 [INFO] ApplicationProperties:184 - Using Application install path: C:\ST\STM32CubeIDE_1.15.0\STM32CubeIDE\plugins\com.st.stm32cube.common.mx_6.11.0.202403141607
2024-06-29 21:27:57,317 [INFO] DbMcusXml:78 - Set database path to: C:\ST\STM32CubeIDE_1.15.0\STM32CubeIDE\plugins\com.st.stm32cube.common.mx_6.11.0.202403141607\\db\/mcu/
2024-06-29 21:27:57,317 [INFO] ApiDb:274 - Set plugin database path to: C:\ST\STM32CubeIDE_1.15.0\STM32CubeIDE\plugins\com.st.stm32cube.common.mx_6.11.0.202403141607\\db\/plugins/boardmanager/
2024-06-29 21:27:57,317 [WARN] ApiDb:259 - Overriding images path with different value:  => C:\ST\STM32CubeIDE_1.15.0\STM32CubeIDE\plugins\com.st.stm32cube.common.mx_6.11.0.202403141607\\db\/plugins/mcufinder/images/
2024-06-29 21:27:57,321 [INFO] ApiDb:250 - Set database path to: C:\Users\alexl\.stmcufinder\plugins\mcufinder//mcu/
2024-06-29 21:27:57,321 [INFO] DbMcusAds:125 - Set database path to: C:\Users\alexl\.stmcufinder\plugins\mcufinder//mcu/
2024-06-29 21:27:57,323 [INFO] CrossReferenceDbSqlite:203 - Set database path to: C:\Users\alexl\.stmcufinder\plugins\mcufinder//mcu/cs/
2024-06-29 21:27:57,418 [INFO] RulesReader:64 - Compatibility file has been processed (297 Rules)
2024-06-29 21:27:57,471 [INFO] DbMcusXml:78 - Set database path to: C:\ST\STM32CubeIDE_1.15.0\STM32CubeIDE\plugins\com.st.stm32cube.common.mx_6.11.0.202403141607\\db\/mcu/
2024-06-29 21:27:57,471 [INFO] ApiDb:274 - Set plugin database path to: C:\ST\STM32CubeIDE_1.15.0\STM32CubeIDE\plugins\com.st.stm32cube.common.mx_6.11.0.202403141607\\db\/plugins/boardmanager/
2024-06-29 21:27:57,472 [INFO] ApiDb:261 - Set plugin images path to: C:\ST\STM32CubeIDE_1.15.0\STM32CubeIDE\plugins\com.st.stm32cube.common.mx_6.11.0.202403141607\\db\/plugins/mcufinder/images/
2024-06-29 21:27:57,472 [WARN] DbFile:41 - Overriding database path with different value: C:\Users\alexl\.stmcufinder\plugins\mcufinder/ => C:\Users\alexl\.stmcufinder\plugins\mcufinder
2024-06-29 21:27:57,472 [INFO] ApiDb:250 - Set database path to: C:\Users\alexl\.stmcufinder\plugins\mcufinder//mcu/
2024-06-29 21:27:57,472 [WARN] DbFile:41 - Overriding database path with different value: C:\Users\alexl\.stmcufinder\plugins\mcufinder/ => C:\Users\alexl\.stmcufinder\plugins\mcufinder
2024-06-29 21:27:57,472 [INFO] DbMcusAds:125 - Set database path to: C:\Users\alexl\.stmcufinder\plugins\mcufinder//mcu/
2024-06-29 21:27:57,472 [WARN] DbFile:41 - Overriding database path with different value: C:\Users\alexl\.stmcufinder\plugins\mcufinder/ => C:\Users\alexl\.stmcufinder\plugins\mcufinder
2024-06-29 21:27:57,472 [WARN] DbFile:41 - Overriding database path with different value: C:\Users\alexl\.stmcufinder\plugins\mcufinder/ => C:\Users\alexl\.stmcufinder\plugins\mcufinder
2024-06-29 21:27:57,472 [INFO] CrossReferenceDbSqlite:203 - Set database path to: C:\Users\alexl\.stmcufinder\plugins\mcufinder//mcu/cs/
2024-06-29 21:27:57,519 [INFO] MainPanel:264 - HeapMemory: 268435456
2024-06-29 21:27:57,558 [INFO] DbMcusXml:78 - Set database path to: C:\ST\STM32CubeIDE_1.15.0\STM32CubeIDE\plugins\com.st.stm32cube.common.mx_6.11.0.202403141607\\db\/mcu/
2024-06-29 21:27:57,558 [INFO] ApiDb:274 - Set plugin database path to: C:\ST\STM32CubeIDE_1.15.0\STM32CubeIDE\plugins\com.st.stm32cube.common.mx_6.11.0.202403141607\\db\/plugins/boardmanager/
2024-06-29 21:27:57,558 [INFO] ApiDb:261 - Set plugin images path to: C:\ST\STM32CubeIDE_1.15.0\STM32CubeIDE\plugins\com.st.stm32cube.common.mx_6.11.0.202403141607\\db\/plugins/mcufinder/images/
2024-06-29 21:27:57,558 [WARN] DbFile:41 - Overriding database path with different value: C:\Users\alexl\.stmcufinder\plugins\mcufinder/ => C:\Users\alexl\.stmcufinder\plugins\mcufinder
2024-06-29 21:27:57,558 [INFO] ApiDb:250 - Set database path to: C:\Users\alexl\.stmcufinder\plugins\mcufinder//mcu/
2024-06-29 21:27:57,559 [WARN] DbFile:41 - Overriding database path with different value: C:\Users\alexl\.stmcufinder\plugins\mcufinder/ => C:\Users\alexl\.stmcufinder\plugins\mcufinder
2024-06-29 21:27:57,559 [INFO] DbMcusAds:125 - Set database path to: C:\Users\alexl\.stmcufinder\plugins\mcufinder//mcu/
2024-06-29 21:27:57,559 [WARN] DbFile:41 - Overriding database path with different value: C:\Users\alexl\.stmcufinder\plugins\mcufinder/ => C:\Users\alexl\.stmcufinder\plugins\mcufinder
2024-06-29 21:27:57,559 [WARN] DbFile:41 - Overriding database path with different value: C:\Users\alexl\.stmcufinder\plugins\mcufinder/ => C:\Users\alexl\.stmcufinder\plugins\mcufinder
2024-06-29 21:27:57,559 [INFO] CrossReferenceDbSqlite:203 - Set database path to: C:\Users\alexl\.stmcufinder\plugins\mcufinder//mcu/cs/
2024-06-29 21:27:57,569 [INFO] ApplicationProperties:184 - Using Application install path: C:\ST\STM32CubeIDE_1.15.0\STM32CubeIDE\plugins\com.st.stm32cube.common.mx_6.11.0.202403141607
2024-06-29 21:27:57,570 [INFO] PluginManage:196 - Search for loadable plugins [exclusion list=, ]
2024-06-29 21:27:57,570 [INFO] PluginManage:310 - Check plugin analytics
2024-06-29 21:27:57,664 [INFO] AnalyticsPlugin:253 - Accepted Software Licenses: 
2024-06-29 21:27:57,664 [INFO] AnalyticsPlugin:255 - Accepted CMSIS Pack Licenses: 
2024-06-29 21:27:57,664 [INFO] AnalyticsPlugin:257 - Accepted Firmware Licenses: 
2024-06-29 21:27:57,665 [INFO] PluginManage:359 - Loaded plugin analytics (category:tool,tabindex:-1)
2024-06-29 21:27:57,666 [INFO] PluginManage:310 - Check plugin cadmodel
2024-06-29 21:27:57,668 [INFO] CADModel:105 - Init CAD model plugin
2024-06-29 21:27:57,668 [INFO] PluginManage:359 - Loaded plugin cadmodel (category:power,tabindex:5)
2024-06-29 21:27:57,668 [INFO] PluginManage:310 - Check plugin clock
2024-06-29 21:27:57,673 [INFO] PluginManage:359 - Loaded plugin clock (category:base,tabindex:2)
2024-06-29 21:27:57,674 [INFO] PluginManage:310 - Check plugin ddr
2024-06-29 21:27:57,675 [INFO] PluginManage:359 - Loaded plugin ddr (category:tool,tabindex:6)
2024-06-29 21:27:57,676 [INFO] PluginManage:310 - Check plugin filemanager
2024-06-29 21:27:57,763 [INFO] PluginManage:359 - Loaded plugin filemanager (category:base,tabindex:10)
2024-06-29 21:27:57,763 [INFO] PluginManage:310 - Check plugin ipmanager
2024-06-29 21:27:57,767 [INFO] PluginManage:359 - Loaded plugin ipmanager (category:base,tabindex:5)
2024-06-29 21:27:57,767 [INFO] PluginManage:310 - Check plugin lpbam
2024-06-29 21:27:57,773 [INFO] PluginManage:359 - Loaded plugin lpbam (category:base,tabindex:0)
2024-06-29 21:27:57,773 [INFO] PluginManage:310 - Check plugin memorymap
2024-06-29 21:27:57,780 [INFO] PluginManage:359 - Loaded plugin memorymap (category:base,tabindex:4)
2024-06-29 21:27:57,780 [INFO] PluginManage:310 - Check plugin pinoutandconfiguration
2024-06-29 21:27:57,784 [INFO] PluginManage:359 - Loaded plugin pinoutandconfiguration (category:base,tabindex:1)
2024-06-29 21:27:57,784 [INFO] PluginManage:310 - Check plugin pinoutconfig
2024-06-29 21:27:57,834 [WARN] SupportedApi:132 - Cannot load RTOS API schema: s4s-elt-must-match.1: The content of 'definitions' must match (annotation?, (simpleType | complexType)?, (unique | key | keyref)*)). A problem was found starting at: attribute.
2024-06-29 21:27:57,906 [INFO] PluginManage:359 - Loaded plugin pinoutconfig (category:base,tabindex:0)
2024-06-29 21:27:57,906 [INFO] PluginManage:310 - Check plugin power
2024-06-29 21:27:57,911 [INFO] PluginManage:359 - Loaded plugin power (category:power,tabindex:4)
2024-06-29 21:27:57,911 [INFO] PluginManage:310 - Check plugin projectmanager
2024-06-29 21:27:57,922 [INFO] PluginManage:359 - Loaded plugin projectmanager (category:projectmanager,tabindex:3)
2024-06-29 21:27:57,922 [INFO] PluginManage:310 - Check plugin thirdparty
2024-06-29 21:27:57,987 [INFO] PluginManage:359 - Loaded plugin thirdparty (category:base,tabindex:-1)
2024-06-29 21:27:57,987 [INFO] PluginManage:310 - Check plugin tools
2024-06-29 21:27:57,987 [WARN] IntegrityCheckThread:84 - waiting for thirdparty lock release [integrity check]
2024-06-29 21:27:57,987 [INFO] IntegrityCheckThread:86 - entering critical section [integrity check]
2024-06-29 21:27:57,988 [INFO] ThirdPartyUpdaterWithRetryManager:70 - Updater plugin not ready yet. [1/15]
2024-06-29 21:27:57,989 [INFO] PluginManage:359 - Loaded plugin tools (category:base,tabindex:7)
2024-06-29 21:27:57,989 [INFO] PluginManage:310 - Check plugin tutovideos
2024-06-29 21:27:58,081 [INFO] PluginManage:359 - Loaded plugin tutovideos (category:base,tabindex:-1)
2024-06-29 21:27:58,081 [INFO] PluginManage:310 - Check plugin updater
2024-06-29 21:27:58,087 [INFO] PluginManage:359 - Loaded plugin updater (category:base,tabindex:12)
2024-06-29 21:27:58,087 [INFO] PluginManage:310 - Check plugin userauth
2024-06-29 21:27:58,090 [INFO] UserAuth:114 - Init User Auth plugin
2024-06-29 21:27:58,090 [INFO] PluginManage:359 - Loaded plugin userauth (category:base,tabindex:14)
2024-06-29 21:27:58,090 [INFO] PluginManage:283 - PluginManage : Loaded plugins [17]
2024-06-29 21:27:58,207 [INFO] PinOutPanel:1561 - setPackage(No Configuration,No Configuration)
2024-06-29 21:27:58,250 [INFO] CADModel:165 - CPN selected for project level
2024-06-29 21:27:58,250 [INFO] CADModel:114 - Register for checkConnection events
2024-06-29 21:27:58,259 [INFO] IPUIPlugin:80 - create IPUIPlugin
2024-06-29 21:27:58,259 [INFO] PluginManager:220 - loadIPPluginJar : add adc
2024-06-29 21:27:58,260 [INFO] IPUIPlugin:80 - create IPUIPlugin
2024-06-29 21:27:58,260 [INFO] PluginManager:220 - loadIPPluginJar : add aes
2024-06-29 21:27:58,261 [INFO] IPUIPlugin:80 - create IPUIPlugin
2024-06-29 21:27:58,261 [INFO] PluginManager:220 - loadIPPluginJar : add can
2024-06-29 21:27:58,262 [INFO] IPUIPlugin:80 - create IPUIPlugin
2024-06-29 21:27:58,262 [INFO] PluginManager:220 - loadIPPluginJar : add comp
2024-06-29 21:27:58,263 [INFO] IPUIPlugin:80 - create IPUIPlugin
2024-06-29 21:27:58,263 [INFO] PluginManager:220 - loadIPPluginJar : add cryp
2024-06-29 21:27:58,264 [INFO] IPUIPlugin:80 - create IPUIPlugin
2024-06-29 21:27:58,265 [INFO] PluginManager:220 - loadIPPluginJar : add dfsdm
2024-06-29 21:27:58,268 [INFO] IPUIPlugin:80 - create IPUIPlugin
2024-06-29 21:27:58,268 [INFO] PluginManager:220 - loadIPPluginJar : add dma
2024-06-29 21:27:58,269 [INFO] IPUIPlugin:80 - create IPUIPlugin
2024-06-29 21:27:58,270 [INFO] PluginManager:220 - loadIPPluginJar : add dma3
2024-06-29 21:27:58,271 [INFO] IPUIPlugin:80 - create IPUIPlugin
2024-06-29 21:27:58,271 [INFO] PluginManager:220 - loadIPPluginJar : add extmemmanager
2024-06-29 21:27:58,272 [INFO] IPUIPlugin:80 - create IPUIPlugin
2024-06-29 21:27:58,272 [INFO] PluginManager:220 - loadIPPluginJar : add fatfs
2024-06-29 21:27:58,274 [INFO] IPUIPlugin:80 - create IPUIPlugin
2024-06-29 21:27:58,274 [INFO] PluginManager:220 - loadIPPluginJar : add fmc
2024-06-29 21:27:58,277 [INFO] IPUIPlugin:80 - create IPUIPlugin
2024-06-29 21:27:58,277 [INFO] PluginManager:220 - loadIPPluginJar : add freertos
2024-06-29 21:27:58,277 [INFO] IPUIPlugin:80 - create IPUIPlugin
2024-06-29 21:27:58,278 [INFO] PluginManager:220 - loadIPPluginJar : add genericplugin
2024-06-29 21:27:58,279 [INFO] IPUIPlugin:80 - create IPUIPlugin
2024-06-29 21:27:58,279 [INFO] PluginManager:220 - loadIPPluginJar : add gfxmmu
2024-06-29 21:27:58,281 [INFO] IPUIPlugin:80 - create IPUIPlugin
2024-06-29 21:27:58,281 [INFO] PluginManager:220 - loadIPPluginJar : add gic
2024-06-29 21:27:58,283 [INFO] IPUIPlugin:80 - create IPUIPlugin
2024-06-29 21:27:58,283 [INFO] PluginManager:220 - loadIPPluginJar : add gpio
2024-06-29 21:27:58,284 [INFO] IPUIPlugin:80 - create IPUIPlugin
2024-06-29 21:27:58,284 [INFO] PluginManager:220 - loadIPPluginJar : add gtzc
2024-06-29 21:27:58,285 [INFO] IPUIPlugin:80 - create IPUIPlugin
2024-06-29 21:27:58,285 [INFO] PluginManager:220 - loadIPPluginJar : add hash
2024-06-29 21:27:58,287 [INFO] IPUIPlugin:80 - create IPUIPlugin
2024-06-29 21:27:58,287 [INFO] PluginManager:220 - loadIPPluginJar : add i2c
2024-06-29 21:27:58,288 [INFO] IPUIPlugin:80 - create IPUIPlugin
2024-06-29 21:27:58,288 [INFO] PluginManager:220 - loadIPPluginJar : add i2s
2024-06-29 21:27:58,289 [INFO] IPUIPlugin:80 - create IPUIPlugin
2024-06-29 21:27:58,289 [INFO] PluginManager:220 - loadIPPluginJar : add i3c
2024-06-29 21:27:58,291 [INFO] IPUIPlugin:80 - create IPUIPlugin
2024-06-29 21:27:58,291 [INFO] PluginManager:220 - loadIPPluginJar : add ipddr
2024-06-29 21:27:58,295 [INFO] IPUIPlugin:80 - create IPUIPlugin
2024-06-29 21:27:58,295 [INFO] PluginManager:220 - loadIPPluginJar : add linkedlist
2024-06-29 21:27:58,296 [INFO] IPUIPlugin:80 - create IPUIPlugin
2024-06-29 21:27:58,296 [INFO] PluginManager:220 - loadIPPluginJar : add lorawan
2024-06-29 21:27:58,297 [INFO] IPUIPlugin:80 - create IPUIPlugin
2024-06-29 21:27:58,297 [INFO] PluginManager:220 - loadIPPluginJar : add ltdc
2024-06-29 21:27:58,300 [INFO] IPUIPlugin:80 - create IPUIPlugin
2024-06-29 21:27:58,300 [INFO] PluginManager:220 - loadIPPluginJar : add mdma
2024-06-29 21:27:58,302 [INFO] IPUIPlugin:80 - create IPUIPlugin
2024-06-29 21:27:58,302 [INFO] PluginManager:220 - loadIPPluginJar : add nvic
2024-06-29 21:27:58,303 [INFO] IPUIPlugin:80 - create IPUIPlugin
2024-06-29 21:27:58,303 [INFO] PluginManager:220 - loadIPPluginJar : add opamp
2024-06-29 21:27:58,304 [INFO] IPUIPlugin:80 - create IPUIPlugin
2024-06-29 21:27:58,304 [INFO] PluginManager:220 - loadIPPluginJar : add openamp
2024-06-29 21:27:58,306 [INFO] IPUIPlugin:80 - create IPUIPlugin
2024-06-29 21:27:58,306 [INFO] PluginManager:220 - loadIPPluginJar : add pdm2pcm
2024-06-29 21:27:58,309 [INFO] IPUIPlugin:80 - create IPUIPlugin
2024-06-29 21:27:58,311 [INFO] PluginManager:220 - loadIPPluginJar : add plateformsettings
2024-06-29 21:27:58,312 [INFO] IPUIPlugin:80 - create IPUIPlugin
2024-06-29 21:27:58,312 [INFO] PluginManager:220 - loadIPPluginJar : add quadspi
2024-06-29 21:27:58,314 [INFO] IPUIPlugin:80 - create IPUIPlugin
2024-06-29 21:27:58,314 [INFO] PluginManager:220 - loadIPPluginJar : add resmgrutility
2024-06-29 21:27:58,315 [INFO] IPUIPlugin:80 - create IPUIPlugin
2024-06-29 21:27:58,315 [INFO] PluginManager:220 - loadIPPluginJar : add sai
2024-06-29 21:27:58,317 [INFO] IPUIPlugin:80 - create IPUIPlugin
2024-06-29 21:27:58,317 [INFO] PluginManager:220 - loadIPPluginJar : add spi
2024-06-29 21:27:58,319 [INFO] IPUIPlugin:80 - create IPUIPlugin
2024-06-29 21:27:58,319 [INFO] PluginManager:220 - loadIPPluginJar : add stm32_wpan
2024-06-29 21:27:58,320 [INFO] IPUIPlugin:80 - create IPUIPlugin
2024-06-29 21:27:58,321 [INFO] PluginManager:220 - loadIPPluginJar : add tim
2024-06-29 21:27:58,322 [INFO] IPUIPlugin:80 - create IPUIPlugin
2024-06-29 21:27:58,322 [INFO] PluginManager:220 - loadIPPluginJar : add touchsensing
2024-06-29 21:27:58,323 [INFO] IPUIPlugin:80 - create IPUIPlugin
2024-06-29 21:27:58,323 [INFO] PluginManager:220 - loadIPPluginJar : add tracer_emb
2024-06-29 21:27:58,324 [INFO] IPUIPlugin:80 - create IPUIPlugin
2024-06-29 21:27:58,324 [INFO] PluginManager:220 - loadIPPluginJar : add ts
2024-06-29 21:27:58,325 [INFO] IPUIPlugin:80 - create IPUIPlugin
2024-06-29 21:27:58,325 [INFO] PluginManager:220 - loadIPPluginJar : add tsc
2024-06-29 21:27:58,326 [INFO] IPUIPlugin:80 - create IPUIPlugin
2024-06-29 21:27:58,326 [INFO] PluginManager:220 - loadIPPluginJar : add ucpd
2024-06-29 21:27:58,327 [INFO] IPUIPlugin:80 - create IPUIPlugin
2024-06-29 21:27:58,327 [INFO] PluginManager:220 - loadIPPluginJar : add usart
2024-06-29 21:27:58,329 [INFO] IPUIPlugin:80 - create IPUIPlugin
2024-06-29 21:27:58,329 [INFO] PluginManager:220 - loadIPPluginJar : add usbx
2024-06-29 21:27:58,435 [INFO] CADModel:165 - CPN selected for project level
2024-06-29 21:27:58,435 [INFO] CADModel:114 - Register for checkConnection events
2024-06-29 21:27:58,435 [FATAL] Updater:308 - Updater called before beeing initialized
2024-06-29 21:27:58,435 [ERROR] CADModel:125 - Updater not yet initialized, retry later 
2024-06-29 21:27:58,511 [INFO] CADModel:165 - CPN selected for project level
2024-06-29 21:27:58,511 [INFO] CADModel:114 - Register for checkConnection events
2024-06-29 21:27:58,511 [FATAL] Updater:308 - Updater called before beeing initialized
2024-06-29 21:27:58,511 [ERROR] CADModel:125 - Updater not yet initialized, retry later 
2024-06-29 21:27:58,513 [FATAL] Updater:308 - Updater called before beeing initialized
2024-06-29 21:27:58,574 [FATAL] Updater:308 - Updater called before beeing initialized
2024-06-29 21:27:58,577 [INFO] DbMcusAds:53 - JSON generation date=Thu May 16 12:22:00 EEST 2024 (1715851320852)
2024-06-29 21:27:58,577 [FATAL] Updater:308 - Updater called before beeing initialized
2024-06-29 21:27:58,598 [WARN] DetailPanel:346 - Failed to get advertising image, set to default
2024-06-29 21:27:58,668 [FATAL] Updater:308 - Updater called before beeing initialized
2024-06-29 21:27:58,669 [FATAL] Updater:308 - Updater called before beeing initialized
2024-06-29 21:27:58,669 [FATAL] Updater:308 - Updater called before beeing initialized
2024-06-29 21:27:58,670 [WARN] DetailPanel:346 - Failed to get advertising image, set to default
2024-06-29 21:27:58,670 [FATAL] Updater:308 - Updater called before beeing initialized
2024-06-29 21:27:58,696 [ERROR] Updater:1120 - MainUpdater not yet initialized. External WinMGr cannot be set.
2024-06-29 21:27:58,697 [INFO] Updater:1056 - Updater Version found : 6.11.0
2024-06-29 21:27:58,708 [INFO] ApplicationProperties:184 - Using Application install path: C:\ST\STM32CubeIDE_1.15.0\STM32CubeIDE\plugins\com.st.stm32cube.common.mx_6.11.0.202403141607
2024-06-29 21:28:00,274 [ERROR] LogOutputStream:75 - [STDERR_REDIRECT] Jun 29, 2024 9:28:00 PM java.util.prefs.WindowsPreferences <init>
2024-06-29 21:28:00,275 [ERROR] LogOutputStream:75 - [STDERR_REDIRECT] WARNING: Could not open/create prefs root node Software\JavaSoft\Prefs at root 0xffffffff80000002. Windows RegCreateKeyEx(...) returned error code 5.
2024-06-29 21:28:00,275 [ERROR] LogOutputStream:75 - [STDERR_REDIRECT] 
2024-06-29 21:28:00,559 [INFO] MainUpdater:2873 - connection check result : 10
2024-06-29 21:28:00,560 [INFO] MainUpdater:290 - Updater Check For Update Now.
2024-06-29 21:28:00,560 [INFO] MicroXplorer:498 - Change Database Version : DB.6.0.110
2024-06-29 21:28:00,564 [INFO] McuFinderGlobals:63 - Set McuFinder mode to 2 (CubeIDE integrated)
2024-06-29 21:28:00,564 [INFO] UserAuth:179 - activating auth plugin
2024-06-29 21:28:00,565 [INFO] UserAuth:415 - Internet connection configuration mode: 1
2024-06-29 21:28:00,574 [INFO] JxBrowserEngine:152 - Initiate JxBrowser Engine with user profile folder
2024-06-29 21:28:00,704 [INFO] CheckServerUpdateThread:120 - End of CheckServer Thread
2024-06-29 21:28:00,918 [INFO] WebApp:161 - Instantiating new browser for Auth
2024-06-29 21:28:01,102 [WARN] PackLoader:240 - Cannot read IP mode file for STMicroelectronics.FP-SNS-MOTENVWB1.1.4.0
2024-06-29 21:28:01,110 [WARN] PackLoader:240 - Cannot read IP mode file for STMicroelectronics.X-CUBE-SMBUS.2.1.0
2024-06-29 21:28:01,113 [WARN] PackLoader:240 - Cannot read IP mode file for STMicroelectronics.X-CUBE-TOUCHGFX.4.23.2
2024-06-29 21:28:01,132 [WARN] PackLoader:240 - Cannot read IP mode file for STMicroelectronics.X-CUBE-AZRTOS-F7.1.1.0
2024-06-29 21:28:01,139 [WARN] PackLoader:240 - Cannot read IP mode file for STMicroelectronics.FP-SNS-FLIGHT1.5.0.2
2024-06-29 21:28:01,146 [WARN] PackLoader:240 - Cannot read IP mode file for STMicroelectronics.X-CUBE-DISPLAY.3.0.0
2024-06-29 21:28:01,154 [WARN] PackLoader:240 - Cannot read IP mode file for STMicroelectronics.X-CUBE-BLE1.7.0.0
2024-06-29 21:28:01,164 [WARN] PackLoader:240 - Cannot read IP mode file for emotas.I-CUBE-CANOPEN.1.3.0
2024-06-29 21:28:01,173 [WARN] PackLoader:240 - Cannot read IP mode file for STMicroelectronics.X-CUBE-BLEMGR.3.1.0
2024-06-29 21:28:01,182 [WARN] PackLoader:240 - Cannot read IP mode file for STMicroelectronics.FP-SNS-SMARTAG2.1.2.0
2024-06-29 21:28:01,196 [INFO] LogOutputStream:77 - [STDOUT_REDIRECT] 1 : Invalid condition id : UX_CORESTACK_Condition cause : null
2024-06-29 21:28:01,196 [INFO] LogOutputStream:77 - [STDOUT_REDIRECT] 1 : Invalid condition id : UX_CORESTACK_Condition cause : null
2024-06-29 21:28:01,197 [INFO] LogOutputStream:77 - [STDOUT_REDIRECT] 1 : Invalid condition id : UX_CORESTACK_Condition cause : null
2024-06-29 21:28:01,199 [INFO] LogOutputStream:77 - [STDOUT_REDIRECT] 1 : Invalid condition id : UX_CORESTACK_Condition cause : null
2024-06-29 21:28:01,199 [INFO] LogOutputStream:77 - [STDOUT_REDIRECT] 1 : Invalid condition id : UX_CORESTACK_Condition cause : null
2024-06-29 21:28:01,203 [WARN] PackLoader:240 - Cannot read IP mode file for STMicroelectronics.X-CUBE-AZRTOS-WL.2.0.0
2024-06-29 21:28:01,217 [WARN] PackLoader:240 - Cannot read IP mode file for STMicroelectronics.FP-SNS-MOTENV1.5.0.0
2024-06-29 21:28:01,223 [WARN] PackLoader:240 - Cannot read IP mode file for wolfSSL.I-CUBE-wolfMQTT.1.19.0
2024-06-29 21:28:01,230 [WARN] PackLoader:240 - Cannot read IP mode file for WES.I-CUBE-Cesium.1.3.0
2024-06-29 21:28:01,234 [WARN] PackLoader:240 - Cannot read IP mode file for STMicroelectronics.X-CUBE-BLE2.3.3.0
2024-06-29 21:28:01,246 [WARN] PackLoader:240 - Cannot read IP mode file for STMicroelectronics.X-CUBE-TCPP.4.1.0
2024-06-29 21:28:01,251 [WARN] PackLoader:240 - Cannot read IP mode file for STMicroelectronics.X-CUBE-ALGOBUILD.1.3.0
2024-06-29 21:28:01,259 [WARN] PackLoader:240 - Cannot read IP mode file for STMicroelectronics.X-CUBE-AZRTOS-G0.1.1.0
2024-06-29 21:28:01,264 [WARN] PackLoader:240 - Cannot read IP mode file for STMicroelectronics.X-CUBE-SAFEA1.1.2.2
2024-06-29 21:28:01,267 [WARN] PackLoader:240 - Cannot read IP mode file for STMicroelectronics.X-CUBE-NFC4.3.0.0
2024-06-29 21:28:01,270 [WARN] PackLoader:240 - Cannot read IP mode file for wolfSSL.I-CUBE-wolfSSL.5.7.0
2024-06-29 21:28:01,273 [WARN] PackLoader:240 - Cannot read IP mode file for STMicroelectronics.FP-ATR-SIGFOX1.3.2.0
2024-06-29 21:28:01,276 [WARN] PackLoader:240 - Cannot read IP mode file for STMicroelectronics.X-CUBE-EEPRMA1.5.1.0
2024-06-29 21:28:01,281 [WARN] PackLoader:240 - Cannot read IP mode file for ITTIA_DB.I-CUBE-ITTIADB.8.9.0
2024-06-29 21:28:01,302 [WARN] PackLoader:240 - Cannot read IP mode file for SEGGER.I-CUBE-embOS.1.3.1
2024-06-29 21:28:01,344 [WARN] PackLoader:240 - Cannot read IP mode file for STMicroelectronics.X-CUBE-ALGOBUILD.1.4.0
2024-06-29 21:28:01,349 [WARN] PackLoader:240 - Cannot read IP mode file for STMicroelectronics.X-CUBE-GNSS1.6.0.0
2024-06-29 21:28:01,356 [INFO] WebApp:779 - Register for checkConnection events
2024-06-29 21:28:01,356 [INFO] WebApp:414 - Apply proxy settings
2024-06-29 21:28:01,357 [INFO] WebApp:499 - Chromium requires no authentication
2024-06-29 21:28:01,361 [WARN] PackLoader:240 - Cannot read IP mode file for STMicroelectronics.X-CUBE-AZRTOS-F4.1.1.0
2024-06-29 21:28:01,362 [INFO] WebApp:442 - Direct internet connection detected
2024-06-29 21:28:01,365 [WARN] PackLoader:240 - Cannot read IP mode file for STMicroelectronics.X-CUBE-FREERTOS.1.2.0
2024-06-29 21:28:01,376 [WARN] PackLoader:240 - Cannot read IP mode file for STMicroelectronics.X-CUBE-AZRTOS-L5.2.0.0
2024-06-29 21:28:01,382 [WARN] PackLoader:240 - Cannot read IP mode file for STMicroelectronics.X-CUBE-NFC6.3.1.0
2024-06-29 21:28:01,387 [WARN] PackLoader:240 - Cannot read IP mode file for STMicroelectronics.X-CUBE-AI.9.0.0
2024-06-29 21:28:01,390 [WARN] PackLoader:240 - Cannot read IP mode file for STMicroelectronics.X-CUBE-NFC7.1.0.1
2024-06-29 21:28:01,403 [WARN] ConditionMgr:438 - getConditionDescription Invalid condition id : LAN8742 Phy interface Condition cause : null
2024-06-29 21:28:01,403 [WARN] PackLoader:240 - Cannot read IP mode file for STMicroelectronics.X-CUBE-AZRTOS-L4.2.0.0
2024-06-29 21:28:01,404 [WARN] ConditionMgr:1039 - genDependencies : Invalid condition id : LAN8742 Phy interface Condition cause : null
2024-06-29 21:28:01,405 [WARN] ConditionMgr:1039 - genDependencies : Invalid condition id : LAN8742 Phy interface Condition cause : null
2024-06-29 21:28:01,405 [WARN] ConditionMgr:1039 - genDependencies : Invalid condition id : LAN8742 Phy interface Condition cause : null
2024-06-29 21:28:01,410 [WARN] PackLoader:240 - Cannot read IP mode file for STMicroelectronics.X-CUBE-SFXS2LP1.4.0.0
2024-06-29 21:28:01,418 [WARN] ConditionMgr:438 - getConditionDescription Invalid condition id : UX DEVICE CLASS RTOS Condition cause : null
2024-06-29 21:28:01,418 [WARN] ConditionMgr:438 - getConditionDescription Invalid condition id : UX DEVICE CLASS RTOS Condition cause : null
2024-06-29 21:28:01,419 [WARN] PackLoader:240 - Cannot read IP mode file for STMicroelectronics.X-CUBE-AZRTOS-WB.2.0.0
2024-06-29 21:28:01,419 [WARN] ConditionMgr:1039 - genDependencies : Invalid condition id : UX DEVICE CLASS RTOS Condition cause : null
2024-06-29 21:28:01,419 [WARN] ConditionMgr:1039 - genDependencies : Invalid condition id : UX DEVICE CLASS RTOS Condition cause : null
2024-06-29 21:28:01,420 [WARN] ConditionMgr:1039 - genDependencies : Invalid condition id : UX DEVICE CLASS RTOS Condition cause : null
2024-06-29 21:28:01,420 [WARN] ConditionMgr:1039 - genDependencies : Invalid condition id : UX DEVICE CLASS RTOS Condition cause : null
2024-06-29 21:28:01,420 [WARN] ConditionMgr:1039 - genDependencies : Invalid condition id : UX DEVICE CLASS RTOS Condition cause : null
2024-06-29 21:28:01,425 [WARN] PackLoader:240 - Cannot read IP mode file for STMicroelectronics.X-CUBE-SUBG2.5.0.0
2024-06-29 21:28:01,430 [WARN] PackLoader:240 - Cannot read IP mode file for Cesanta.I-CUBE-Mongoose.7.13.0
2024-06-29 21:28:01,438 [WARN] PackLoader:240 - Cannot read IP mode file for STMicroelectronics.X-CUBE-AZRTOS-G4.2.0.0
2024-06-29 21:28:01,443 [WARN] PackLoader:240 - Cannot read IP mode file for STMicroelectronics.X-CUBE-ISPU.2.0.0
2024-06-29 21:28:01,446 [WARN] PackLoader:240 - Cannot read IP mode file for STMicroelectronics.X-CUBE-ALS.1.0.2
2024-06-29 21:28:01,475 [WARN] PackLoader:240 - Cannot read IP mode file for STMicroelectronics.X-CUBE-MEMS1.10.0.0
2024-06-29 21:28:01,501 [INFO] WebApp:192 - Starting web application
2024-06-29 21:28:01,501 [INFO] WebApp:544 - Web application path used C:\ST\STM32CubeIDE_1.15.0\STM32CubeIDE\plugins\com.st.stm32cube.common.mx_6.11.0.202403141607\db\plugins\mcufinder\reactClient1\index.html
2024-06-29 21:28:01,592 [WARN] PackLoader:240 - Cannot read IP mode file for STMicroelectronics.X-CUBE-FREERTOS.1.1.0
2024-06-29 21:28:01,595 [WARN] PackLoader:240 - Cannot read IP mode file for STMicroelectronics.X-CUBE-TOUCHGFX.4.24.0
2024-06-29 21:28:01,599 [WARN] PackLoader:240 - Cannot read IP mode file for portGmbH.I-Cube-SoM-uGOAL.1.1.0
2024-06-29 21:28:01,602 [WARN] PackLoader:240 - Cannot read IP mode file for STMicroelectronics.X-CUBE-ALS.1.0.1
2024-06-29 21:28:01,620 [WARN] PackLoader:240 - Cannot read IP mode file for STMicroelectronics.X-CUBE-AZRTOS-H7RS.1.0.0
2024-06-29 21:28:01,626 [WARN] PackLoader:240 - Cannot read IP mode file for STMicroelectronics.FP-ATR-ASTRA1.2.0.0
2024-06-29 21:28:01,634 [WARN] PackLoader:240 - Cannot read IP mode file for STMicroelectronics.X-CUBE-TOF1.3.4.1
2024-06-29 21:28:01,659 [WARN] PackLoader:240 - Cannot read IP mode file for STMicroelectronics.X-CUBE-AZRTOS-H7.3.2.0
2024-06-29 21:28:01,670 [WARN] PackLoader:240 - Cannot read IP mode file for Infineon.AIROC-Wi-Fi-Bluetooth-STM32.1.6.0
2024-06-29 21:28:01,674 [INFO] ThirdParty:978 - Integrity check success = true
2024-06-29 21:28:01,674 [INFO] IntegrityCheckThread:100 - exiting critical section [integrity check]
2024-06-29 21:28:01,674 [INFO] IntegrityCheckThread:103 - End integrity checks thread
