2024-05-22 00:25:26,321 [ERROR] LogOutputStream:75 - [STDERR_REDIRECT] 
2024-05-22 12:14:51,589 [INFO] Activator:176 - 


2024-05-22 12:14:51,591 [INFO] Activator:177 - !SESSION log4j initialized
2024-05-22 12:14:55,474 [INFO] LogOutputStream:77 - [STDOUT_REDIRECT] 
2024-05-22 12:14:56,595 [INFO] ApplicationProperties:184 - Using Application install path: C:\ST\STM32CubeIDE_1.15.0\STM32CubeIDE\plugins\com.st.stm32cube.common.mx_6.11.0.202403141607
2024-05-22 12:14:56,610 [INFO] DbMcusXml:78 - Set database path to: C:\ST\STM32CubeIDE_1.15.0\STM32CubeIDE\plugins\com.st.stm32cube.common.mx_6.11.0.202403141607\\db\/mcu/
2024-05-22 12:14:56,610 [INFO] ApiDb:274 - Set plugin database path to: C:\ST\STM32CubeIDE_1.15.0\STM32CubeIDE\plugins\com.st.stm32cube.common.mx_6.11.0.202403141607\\db\/plugins/boardmanager/
2024-05-22 12:14:56,610 [WARN] ApiDb:259 - Overriding images path with different value:  => C:\ST\STM32CubeIDE_1.15.0\STM32CubeIDE\plugins\com.st.stm32cube.common.mx_6.11.0.202403141607\\db\/plugins/mcufinder/images/
2024-05-22 12:14:56,614 [INFO] ApiDb:250 - Set database path to: C:\Users\alexl\.stmcufinder\plugins\mcufinder//mcu/
2024-05-22 12:14:56,615 [INFO] DbMcusAds:125 - Set database path to: C:\Users\alexl\.stmcufinder\plugins\mcufinder//mcu/
2024-05-22 12:14:56,616 [INFO] CrossReferenceDbSqlite:203 - Set database path to: C:\Users\alexl\.stmcufinder\plugins\mcufinder//mcu/cs/
2024-05-22 12:14:56,700 [INFO] RulesReader:64 - Compatibility file has been processed (297 Rules)
2024-05-22 12:14:56,758 [INFO] DbMcusXml:78 - Set database path to: C:\ST\STM32CubeIDE_1.15.0\STM32CubeIDE\plugins\com.st.stm32cube.common.mx_6.11.0.202403141607\\db\/mcu/
2024-05-22 12:14:56,758 [INFO] ApiDb:274 - Set plugin database path to: C:\ST\STM32CubeIDE_1.15.0\STM32CubeIDE\plugins\com.st.stm32cube.common.mx_6.11.0.202403141607\\db\/plugins/boardmanager/
2024-05-22 12:14:56,758 [INFO] ApiDb:261 - Set plugin images path to: C:\ST\STM32CubeIDE_1.15.0\STM32CubeIDE\plugins\com.st.stm32cube.common.mx_6.11.0.202403141607\\db\/plugins/mcufinder/images/
2024-05-22 12:14:56,758 [WARN] DbFile:41 - Overriding database path with different value: C:\Users\alexl\.stmcufinder\plugins\mcufinder/ => C:\Users\alexl\.stmcufinder\plugins\mcufinder
2024-05-22 12:14:56,758 [INFO] ApiDb:250 - Set database path to: C:\Users\alexl\.stmcufinder\plugins\mcufinder//mcu/
2024-05-22 12:14:56,758 [WARN] DbFile:41 - Overriding database path with different value: C:\Users\alexl\.stmcufinder\plugins\mcufinder/ => C:\Users\alexl\.stmcufinder\plugins\mcufinder
2024-05-22 12:14:56,758 [INFO] DbMcusAds:125 - Set database path to: C:\Users\alexl\.stmcufinder\plugins\mcufinder//mcu/
2024-05-22 12:14:56,758 [WARN] DbFile:41 - Overriding database path with different value: C:\Users\alexl\.stmcufinder\plugins\mcufinder/ => C:\Users\alexl\.stmcufinder\plugins\mcufinder
2024-05-22 12:14:56,758 [WARN] DbFile:41 - Overriding database path with different value: C:\Users\alexl\.stmcufinder\plugins\mcufinder/ => C:\Users\alexl\.stmcufinder\plugins\mcufinder
2024-05-22 12:14:56,758 [INFO] CrossReferenceDbSqlite:203 - Set database path to: C:\Users\alexl\.stmcufinder\plugins\mcufinder//mcu/cs/
2024-05-22 12:14:56,824 [INFO] MainPanel:264 - HeapMemory: 268435456
2024-05-22 12:14:56,886 [INFO] DbMcusXml:78 - Set database path to: C:\ST\STM32CubeIDE_1.15.0\STM32CubeIDE\plugins\com.st.stm32cube.common.mx_6.11.0.202403141607\\db\/mcu/
2024-05-22 12:14:56,886 [INFO] ApiDb:274 - Set plugin database path to: C:\ST\STM32CubeIDE_1.15.0\STM32CubeIDE\plugins\com.st.stm32cube.common.mx_6.11.0.202403141607\\db\/plugins/boardmanager/
2024-05-22 12:14:56,886 [INFO] ApiDb:261 - Set plugin images path to: C:\ST\STM32CubeIDE_1.15.0\STM32CubeIDE\plugins\com.st.stm32cube.common.mx_6.11.0.202403141607\\db\/plugins/mcufinder/images/
2024-05-22 12:14:56,887 [WARN] DbFile:41 - Overriding database path with different value: C:\Users\alexl\.stmcufinder\plugins\mcufinder/ => C:\Users\alexl\.stmcufinder\plugins\mcufinder
2024-05-22 12:14:56,887 [INFO] ApiDb:250 - Set database path to: C:\Users\alexl\.stmcufinder\plugins\mcufinder//mcu/
2024-05-22 12:14:56,887 [WARN] DbFile:41 - Overriding database path with different value: C:\Users\alexl\.stmcufinder\plugins\mcufinder/ => C:\Users\alexl\.stmcufinder\plugins\mcufinder
2024-05-22 12:14:56,887 [INFO] DbMcusAds:125 - Set database path to: C:\Users\alexl\.stmcufinder\plugins\mcufinder//mcu/
2024-05-22 12:14:56,887 [WARN] DbFile:41 - Overriding database path with different value: C:\Users\alexl\.stmcufinder\plugins\mcufinder/ => C:\Users\alexl\.stmcufinder\plugins\mcufinder
2024-05-22 12:14:56,887 [WARN] DbFile:41 - Overriding database path with different value: C:\Users\alexl\.stmcufinder\plugins\mcufinder/ => C:\Users\alexl\.stmcufinder\plugins\mcufinder
2024-05-22 12:14:56,887 [INFO] CrossReferenceDbSqlite:203 - Set database path to: C:\Users\alexl\.stmcufinder\plugins\mcufinder//mcu/cs/
2024-05-22 12:14:56,900 [INFO] ApplicationProperties:184 - Using Application install path: C:\ST\STM32CubeIDE_1.15.0\STM32CubeIDE\plugins\com.st.stm32cube.common.mx_6.11.0.202403141607
2024-05-22 12:14:56,901 [INFO] PluginManage:196 - Search for loadable plugins [exclusion list=, ]
2024-05-22 12:14:56,902 [INFO] PluginManage:310 - Check plugin analytics
2024-05-22 12:14:57,004 [INFO] AnalyticsPlugin:253 - Accepted Software Licenses: 
2024-05-22 12:14:57,004 [INFO] AnalyticsPlugin:255 - Accepted CMSIS Pack Licenses: 
2024-05-22 12:14:57,004 [INFO] AnalyticsPlugin:257 - Accepted Firmware Licenses: FW.F4.1.28.0
2024-05-22 12:14:57,006 [INFO] PluginManage:359 - Loaded plugin analytics (category:tool,tabindex:-1)
2024-05-22 12:14:57,006 [INFO] PluginManage:310 - Check plugin cadmodel
2024-05-22 12:14:57,016 [INFO] CADModel:105 - Init CAD model plugin
2024-05-22 12:14:57,017 [INFO] PluginManage:359 - Loaded plugin cadmodel (category:power,tabindex:5)
2024-05-22 12:14:57,017 [INFO] PluginManage:310 - Check plugin clock
2024-05-22 12:14:57,033 [INFO] PluginManage:359 - Loaded plugin clock (category:base,tabindex:2)
2024-05-22 12:14:57,034 [INFO] PluginManage:310 - Check plugin ddr
2024-05-22 12:14:57,035 [INFO] PluginManage:359 - Loaded plugin ddr (category:tool,tabindex:6)
2024-05-22 12:14:57,035 [INFO] PluginManage:310 - Check plugin filemanager
2024-05-22 12:14:57,134 [INFO] PluginManage:359 - Loaded plugin filemanager (category:base,tabindex:10)
2024-05-22 12:14:57,134 [INFO] PluginManage:310 - Check plugin ipmanager
2024-05-22 12:14:57,139 [INFO] PluginManage:359 - Loaded plugin ipmanager (category:base,tabindex:5)
2024-05-22 12:14:57,139 [INFO] PluginManage:310 - Check plugin lpbam
2024-05-22 12:14:57,152 [INFO] PluginManage:359 - Loaded plugin lpbam (category:base,tabindex:0)
2024-05-22 12:14:57,152 [INFO] PluginManage:310 - Check plugin memorymap
2024-05-22 12:14:57,167 [INFO] PluginManage:359 - Loaded plugin memorymap (category:base,tabindex:4)
2024-05-22 12:14:57,167 [INFO] PluginManage:310 - Check plugin pinoutandconfiguration
2024-05-22 12:14:57,180 [INFO] PluginManage:359 - Loaded plugin pinoutandconfiguration (category:base,tabindex:1)
2024-05-22 12:14:57,180 [INFO] PluginManage:310 - Check plugin pinoutconfig
2024-05-22 12:14:57,247 [WARN] SupportedApi:132 - Cannot load RTOS API schema: s4s-elt-must-match.1: The content of 'definitions' must match (annotation?, (simpleType | complexType)?, (unique | key | keyref)*)). A problem was found starting at: attribute.
2024-05-22 12:14:57,332 [INFO] PluginManage:359 - Loaded plugin pinoutconfig (category:base,tabindex:0)
2024-05-22 12:14:57,332 [INFO] PluginManage:310 - Check plugin power
2024-05-22 12:14:57,345 [INFO] PluginManage:359 - Loaded plugin power (category:power,tabindex:4)
2024-05-22 12:14:57,345 [INFO] PluginManage:310 - Check plugin projectmanager
2024-05-22 12:14:57,355 [INFO] PluginManage:359 - Loaded plugin projectmanager (category:projectmanager,tabindex:3)
2024-05-22 12:14:57,355 [INFO] PluginManage:310 - Check plugin thirdparty
2024-05-22 12:14:57,528 [INFO] PluginManage:359 - Loaded plugin thirdparty (category:base,tabindex:-1)
2024-05-22 12:14:57,528 [WARN] IntegrityCheckThread:84 - waiting for thirdparty lock release [integrity check]
2024-05-22 12:14:57,529 [INFO] PluginManage:310 - Check plugin tools
2024-05-22 12:14:57,529 [INFO] IntegrityCheckThread:86 - entering critical section [integrity check]
2024-05-22 12:14:57,529 [INFO] ThirdPartyUpdaterWithRetryManager:70 - Updater plugin not ready yet. [1/15]
2024-05-22 12:14:57,551 [INFO] PluginManage:359 - Loaded plugin tools (category:base,tabindex:7)
2024-05-22 12:14:57,551 [INFO] PluginManage:310 - Check plugin tutovideos
2024-05-22 12:14:57,680 [INFO] PluginManage:359 - Loaded plugin tutovideos (category:base,tabindex:-1)
2024-05-22 12:14:57,680 [INFO] PluginManage:310 - Check plugin updater
2024-05-22 12:14:57,687 [INFO] PluginManage:359 - Loaded plugin updater (category:base,tabindex:12)
2024-05-22 12:14:57,687 [INFO] PluginManage:310 - Check plugin userauth
2024-05-22 12:14:57,692 [INFO] UserAuth:114 - Init User Auth plugin
2024-05-22 12:14:57,692 [INFO] PluginManage:359 - Loaded plugin userauth (category:base,tabindex:14)
2024-05-22 12:14:57,692 [INFO] PluginManage:283 - PluginManage : Loaded plugins [17]
2024-05-22 12:14:57,837 [INFO] PinOutPanel:1561 - setPackage(No Configuration,No Configuration)
2024-05-22 12:14:57,887 [INFO] CADModel:165 - CPN selected for project level
2024-05-22 12:14:57,887 [INFO] CADModel:114 - Register for checkConnection events
2024-05-22 12:14:57,906 [INFO] IPUIPlugin:80 - create IPUIPlugin
2024-05-22 12:14:57,906 [INFO] PluginManager:220 - loadIPPluginJar : add adc
2024-05-22 12:14:57,929 [INFO] IPUIPlugin:80 - create IPUIPlugin
2024-05-22 12:14:57,930 [INFO] PluginManager:220 - loadIPPluginJar : add aes
2024-05-22 12:14:57,956 [INFO] IPUIPlugin:80 - create IPUIPlugin
2024-05-22 12:14:57,956 [INFO] PluginManager:220 - loadIPPluginJar : add can
2024-05-22 12:14:57,971 [INFO] IPUIPlugin:80 - create IPUIPlugin
2024-05-22 12:14:57,971 [INFO] PluginManager:220 - loadIPPluginJar : add comp
2024-05-22 12:14:57,992 [INFO] IPUIPlugin:80 - create IPUIPlugin
2024-05-22 12:14:57,992 [INFO] PluginManager:220 - loadIPPluginJar : add cryp
2024-05-22 12:14:58,012 [INFO] IPUIPlugin:80 - create IPUIPlugin
2024-05-22 12:14:58,012 [INFO] PluginManager:220 - loadIPPluginJar : add dfsdm
2024-05-22 12:14:58,022 [INFO] IPUIPlugin:80 - create IPUIPlugin
2024-05-22 12:14:58,023 [INFO] PluginManager:220 - loadIPPluginJar : add dma
2024-05-22 12:14:58,051 [INFO] IPUIPlugin:80 - create IPUIPlugin
2024-05-22 12:14:58,051 [INFO] PluginManager:220 - loadIPPluginJar : add dma3
2024-05-22 12:14:58,081 [INFO] IPUIPlugin:80 - create IPUIPlugin
2024-05-22 12:14:58,081 [INFO] PluginManager:220 - loadIPPluginJar : add extmemmanager
2024-05-22 12:14:58,095 [INFO] IPUIPlugin:80 - create IPUIPlugin
2024-05-22 12:14:58,095 [INFO] PluginManager:220 - loadIPPluginJar : add fatfs
2024-05-22 12:14:58,125 [INFO] IPUIPlugin:80 - create IPUIPlugin
2024-05-22 12:14:58,125 [INFO] PluginManager:220 - loadIPPluginJar : add fmc
2024-05-22 12:14:58,136 [INFO] IPUIPlugin:80 - create IPUIPlugin
2024-05-22 12:14:58,136 [INFO] PluginManager:220 - loadIPPluginJar : add freertos
2024-05-22 12:14:58,149 [INFO] IPUIPlugin:80 - create IPUIPlugin
2024-05-22 12:14:58,149 [INFO] PluginManager:220 - loadIPPluginJar : add genericplugin
2024-05-22 12:14:58,207 [INFO] IPUIPlugin:80 - create IPUIPlugin
2024-05-22 12:14:58,207 [INFO] PluginManager:220 - loadIPPluginJar : add gfxmmu
2024-05-22 12:14:58,288 [INFO] IPUIPlugin:80 - create IPUIPlugin
2024-05-22 12:14:58,288 [INFO] PluginManager:220 - loadIPPluginJar : add gic
2024-05-22 12:14:58,297 [INFO] IPUIPlugin:80 - create IPUIPlugin
2024-05-22 12:14:58,297 [INFO] PluginManager:220 - loadIPPluginJar : add gpio
2024-05-22 12:14:58,357 [INFO] IPUIPlugin:80 - create IPUIPlugin
2024-05-22 12:14:58,357 [INFO] PluginManager:220 - loadIPPluginJar : add gtzc
2024-05-22 12:14:58,378 [INFO] IPUIPlugin:80 - create IPUIPlugin
2024-05-22 12:14:58,378 [INFO] PluginManager:220 - loadIPPluginJar : add hash
2024-05-22 12:14:58,412 [INFO] IPUIPlugin:80 - create IPUIPlugin
2024-05-22 12:14:58,412 [INFO] PluginManager:220 - loadIPPluginJar : add i2c
2024-05-22 12:14:58,437 [INFO] IPUIPlugin:80 - create IPUIPlugin
2024-05-22 12:14:58,437 [INFO] PluginManager:220 - loadIPPluginJar : add i2s
2024-05-22 12:14:58,463 [INFO] IPUIPlugin:80 - create IPUIPlugin
2024-05-22 12:14:58,463 [INFO] PluginManager:220 - loadIPPluginJar : add i3c
2024-05-22 12:14:58,535 [INFO] IPUIPlugin:80 - create IPUIPlugin
2024-05-22 12:14:58,535 [INFO] PluginManager:220 - loadIPPluginJar : add ipddr
2024-05-22 12:14:58,598 [INFO] IPUIPlugin:80 - create IPUIPlugin
2024-05-22 12:14:58,598 [INFO] PluginManager:220 - loadIPPluginJar : add linkedlist
2024-05-22 12:14:58,622 [INFO] IPUIPlugin:80 - create IPUIPlugin
2024-05-22 12:14:58,622 [INFO] PluginManager:220 - loadIPPluginJar : add lorawan
2024-05-22 12:14:58,645 [INFO] IPUIPlugin:80 - create IPUIPlugin
2024-05-22 12:14:58,645 [INFO] PluginManager:220 - loadIPPluginJar : add ltdc
2024-05-22 12:14:58,657 [INFO] IPUIPlugin:80 - create IPUIPlugin
2024-05-22 12:14:58,657 [INFO] PluginManager:220 - loadIPPluginJar : add mdma
2024-05-22 12:14:58,666 [INFO] IPUIPlugin:80 - create IPUIPlugin
2024-05-22 12:14:58,666 [INFO] PluginManager:220 - loadIPPluginJar : add nvic
2024-05-22 12:14:58,691 [INFO] IPUIPlugin:80 - create IPUIPlugin
2024-05-22 12:14:58,691 [INFO] PluginManager:220 - loadIPPluginJar : add opamp
2024-05-22 12:14:58,733 [INFO] IPUIPlugin:80 - create IPUIPlugin
2024-05-22 12:14:58,733 [INFO] PluginManager:220 - loadIPPluginJar : add openamp
2024-05-22 12:14:58,761 [INFO] IPUIPlugin:80 - create IPUIPlugin
2024-05-22 12:14:58,761 [INFO] PluginManager:220 - loadIPPluginJar : add pdm2pcm
2024-05-22 12:14:58,772 [INFO] IPUIPlugin:80 - create IPUIPlugin
2024-05-22 12:14:58,773 [INFO] PluginManager:220 - loadIPPluginJar : add plateformsettings
2024-05-22 12:14:58,789 [INFO] IPUIPlugin:80 - create IPUIPlugin
2024-05-22 12:14:58,789 [INFO] PluginManager:220 - loadIPPluginJar : add quadspi
2024-05-22 12:14:58,798 [INFO] IPUIPlugin:80 - create IPUIPlugin
2024-05-22 12:14:58,798 [INFO] PluginManager:220 - loadIPPluginJar : add resmgrutility
2024-05-22 12:14:58,831 [INFO] IPUIPlugin:80 - create IPUIPlugin
2024-05-22 12:14:58,831 [INFO] PluginManager:220 - loadIPPluginJar : add sai
2024-05-22 12:14:58,854 [INFO] IPUIPlugin:80 - create IPUIPlugin
2024-05-22 12:14:58,854 [INFO] PluginManager:220 - loadIPPluginJar : add spi
2024-05-22 12:14:58,899 [INFO] IPUIPlugin:80 - create IPUIPlugin
2024-05-22 12:14:58,899 [INFO] PluginManager:220 - loadIPPluginJar : add stm32_wpan
2024-05-22 12:14:58,914 [INFO] IPUIPlugin:80 - create IPUIPlugin
2024-05-22 12:14:58,915 [INFO] PluginManager:220 - loadIPPluginJar : add tim
2024-05-22 12:14:58,954 [INFO] IPUIPlugin:80 - create IPUIPlugin
2024-05-22 12:14:58,954 [INFO] PluginManager:220 - loadIPPluginJar : add touchsensing
2024-05-22 12:14:58,969 [INFO] IPUIPlugin:80 - create IPUIPlugin
2024-05-22 12:14:58,969 [INFO] PluginManager:220 - loadIPPluginJar : add tracer_emb
2024-05-22 12:14:58,983 [INFO] IPUIPlugin:80 - create IPUIPlugin
2024-05-22 12:14:58,983 [INFO] PluginManager:220 - loadIPPluginJar : add ts
2024-05-22 12:14:58,999 [INFO] IPUIPlugin:80 - create IPUIPlugin
2024-05-22 12:14:58,999 [INFO] PluginManager:220 - loadIPPluginJar : add tsc
2024-05-22 12:14:59,014 [INFO] IPUIPlugin:80 - create IPUIPlugin
2024-05-22 12:14:59,014 [INFO] PluginManager:220 - loadIPPluginJar : add ucpd
2024-05-22 12:14:59,044 [INFO] IPUIPlugin:80 - create IPUIPlugin
2024-05-22 12:14:59,044 [INFO] PluginManager:220 - loadIPPluginJar : add usart
2024-05-22 12:14:59,075 [INFO] IPUIPlugin:80 - create IPUIPlugin
2024-05-22 12:14:59,076 [INFO] PluginManager:220 - loadIPPluginJar : add usbx
2024-05-22 12:14:59,189 [INFO] CADModel:165 - CPN selected for project level
2024-05-22 12:14:59,189 [INFO] CADModel:114 - Register for checkConnection events
2024-05-22 12:14:59,189 [FATAL] Updater:308 - Updater called before beeing initialized
2024-05-22 12:14:59,189 [ERROR] CADModel:125 - Updater not yet initialized, retry later 
2024-05-22 12:14:59,283 [INFO] CADModel:165 - CPN selected for project level
2024-05-22 12:14:59,283 [INFO] CADModel:114 - Register for checkConnection events
2024-05-22 12:14:59,283 [FATAL] Updater:308 - Updater called before beeing initialized
2024-05-22 12:14:59,283 [ERROR] CADModel:125 - Updater not yet initialized, retry later 
2024-05-22 12:14:59,285 [FATAL] Updater:308 - Updater called before beeing initialized
2024-05-22 12:14:59,353 [FATAL] Updater:308 - Updater called before beeing initialized
2024-05-22 12:14:59,360 [INFO] DbMcusAds:53 - JSON generation date=Wed Nov 29 12:52:27 EET 2023 (1701255147349)
2024-05-22 12:14:59,360 [FATAL] Updater:308 - Updater called before beeing initialized
2024-05-22 12:14:59,390 [WARN] DetailPanel:346 - Failed to get advertising image, set to default
2024-05-22 12:14:59,463 [FATAL] Updater:308 - Updater called before beeing initialized
2024-05-22 12:14:59,464 [FATAL] Updater:308 - Updater called before beeing initialized
2024-05-22 12:14:59,464 [FATAL] Updater:308 - Updater called before beeing initialized
2024-05-22 12:14:59,464 [WARN] DetailPanel:346 - Failed to get advertising image, set to default
2024-05-22 12:14:59,465 [FATAL] Updater:308 - Updater called before beeing initialized
2024-05-22 12:14:59,507 [ERROR] Updater:1120 - MainUpdater not yet initialized. External WinMGr cannot be set.
2024-05-22 12:14:59,513 [INFO] Updater:1056 - Updater Version found : 6.11.0
2024-05-22 12:14:59,529 [INFO] ApplicationProperties:184 - Using Application install path: C:\ST\STM32CubeIDE_1.15.0\STM32CubeIDE\plugins\com.st.stm32cube.common.mx_6.11.0.202403141607
2024-05-22 12:15:00,530 [INFO] ThirdPartyUpdaterWithRetryManager:70 - Updater plugin not ready yet. [2/15]
2024-05-22 12:15:01,100 [ERROR] LogOutputStream:75 - [STDERR_REDIRECT] May 22, 2024 12:15:01 PM java.util.prefs.WindowsPreferences <init>
2024-05-22 12:15:01,101 [ERROR] LogOutputStream:75 - [STDERR_REDIRECT] WARNING: Could not open/create prefs root node Software\JavaSoft\Prefs at root 0xffffffff80000002. Windows RegCreateKeyEx(...) returned error code 5.
2024-05-22 12:15:01,101 [ERROR] LogOutputStream:75 - [STDERR_REDIRECT] 
2024-05-22 12:15:01,299 [INFO] MainUpdater:2873 - connection check result : 10
2024-05-22 12:15:01,300 [INFO] MainUpdater:290 - Updater Check For Update Now.
2024-05-22 12:15:01,301 [INFO] MicroXplorer:498 - Change Database Version : DB.6.0.110
2024-05-22 12:15:01,310 [INFO] McuFinderGlobals:63 - Set McuFinder mode to 2 (CubeIDE integrated)
2024-05-22 12:15:01,310 [INFO] UserAuth:179 - activating auth plugin
2024-05-22 12:15:01,313 [INFO] UserAuth:415 - Internet connection configuration mode: 1
2024-05-22 12:15:01,330 [INFO] JxBrowserEngine:152 - Initiate JxBrowser Engine with user profile folder
2024-05-22 12:15:01,471 [INFO] CheckServerUpdateThread:120 - End of CheckServer Thread
2024-05-22 12:15:03,656 [WARN] PackLoader:240 - Cannot read IP mode file for STMicroelectronics.FP-SNS-MOTENVWB1.1.4.0
2024-05-22 12:15:03,669 [WARN] PackLoader:240 - Cannot read IP mode file for STMicroelectronics.X-CUBE-SMBUS.2.1.0
2024-05-22 12:15:03,678 [WARN] PackLoader:240 - Cannot read IP mode file for STMicroelectronics.X-CUBE-TOUCHGFX.4.23.2
2024-05-22 12:15:03,707 [WARN] PackLoader:240 - Cannot read IP mode file for STMicroelectronics.X-CUBE-AZRTOS-F7.1.1.0
2024-05-22 12:15:03,721 [WARN] PackLoader:240 - Cannot read IP mode file for STMicroelectronics.FP-SNS-FLIGHT1.5.0.2
2024-05-22 12:15:03,733 [WARN] PackLoader:240 - Cannot read IP mode file for STMicroelectronics.X-CUBE-DISPLAY.3.0.0
2024-05-22 12:15:03,749 [WARN] PackLoader:240 - Cannot read IP mode file for STMicroelectronics.X-CUBE-BLE1.7.0.0
2024-05-22 12:15:03,759 [WARN] PackLoader:240 - Cannot read IP mode file for emotas.I-CUBE-CANOPEN.1.3.0
2024-05-22 12:15:03,775 [WARN] PackLoader:240 - Cannot read IP mode file for STMicroelectronics.X-CUBE-BLEMGR.3.1.0
2024-05-22 12:15:03,786 [WARN] PackLoader:240 - Cannot read IP mode file for STMicroelectronics.FP-SNS-SMARTAG2.1.2.0
2024-05-22 12:15:03,802 [INFO] LogOutputStream:77 - [STDOUT_REDIRECT] 1 : Invalid condition id : UX_CORESTACK_Condition cause : null
2024-05-22 12:15:03,802 [INFO] LogOutputStream:77 - [STDOUT_REDIRECT] 1 : Invalid condition id : UX_CORESTACK_Condition cause : null
2024-05-22 12:15:03,803 [INFO] LogOutputStream:77 - [STDOUT_REDIRECT] 1 : Invalid condition id : UX_CORESTACK_Condition cause : null
2024-05-22 12:15:03,804 [INFO] LogOutputStream:77 - [STDOUT_REDIRECT] 1 : Invalid condition id : UX_CORESTACK_Condition cause : null
2024-05-22 12:15:03,804 [INFO] LogOutputStream:77 - [STDOUT_REDIRECT] 1 : Invalid condition id : UX_CORESTACK_Condition cause : null
2024-05-22 12:15:03,806 [WARN] PackLoader:240 - Cannot read IP mode file for STMicroelectronics.X-CUBE-AZRTOS-WL.2.0.0
2024-05-22 12:15:03,815 [WARN] PackLoader:240 - Cannot read IP mode file for STMicroelectronics.FP-SNS-MOTENV1.5.0.0
2024-05-22 12:15:03,827 [WARN] PackLoader:240 - Cannot read IP mode file for WES.I-CUBE-Cesium.1.3.0
2024-05-22 12:15:03,836 [WARN] PackLoader:240 - Cannot read IP mode file for STMicroelectronics.X-CUBE-BLE2.3.3.0
2024-05-22 12:15:03,844 [WARN] PackLoader:240 - Cannot read IP mode file for STMicroelectronics.X-CUBE-TCPP.4.1.0
2024-05-22 12:15:03,854 [WARN] PackLoader:240 - Cannot read IP mode file for STMicroelectronics.X-CUBE-ALGOBUILD.1.3.0
2024-05-22 12:15:03,872 [WARN] PackLoader:240 - Cannot read IP mode file for STMicroelectronics.X-CUBE-AZRTOS-G0.1.1.0
2024-05-22 12:15:03,881 [WARN] PackLoader:240 - Cannot read IP mode file for STMicroelectronics.X-CUBE-SAFEA1.1.2.2
2024-05-22 12:15:03,889 [WARN] PackLoader:240 - Cannot read IP mode file for STMicroelectronics.X-CUBE-NFC4.3.0.0
2024-05-22 12:15:03,897 [WARN] PackLoader:240 - Cannot read IP mode file for wolfSSL.I-CUBE-wolfSSL.5.7.0
2024-05-22 12:15:03,903 [WARN] PackLoader:240 - Cannot read IP mode file for STMicroelectronics.FP-ATR-SIGFOX1.3.2.0
2024-05-22 12:15:03,910 [WARN] PackLoader:240 - Cannot read IP mode file for STMicroelectronics.X-CUBE-EEPRMA1.5.1.0
2024-05-22 12:15:03,921 [WARN] PackLoader:240 - Cannot read IP mode file for ITTIA_DB.I-CUBE-ITTIADB.8.9.0
2024-05-22 12:15:03,943 [WARN] PackLoader:240 - Cannot read IP mode file for SEGGER.I-CUBE-embOS.1.3.1
2024-05-22 12:15:03,982 [WARN] PackLoader:240 - Cannot read IP mode file for STMicroelectronics.X-CUBE-ALGOBUILD.1.4.0
2024-05-22 12:15:03,994 [WARN] PackLoader:240 - Cannot read IP mode file for STMicroelectronics.X-CUBE-GNSS1.6.0.0
2024-05-22 12:15:04,021 [WARN] PackLoader:240 - Cannot read IP mode file for STMicroelectronics.X-CUBE-AZRTOS-F4.1.1.0
2024-05-22 12:15:04,035 [WARN] PackLoader:240 - Cannot read IP mode file for STMicroelectronics.X-CUBE-FREERTOS.1.2.0
2024-05-22 12:15:04,057 [WARN] PackLoader:240 - Cannot read IP mode file for STMicroelectronics.X-CUBE-AZRTOS-L5.2.0.0
2024-05-22 12:15:04,070 [WARN] PackLoader:240 - Cannot read IP mode file for STMicroelectronics.X-CUBE-NFC6.3.1.0
2024-05-22 12:15:04,081 [WARN] PackLoader:240 - Cannot read IP mode file for STMicroelectronics.X-CUBE-AI.9.0.0
2024-05-22 12:15:04,091 [WARN] PackLoader:240 - Cannot read IP mode file for STMicroelectronics.X-CUBE-NFC7.1.0.1
2024-05-22 12:15:04,117 [WARN] ConditionMgr:438 - getConditionDescription Invalid condition id : LAN8742 Phy interface Condition cause : null
2024-05-22 12:15:04,117 [WARN] PackLoader:240 - Cannot read IP mode file for STMicroelectronics.X-CUBE-AZRTOS-L4.2.0.0
2024-05-22 12:15:04,118 [WARN] ConditionMgr:1039 - genDependencies : Invalid condition id : LAN8742 Phy interface Condition cause : null
2024-05-22 12:15:04,118 [WARN] ConditionMgr:1039 - genDependencies : Invalid condition id : LAN8742 Phy interface Condition cause : null
2024-05-22 12:15:04,119 [WARN] ConditionMgr:1039 - genDependencies : Invalid condition id : LAN8742 Phy interface Condition cause : null
2024-05-22 12:15:04,130 [WARN] PackLoader:240 - Cannot read IP mode file for STMicroelectronics.X-CUBE-SFXS2LP1.4.0.0
2024-05-22 12:15:04,148 [WARN] ConditionMgr:438 - getConditionDescription Invalid condition id : UX DEVICE CLASS RTOS Condition cause : null
2024-05-22 12:15:04,148 [WARN] ConditionMgr:438 - getConditionDescription Invalid condition id : UX DEVICE CLASS RTOS Condition cause : null
2024-05-22 12:15:04,149 [WARN] PackLoader:240 - Cannot read IP mode file for STMicroelectronics.X-CUBE-AZRTOS-WB.2.0.0
2024-05-22 12:15:04,149 [WARN] ConditionMgr:1039 - genDependencies : Invalid condition id : UX DEVICE CLASS RTOS Condition cause : null
2024-05-22 12:15:04,149 [WARN] ConditionMgr:1039 - genDependencies : Invalid condition id : UX DEVICE CLASS RTOS Condition cause : null
2024-05-22 12:15:04,150 [WARN] ConditionMgr:1039 - genDependencies : Invalid condition id : UX DEVICE CLASS RTOS Condition cause : null
2024-05-22 12:15:04,150 [WARN] ConditionMgr:1039 - genDependencies : Invalid condition id : UX DEVICE CLASS RTOS Condition cause : null
2024-05-22 12:15:04,150 [WARN] ConditionMgr:1039 - genDependencies : Invalid condition id : UX DEVICE CLASS RTOS Condition cause : null
2024-05-22 12:15:04,175 [WARN] PackLoader:240 - Cannot read IP mode file for STMicroelectronics.X-CUBE-SUBG2.5.0.0
2024-05-22 12:15:04,187 [WARN] PackLoader:240 - Cannot read IP mode file for Cesanta.I-CUBE-Mongoose.7.13.0
2024-05-22 12:15:04,206 [WARN] PackLoader:240 - Cannot read IP mode file for STMicroelectronics.X-CUBE-AZRTOS-G4.2.0.0
2024-05-22 12:15:04,218 [WARN] PackLoader:240 - Cannot read IP mode file for STMicroelectronics.X-CUBE-ISPU.2.0.0
2024-05-22 12:15:04,229 [WARN] PackLoader:240 - Cannot read IP mode file for STMicroelectronics.X-CUBE-ALS.1.0.2
2024-05-22 12:15:04,268 [WARN] PackLoader:240 - Cannot read IP mode file for STMicroelectronics.X-CUBE-MEMS1.10.0.0
2024-05-22 12:15:04,356 [WARN] PackLoader:240 - Cannot read IP mode file for STMicroelectronics.X-CUBE-FREERTOS.1.1.0
2024-05-22 12:15:04,364 [WARN] PackLoader:240 - Cannot read IP mode file for portGmbH.I-Cube-SoM-uGOAL.1.1.0
2024-05-22 12:15:04,372 [WARN] PackLoader:240 - Cannot read IP mode file for STMicroelectronics.X-CUBE-ALS.1.0.1
2024-05-22 12:15:04,390 [WARN] PackLoader:240 - Cannot read IP mode file for STMicroelectronics.X-CUBE-AZRTOS-H7RS.1.0.0
2024-05-22 12:15:04,398 [WARN] PackLoader:240 - Cannot read IP mode file for STMicroelectronics.FP-ATR-ASTRA1.2.0.0
2024-05-22 12:15:04,410 [WARN] PackLoader:240 - Cannot read IP mode file for STMicroelectronics.X-CUBE-TOF1.3.4.1
2024-05-22 12:15:04,432 [WARN] PackLoader:240 - Cannot read IP mode file for STMicroelectronics.X-CUBE-AZRTOS-H7.3.2.0
2024-05-22 12:15:04,447 [WARN] PackLoader:240 - Cannot read IP mode file for Infineon.AIROC-Wi-Fi-Bluetooth-STM32.1.6.0
2024-05-22 12:15:04,449 [INFO] ThirdParty:978 - Integrity check success = true
2024-05-22 12:15:04,450 [INFO] IntegrityCheckThread:100 - exiting critical section [integrity check]
2024-05-22 12:15:04,450 [INFO] IntegrityCheckThread:103 - End integrity checks thread
2024-05-22 12:15:05,173 [INFO] WebApp:161 - Instantiating new browser for Auth
2024-05-22 12:15:05,557 [INFO] WebApp:779 - Register for checkConnection events
2024-05-22 12:15:05,557 [INFO] WebApp:414 - Apply proxy settings
2024-05-22 12:15:05,557 [INFO] WebApp:499 - Chromium requires no authentication
2024-05-22 12:15:05,563 [INFO] WebApp:442 - Direct internet connection detected
2024-05-22 12:15:05,678 [INFO] WebApp:192 - Starting web application
2024-05-22 12:15:05,678 [INFO] WebApp:544 - Web application path used C:\ST\STM32CubeIDE_1.15.0\STM32CubeIDE\plugins\com.st.stm32cube.common.mx_6.11.0.202403141607\db\plugins\mcufinder\reactClient1\index.html
2024-05-22 13:39:16,863 [ERROR] LogOutputStream:75 - [STDERR_REDIRECT] 
